<?xml version="1.0" encoding="UTF-8"?>
<coverage generated="1778396113960" clover="3.2.0">
  <project timestamp="1778396113960" name="All files">
    <metrics statements="1885" coveredstatements="1233" conditionals="699" coveredconditionals="365" methods="179" coveredmethods="93" elements="2763" coveredelements="1691" complexity="0" loc="1885" ncloc="1885" packages="1" files="3" classes="3"/>
    <file name="firebase-entry.ts" path="D:\Gym Final 16.04.2026\Gym\Backend\gym-retention-final\backend\src\firebase-entry.ts">
      <metrics statements="3" coveredstatements="0" conditionals="0" coveredconditionals="0" methods="0" coveredmethods="0"/>
      <line num="1" count="0" type="stmt"/>
      <line num="2" count="0" type="stmt"/>
      <line num="6" count="0" type="stmt"/>
    </file>
    <file name="server.ts" path="D:\Gym Final 16.04.2026\Gym\Backend\gym-retention-final\backend\src\server.ts">
      <metrics statements="1879" coveredstatements="1230" conditionals="699" coveredconditionals="365" methods="179" coveredmethods="93"/>
      <line num="1" count="16" type="stmt"/>
      <line num="2" count="16" type="stmt"/>
      <line num="3" count="16" type="stmt"/>
      <line num="4" count="16" type="stmt"/>
      <line num="5" count="16" type="stmt"/>
      <line num="6" count="16" type="stmt"/>
      <line num="7" count="16" type="stmt"/>
      <line num="8" count="16" type="stmt"/>
      <line num="9" count="16" type="stmt"/>
      <line num="10" count="16" type="stmt"/>
      <line num="11" count="16" type="stmt"/>
      <line num="12" count="16" type="stmt"/>
      <line num="13" count="16" type="stmt"/>
      <line num="14" count="16" type="stmt"/>
      <line num="15" count="16" type="stmt"/>
      <line num="16" count="16" type="stmt"/>
      <line num="17" count="16" type="stmt"/>
      <line num="18" count="16" type="stmt"/>
      <line num="19" count="16" type="stmt"/>
      <line num="21" count="16" type="stmt"/>
      <line num="27" count="16" type="cond" truecount="0" falsecount="1"/>
      <line num="28" count="0" type="stmt"/>
      <line num="33" count="0" type="stmt"/>
      <line num="40" count="16" type="stmt"/>
      <line num="49" count="16" type="stmt"/>
      <line num="50" count="16" type="cond" truecount="2" falsecount="0"/>
      <line num="51" count="16" type="cond" truecount="2" falsecount="1"/>
      <line num="52" count="0" type="stmt"/>
      <line num="53" count="0" type="cond" truecount="0" falsecount="1"/>
      <line num="54" count="0" type="stmt"/>
      <line num="55" count="0" type="stmt"/>
      <line num="58" count="0" type="cond" truecount="0" falsecount="3"/>
      <line num="59" count="0" type="stmt"/>
      <line num="60" count="0" type="stmt"/>
      <line num="62" count="0" type="cond" truecount="0" falsecount="3"/>
      <line num="63" count="0" type="stmt"/>
      <line num="64" count="0" type="stmt"/>
      <line num="72" count="16" type="cond" truecount="1" falsecount="1"/>
      <line num="78" count="16" type="stmt"/>
      <line num="90" count="16" type="stmt"/>
      <line num="91" count="16" type="stmt"/>
      <line num="92" count="16" type="cond" truecount="1" falsecount="1"/>
      <line num="94" count="0" type="stmt"/>
      <line num="95" count="0" type="stmt"/>
      <line num="96" count="0" type="stmt"/>
      <line num="97" count="16" type="cond" truecount="2" falsecount="1"/>
      <line num="99" count="0" type="stmt"/>
      <line num="100" count="0" type="stmt"/>
      <line num="103" count="0" type="stmt"/>
      <line num="124" count="16" type="stmt"/>
      <line num="136" count="16" type="stmt"/>
      <line num="143" count="16" type="stmt"/>
      <line num="149" count="16" type="stmt"/>
      <line num="155" count="16" type="stmt"/>
      <line num="162" count="16" type="stmt"/>
      <line num="163" count="16" type="stmt"/>
      <line num="164" count="16" type="stmt"/>
      <line num="165" count="16" type="stmt"/>
      <line num="171" count="16" type="stmt"/>
      <line num="178" count="16" type="stmt"/>
      <line num="179" count="0" type="stmt"/>
      <line num="183" count="16" type="stmt"/>
      <line num="185" count="16" type="stmt"/>
      <line num="186" count="16" type="stmt"/>
      <line num="187" count="16" type="stmt"/>
      <line num="188" count="16" type="stmt"/>
      <line num="189" count="16" type="stmt"/>
      <line num="190" count="16" type="stmt"/>
      <line num="192" count="16" type="stmt"/>
      <line num="206" count="16" type="stmt"/>
      <line num="218" count="16" type="stmt"/>
      <line num="219" count="16" type="stmt"/>
      <line num="232" count="16" type="stmt"/>
      <line num="247" count="16" type="stmt"/>
      <line num="248" count="16" type="stmt"/>
      <line num="249" count="16" type="stmt"/>
      <line num="251" count="16" type="stmt"/>
      <line num="253" count="16" type="stmt"/>
      <line num="254" count="16" type="stmt"/>
      <line num="257" count="16" type="stmt"/>
      <line num="259" count="16" type="stmt"/>
      <line num="260" count="16" type="stmt"/>
      <line num="262" count="16" type="stmt"/>
      <line num="263" count="16" type="stmt"/>
      <line num="264" count="16" type="stmt"/>
      <line num="265" count="16" type="stmt"/>
      <line num="266" count="16" type="stmt"/>
      <line num="268" count="16" type="stmt"/>
      <line num="270" count="16" type="stmt"/>
      <line num="273" count="16" type="stmt"/>
      <line num="275" count="16" type="stmt"/>
      <line num="276" count="16" type="stmt"/>
      <line num="277" count="16" type="stmt"/>
      <line num="278" count="16" type="stmt"/>
      <line num="281" count="16" type="stmt"/>
      <line num="287" count="16" type="stmt"/>
      <line num="291" count="16" type="stmt"/>
      <line num="292" count="16" type="stmt"/>
      <line num="293" count="16" type="stmt"/>
      <line num="294" count="16" type="stmt"/>
      <line num="297" count="16" type="stmt"/>
      <line num="314" count="16" type="stmt"/>
      <line num="315" count="16" type="stmt"/>
      <line num="320" count="16" type="stmt"/>
      <line num="321" count="16" type="stmt"/>
      <line num="323" count="16" type="stmt"/>
      <line num="326" count="16" type="stmt"/>
      <line num="327" count="16" type="stmt"/>
      <line num="328" count="0" type="stmt"/>
      <line num="329" count="0" type="stmt"/>
      <line num="330" count="0" type="stmt"/>
      <line num="331" count="0" type="stmt"/>
      <line num="335" count="16" type="stmt"/>
      <line num="336" count="16" type="stmt"/>
      <line num="337" count="0" type="stmt"/>
      <line num="338" count="0" type="stmt"/>
      <line num="339" count="0" type="stmt"/>
      <line num="340" count="0" type="stmt"/>
      <line num="344" count="16" type="stmt"/>
      <line num="345" count="16" type="stmt"/>
      <line num="346" count="0" type="stmt"/>
      <line num="347" count="0" type="stmt"/>
      <line num="348" count="0" type="stmt"/>
      <line num="349" count="0" type="stmt"/>
      <line num="352" count="16" type="stmt"/>
      <line num="353" count="16" type="cond" truecount="0" falsecount="1"/>
      <line num="354" count="0" type="stmt"/>
      <line num="357" count="0" type="stmt"/>
      <line num="371" count="16" type="stmt"/>
      <line num="372" count="16" type="stmt"/>
      <line num="373" count="0" type="stmt"/>
      <line num="374" count="0" type="cond" truecount="0" falsecount="1"/>
      <line num="387" count="16" type="stmt"/>
      <line num="393" count="0" type="cond" truecount="0" falsecount="3"/>
      <line num="394" count="0" type="stmt"/>
      <line num="395" count="0" type="stmt"/>
      <line num="402" count="0" type="stmt"/>
      <line num="405" count="0" type="cond" truecount="0" falsecount="1"/>
      <line num="406" count="0" type="stmt"/>
      <line num="408" count="0" type="stmt"/>
      <line num="416" count="3" type="stmt"/>
      <line num="420" count="3" type="stmt"/>
      <line num="424" count="3" type="cond" truecount="0" falsecount="1"/>
      <line num="425" count="3" type="stmt"/>
      <line num="426" count="3" type="cond" truecount="0" falsecount="1"/>
      <line num="427" count="3" type="cond" truecount="1" falsecount="0"/>
      <line num="428" count="1" type="stmt"/>
      <line num="433" count="1" type="stmt"/>
      <line num="434" count="1" type="stmt"/>
      <line num="435" count="8" type="stmt"/>
      <line num="436" count="1" type="stmt"/>
      <line num="441" count="16" type="stmt"/>
      <line num="442" count="16" type="stmt"/>
      <line num="443" count="4" type="cond" truecount="0" falsecount="1"/>
      <line num="444" count="4" type="stmt"/>
      <line num="445" count="4" type="stmt"/>
      <line num="446" count="4" type="cond" truecount="2" falsecount="0"/>
      <line num="447" count="4" type="cond" truecount="2" falsecount="1"/>
      <line num="448" count="4" type="stmt"/>
      <line num="449" count="4" type="stmt"/>
      <line num="451" count="0" type="stmt"/>
      <line num="457" count="0" type="stmt"/>
      <line num="460" count="16" type="stmt"/>
      <line num="461" count="4" type="stmt"/>
      <line num="462" count="4" type="cond" truecount="1" falsecount="0"/>
      <line num="463" count="4" type="stmt"/>
      <line num="464" count="4" type="stmt"/>
      <line num="466" count="0" type="cond" truecount="0" falsecount="2"/>
      <line num="467" count="0" type="stmt"/>
      <line num="468" count="0" type="stmt"/>
      <line num="469" count="0" type="stmt"/>
      <line num="471" count="0" type="stmt"/>
      <line num="472" count="0" type="stmt"/>
      <line num="480" count="16" type="stmt"/>
      <line num="484" count="16" type="stmt"/>
      <line num="491" count="16" type="stmt"/>
      <line num="495" count="16" type="stmt"/>
      <line num="499" count="16" type="stmt"/>
      <line num="504" count="16" type="stmt"/>
      <line num="512" count="16" type="stmt"/>
      <line num="519" count="16" type="stmt"/>
      <line num="533" count="16" type="stmt"/>
      <line num="538" count="16" type="stmt"/>
      <line num="549" count="16" type="stmt"/>
      <line num="556" count="16" type="stmt"/>
      <line num="562" count="16" type="stmt"/>
      <line num="575" count="16" type="stmt"/>
      <line num="587" count="16" type="stmt"/>
      <line num="591" count="16" type="stmt"/>
      <line num="593" count="16" type="stmt"/>
      <line num="594" count="16" type="stmt"/>
      <line num="595" count="16" type="cond" truecount="1" falsecount="1"/>
      <line num="600" count="16" type="stmt"/>
      <line num="601" count="319" type="cond" truecount="2" falsecount="0"/>
      <line num="602" count="319" type="cond" truecount="2" falsecount="1"/>
      <line num="605" count="319" type="stmt"/>
      <line num="608" count="16" type="stmt"/>
      <line num="609" count="16" type="stmt"/>
      <line num="615" count="16" type="stmt"/>
      <line num="622" count="0" type="stmt"/>
      <line num="623" count="0" type="stmt"/>
      <line num="624" count="0" type="stmt"/>
      <line num="628" count="16" type="stmt"/>
      <line num="638" count="16" type="stmt"/>
      <line num="639" count="192" type="stmt"/>
      <line num="640" count="50" type="stmt"/>
      <line num="641" count="50" type="stmt"/>
      <line num="642" count="33" type="stmt"/>
      <line num="643" count="33" type="stmt"/>
      <line num="645" count="17" type="cond" truecount="1" falsecount="0"/>
      <line num="646" count="17" type="stmt"/>
      <line num="648" count="26" type="stmt"/>
      <line num="654" count="0" type="stmt"/>
      <line num="663" count="16" type="stmt"/>
      <line num="664" count="319" type="stmt"/>
      <line num="665" count="319" type="stmt"/>
      <line num="666" count="319" type="stmt"/>
      <line num="667" count="319" type="stmt"/>
      <line num="673" count="319" type="stmt"/>
      <line num="681" count="319" type="stmt"/>
      <line num="688" count="16" type="stmt"/>
      <line num="689" count="228" type="stmt"/>
      <line num="690" count="228" type="stmt"/>
      <line num="691" count="228" type="cond" truecount="1" falsecount="0"/>
      <line num="692" count="40" type="stmt"/>
      <line num="695" count="188" type="stmt"/>
      <line num="696" count="187" type="cond" truecount="0" falsecount="1"/>
      <line num="697" count="0" type="stmt"/>
      <line num="701" count="187" type="stmt"/>
      <line num="702" count="187" type="stmt"/>
      <line num="706" count="187" type="cond" truecount="0" falsecount="1"/>
      <line num="707" count="0" type="stmt"/>
      <line num="709" count="187" type="cond" truecount="0" falsecount="1"/>
      <line num="710" count="0" type="stmt"/>
      <line num="714" count="0" type="cond" truecount="0" falsecount="1"/>
      <line num="717" count="187" type="stmt"/>
      <line num="718" count="187" type="stmt"/>
      <line num="719" count="187" type="stmt"/>
      <line num="721" count="1" type="stmt"/>
      <line num="722" count="1" type="stmt"/>
      <line num="726" count="16" type="stmt"/>
      <line num="727" count="688" type="stmt"/>
      <line num="728" count="175" type="cond" truecount="0" falsecount="1"/>
      <line num="729" count="0" type="stmt"/>
      <line num="731" count="175" type="stmt"/>
      <line num="733" count="175" type="cond" truecount="2" falsecount="2"/>
      <line num="734" count="0" type="stmt"/>
      <line num="736" count="175" type="cond" truecount="1" falsecount="0"/>
      <line num="737" count="37" type="stmt"/>
      <line num="739" count="138" type="stmt"/>
      <line num="744" count="16" type="stmt"/>
      <line num="745" count="0" type="cond" truecount="0" falsecount="3"/>
      <line num="746" count="0" type="stmt"/>
      <line num="748" count="0" type="stmt"/>
      <line num="755" count="16" type="stmt"/>
      <line num="756" count="1" type="cond" truecount="1" falsecount="1"/>
      <line num="757" count="1" type="cond" truecount="1" falsecount="1"/>
      <line num="758" count="1" type="stmt"/>
      <line num="761" count="1" type="cond" truecount="1" falsecount="2"/>
      <line num="762" count="0" type="stmt"/>
      <line num="766" count="1" type="stmt"/>
      <line num="767" count="1" type="cond" truecount="2" falsecount="0"/>
      <line num="768" count="1" type="cond" truecount="1" falsecount="1"/>
      <line num="769" count="0" type="stmt"/>
      <line num="774" count="0" type="cond" truecount="0" falsecount="2"/>
      <line num="775" count="0" type="cond" truecount="0" falsecount="2"/>
      <line num="776" count="0" type="cond" truecount="0" falsecount="2"/>
      <line num="777" count="0" type="stmt"/>
      <line num="778" count="1" type="cond" truecount="3" falsecount="1"/>
      <line num="779" count="0" type="stmt"/>
      <line num="780" count="1" type="cond" truecount="1" falsecount="1"/>
      <line num="781" count="0" type="stmt"/>
      <line num="782" count="1" type="cond" truecount="1" falsecount="1"/>
      <line num="783" count="0" type="stmt"/>
      <line num="784" count="1" type="cond" truecount="4" falsecount="1"/>
      <line num="785" count="0" type="stmt"/>
      <line num="786" count="1" type="cond" truecount="3" falsecount="1"/>
      <line num="788" count="0" type="stmt"/>
      <line num="789" count="1" type="cond" truecount="1" falsecount="2"/>
      <line num="790" count="0" type="stmt"/>
      <line num="793" count="1" type="stmt"/>
      <line num="803" count="16" type="stmt"/>
      <line num="807" count="16" type="stmt"/>
      <line num="809" count="16" type="stmt"/>
      <line num="815" count="16" type="stmt"/>
      <line num="816" count="4" type="stmt"/>
      <line num="825" count="16" type="stmt"/>
      <line num="826" count="16" type="stmt"/>
      <line num="828" count="16" type="stmt"/>
      <line num="829" count="0" type="stmt"/>
      <line num="830" count="0" type="stmt"/>
      <line num="841" count="16" type="stmt"/>
      <line num="842" count="3" type="stmt"/>
      <line num="843" count="3" type="stmt"/>
      <line num="846" count="3" type="stmt"/>
      <line num="850" count="3" type="cond" truecount="1" falsecount="0"/>
      <line num="851" count="1" type="stmt"/>
      <line num="855" count="2" type="stmt"/>
      <line num="859" count="2" type="cond" truecount="1" falsecount="0"/>
      <line num="860" count="1" type="stmt"/>
      <line num="863" count="1" type="stmt"/>
      <line num="864" count="1" type="stmt"/>
      <line num="867" count="1" type="stmt"/>
      <line num="868" count="1" type="stmt"/>
      <line num="871" count="1" type="stmt"/>
      <line num="892" count="1" type="stmt"/>
      <line num="895" count="1" type="stmt"/>
      <line num="911" count="1" type="stmt"/>
      <line num="913" count="1" type="stmt"/>
      <line num="918" count="0" type="stmt"/>
      <line num="925" count="16" type="stmt"/>
      <line num="926" count="6" type="stmt"/>
      <line num="927" count="6" type="stmt"/>
      <line num="928" count="6" type="cond" truecount="3" falsecount="0"/>
      <line num="929" count="1" type="stmt"/>
      <line num="932" count="5" type="stmt"/>
      <line num="938" count="5" type="cond" truecount="1" falsecount="0"/>
      <line num="939" count="1" type="stmt"/>
      <line num="942" count="4" type="stmt"/>
      <line num="944" count="4" type="cond" truecount="0" falsecount="1"/>
      <line num="945" count="0" type="stmt"/>
      <line num="946" count="0" type="stmt"/>
      <line num="950" count="4" type="cond" truecount="1" falsecount="0"/>
      <line num="951" count="1" type="stmt"/>
      <line num="955" count="3" type="cond" truecount="1" falsecount="0"/>
      <line num="956" count="1" type="stmt"/>
      <line num="960" count="2" type="stmt"/>
      <line num="964" count="2" type="cond" truecount="1" falsecount="0"/>
      <line num="965" count="1" type="stmt"/>
      <line num="968" count="1" type="stmt"/>
      <line num="973" count="1" type="stmt"/>
      <line num="974" count="1" type="stmt"/>
      <line num="976" count="0" type="stmt"/>
      <line num="983" count="16" type="stmt"/>
      <line num="984" count="3" type="stmt"/>
      <line num="985" count="3" type="stmt"/>
      <line num="986" count="3" type="cond" truecount="1" falsecount="0"/>
      <line num="988" count="2" type="stmt"/>
      <line num="992" count="2" type="cond" truecount="1" falsecount="0"/>
      <line num="993" count="1" type="stmt"/>
      <line num="995" count="1" type="stmt"/>
      <line num="996" count="1" type="cond" truecount="0" falsecount="1"/>
      <line num="997" count="0" type="stmt"/>
      <line num="1001" count="1" type="stmt"/>
      <line num="1002" count="1" type="stmt"/>
      <line num="1003" count="1" type="stmt"/>
      <line num="1008" count="1" type="stmt"/>
      <line num="1023" count="1" type="stmt"/>
      <line num="1024" count="1" type="stmt"/>
      <line num="1026" count="0" type="stmt"/>
      <line num="1034" count="16" type="stmt"/>
      <line num="1035" count="2" type="stmt"/>
      <line num="1036" count="2" type="cond" truecount="1" falsecount="0"/>
      <line num="1037" count="2" type="stmt"/>
      <line num="1040" count="0" type="stmt"/>
      <line num="1041" count="0" type="cond" truecount="0" falsecount="1"/>
      <line num="1042" count="0" type="stmt"/>
      <line num="1044" count="0" type="stmt"/>
      <line num="1048" count="0" type="stmt"/>
      <line num="1049" count="0" type="stmt"/>
      <line num="1051" count="0" type="stmt"/>
      <line num="1054" count="0" type="stmt"/>
      <line num="1055" count="0" type="cond" truecount="0" falsecount="1"/>
      <line num="1056" count="0" type="stmt"/>
      <line num="1059" count="0" type="stmt"/>
      <line num="1064" count="0" type="cond" truecount="0" falsecount="1"/>
      <line num="1065" count="0" type="stmt"/>
      <line num="1068" count="0" type="stmt"/>
      <line num="1070" count="0" type="cond" truecount="0" falsecount="1"/>
      <line num="1071" count="0" type="stmt"/>
      <line num="1072" count="0" type="stmt"/>
      <line num="1075" count="0" type="cond" truecount="0" falsecount="1"/>
      <line num="1076" count="0" type="stmt"/>
      <line num="1080" count="0" type="stmt"/>
      <line num="1081" count="0" type="cond" truecount="0" falsecount="1"/>
      <line num="1082" count="0" type="stmt"/>
      <line num="1089" count="0" type="stmt"/>
      <line num="1090" count="0" type="stmt"/>
      <line num="1091" count="0" type="stmt"/>
      <line num="1094" count="0" type="stmt"/>
      <line num="1098" count="0" type="cond" truecount="0" falsecount="1"/>
      <line num="1099" count="0" type="stmt"/>
      <line num="1100" count="0" type="stmt"/>
      <line num="1101" count="0" type="stmt"/>
      <line num="1104" count="0" type="stmt"/>
      <line num="1108" count="0" type="cond" truecount="0" falsecount="1"/>
      <line num="1109" count="0" type="stmt"/>
      <line num="1110" count="0" type="stmt"/>
      <line num="1111" count="0" type="stmt"/>
      <line num="1114" count="0" type="stmt"/>
      <line num="1115" count="0" type="stmt"/>
      <line num="1117" count="0" type="stmt"/>
      <line num="1118" count="0" type="stmt"/>
      <line num="1125" count="0" type="stmt"/>
      <line num="1128" count="0" type="stmt"/>
      <line num="1134" count="0" type="stmt"/>
      <line num="1136" count="0" type="stmt"/>
      <line num="1137" count="0" type="stmt"/>
      <line num="1139" count="0" type="stmt"/>
      <line num="1144" count="0" type="stmt"/>
      <line num="1151" count="0" type="stmt"/>
      <line num="1159" count="0" type="stmt"/>
      <line num="1161" count="0" type="stmt"/>
      <line num="1172" count="0" type="stmt"/>
      <line num="1173" count="0" type="stmt"/>
      <line num="1175" count="0" type="stmt"/>
      <line num="1178" count="0" type="stmt"/>
      <line num="1187" count="16" type="stmt"/>
      <line num="1188" count="0" type="stmt"/>
      <line num="1189" count="0" type="cond" truecount="0" falsecount="1"/>
      <line num="1190" count="0" type="stmt"/>
      <line num="1192" count="0" type="stmt"/>
      <line num="1193" count="0" type="stmt"/>
      <line num="1194" count="0" type="stmt"/>
      <line num="1200" count="0" type="cond" truecount="0" falsecount="1"/>
      <line num="1201" count="0" type="stmt"/>
      <line num="1203" count="0" type="stmt"/>
      <line num="1204" count="0" type="stmt"/>
      <line num="1205" count="0" type="stmt"/>
      <line num="1207" count="0" type="cond" truecount="0" falsecount="4"/>
      <line num="1208" count="0" type="stmt"/>
      <line num="1209" count="0" type="cond" truecount="0" falsecount="3"/>
      <line num="1210" count="0" type="stmt"/>
      <line num="1213" count="0" type="stmt"/>
      <line num="1220" count="0" type="stmt"/>
      <line num="1230" count="0" type="stmt"/>
      <line num="1233" count="0" type="stmt"/>
      <line num="1238" count="16" type="stmt"/>
      <line num="1239" count="0" type="stmt"/>
      <line num="1240" count="0" type="cond" truecount="0" falsecount="1"/>
      <line num="1241" count="0" type="stmt"/>
      <line num="1243" count="0" type="stmt"/>
      <line num="1244" count="0" type="stmt"/>
      <line num="1246" count="0" type="stmt"/>
      <line num="1247" count="0" type="stmt"/>
      <line num="1248" count="0" type="stmt"/>
      <line num="1249" count="0" type="cond" truecount="0" falsecount="1"/>
      <line num="1251" count="0" type="stmt"/>
      <line num="1258" count="0" type="stmt"/>
      <line num="1270" count="0" type="stmt"/>
      <line num="1273" count="0" type="stmt"/>
      <line num="1278" count="16" type="stmt"/>
      <line num="1279" count="0" type="stmt"/>
      <line num="1280" count="0" type="cond" truecount="0" falsecount="1"/>
      <line num="1281" count="0" type="stmt"/>
      <line num="1283" count="0" type="stmt"/>
      <line num="1286" count="0" type="stmt"/>
      <line num="1291" count="0" type="cond" truecount="0" falsecount="1"/>
      <line num="1292" count="0" type="stmt"/>
      <line num="1293" count="0" type="stmt"/>
      <line num="1296" count="0" type="stmt"/>
      <line num="1297" count="0" type="stmt"/>
      <line num="1298" count="0" type="stmt"/>
      <line num="1300" count="0" type="stmt"/>
      <line num="1301" count="0" type="stmt"/>
      <line num="1302" count="0" type="stmt"/>
      <line num="1304" count="0" type="stmt"/>
      <line num="1313" count="0" type="stmt"/>
      <line num="1320" count="0" type="stmt"/>
      <line num="1322" count="0" type="stmt"/>
      <line num="1324" count="0" type="stmt"/>
      <line num="1333" count="0" type="stmt"/>
      <line num="1334" count="0" type="stmt"/>
      <line num="1336" count="0" type="stmt"/>
      <line num="1339" count="0" type="stmt"/>
      <line num="1347" count="16" type="stmt"/>
      <line num="1348" count="5" type="stmt"/>
      <line num="1349" count="5" type="stmt"/>
      <line num="1350" count="5" type="stmt"/>
      <line num="1352" count="5" type="stmt"/>
      <line num="1353" count="5" type="stmt"/>
      <line num="1359" count="5" type="stmt"/>
      <line num="1361" count="5" type="cond" truecount="0" falsecount="1"/>
      <line num="1362" count="0" type="stmt"/>
      <line num="1363" count="0" type="stmt"/>
      <line num="1366" count="5" type="stmt"/>
      <line num="1368" count="5" type="cond" truecount="1" falsecount="0"/>
      <line num="1369" count="1" type="stmt"/>
      <line num="1370" count="1" type="stmt"/>
      <line num="1373" count="4" type="stmt"/>
      <line num="1374" count="4" type="stmt"/>
      <line num="1376" count="4" type="cond" truecount="1" falsecount="0"/>
      <line num="1377" count="1" type="stmt"/>
      <line num="1378" count="1" type="stmt"/>
      <line num="1382" count="3" type="stmt"/>
      <line num="1383" count="3" type="stmt"/>
      <line num="1384" count="3" type="stmt"/>
      <line num="1387" count="3" type="stmt"/>
      <line num="1390" count="0" type="cond" truecount="0" falsecount="2"/>
      <line num="1391" count="0" type="stmt"/>
      <line num="1394" count="0" type="stmt"/>
      <line num="1395" count="0" type="stmt"/>
      <line num="1397" count="3" type="cond" truecount="0" falsecount="1"/>
      <line num="1398" count="0" type="stmt"/>
      <line num="1399" count="0" type="stmt"/>
      <line num="1401" count="3" type="cond" truecount="0" falsecount="1"/>
      <line num="1402" count="0" type="stmt"/>
      <line num="1403" count="0" type="stmt"/>
      <line num="1407" count="3" type="cond" truecount="0" falsecount="1"/>
      <line num="1408" count="0" type="stmt"/>
      <line num="1412" count="0" type="cond" truecount="0" falsecount="2"/>
      <line num="1419" count="3" type="cond" truecount="1" falsecount="0"/>
      <line num="1421" count="2" type="stmt"/>
      <line num="1422" count="2" type="stmt"/>
      <line num="1426" count="2" type="stmt"/>
      <line num="1430" count="2" type="cond" truecount="1" falsecount="0"/>
      <line num="1431" count="1" type="stmt"/>
      <line num="1432" count="1" type="stmt"/>
      <line num="1441" count="1" type="stmt"/>
      <line num="1446" count="2" type="cond" truecount="1" falsecount="0"/>
      <line num="1447" count="1" type="stmt"/>
      <line num="1454" count="3" type="stmt"/>
      <line num="1464" count="3" type="stmt"/>
      <line num="1470" count="3" type="stmt"/>
      <line num="1472" count="3" type="stmt"/>
      <line num="1484" count="5" type="stmt"/>
      <line num="1487" count="0" type="stmt"/>
      <line num="1497" count="16" type="stmt"/>
      <line num="1498" count="3" type="stmt"/>
      <line num="1499" count="3" type="stmt"/>
      <line num="1500" count="3" type="cond" truecount="1" falsecount="0"/>
      <line num="1501" count="1" type="stmt"/>
      <line num="1505" count="2" type="stmt"/>
      <line num="1506" count="2" type="stmt"/>
      <line num="1508" count="1" type="stmt"/>
      <line num="1512" count="1" type="stmt"/>
      <line num="1516" count="1" type="cond" truecount="0" falsecount="1"/>
      <line num="1517" count="0" type="stmt"/>
      <line num="1520" count="1" type="stmt"/>
      <line num="1523" count="1" type="cond" truecount="0" falsecount="1"/>
      <line num="1524" count="0" type="stmt"/>
      <line num="1528" count="0" type="cond" truecount="0" falsecount="2"/>
      <line num="1531" count="1" type="stmt"/>
      <line num="1536" count="1" type="stmt"/>
      <line num="1542" count="1" type="stmt"/>
      <line num="1544" count="0" type="stmt"/>
      <line num="1553" count="16" type="stmt"/>
      <line num="1554" count="0" type="stmt"/>
      <line num="1555" count="0" type="cond" truecount="0" falsecount="1"/>
      <line num="1556" count="0" type="stmt"/>
      <line num="1557" count="0" type="cond" truecount="0" falsecount="1"/>
      <line num="1560" count="0" type="stmt"/>
      <line num="1561" count="0" type="stmt"/>
      <line num="1563" count="0" type="stmt"/>
      <line num="1566" count="0" type="stmt"/>
      <line num="1567" count="0" type="cond" truecount="0" falsecount="1"/>
      <line num="1569" count="0" type="stmt"/>
      <line num="1581" count="0" type="cond" truecount="0" falsecount="1"/>
      <line num="1582" count="0" type="stmt"/>
      <line num="1586" count="0" type="cond" truecount="0" falsecount="1"/>
      <line num="1587" count="0" type="stmt"/>
      <line num="1591" count="0" type="stmt"/>
      <line num="1602" count="0" type="stmt"/>
      <line num="1603" count="0" type="stmt"/>
      <line num="1609" count="0" type="stmt"/>
      <line num="1617" count="0" type="stmt"/>
      <line num="1622" count="16" type="stmt"/>
      <line num="1623" count="0" type="stmt"/>
      <line num="1624" count="0" type="cond" truecount="0" falsecount="1"/>
      <line num="1625" count="0" type="stmt"/>
      <line num="1626" count="0" type="cond" truecount="0" falsecount="3"/>
      <line num="1629" count="0" type="stmt"/>
      <line num="1630" count="0" type="stmt"/>
      <line num="1632" count="0" type="stmt"/>
      <line num="1633" count="0" type="stmt"/>
      <line num="1639" count="0" type="cond" truecount="0" falsecount="1"/>
      <line num="1641" count="0" type="stmt"/>
      <line num="1642" count="0" type="stmt"/>
      <line num="1647" count="0" type="stmt"/>
      <line num="1655" count="0" type="stmt"/>
      <line num="1662" count="16" type="stmt"/>
      <line num="1663" count="0" type="stmt"/>
      <line num="1664" count="0" type="cond" truecount="0" falsecount="1"/>
      <line num="1665" count="0" type="stmt"/>
      <line num="1666" count="0" type="cond" truecount="0" falsecount="3"/>
      <line num="1667" count="0" type="stmt"/>
      <line num="1671" count="0" type="stmt"/>
      <line num="1672" count="0" type="stmt"/>
      <line num="1674" count="0" type="stmt"/>
      <line num="1675" count="0" type="cond" truecount="0" falsecount="1"/>
      <line num="1677" count="0" type="stmt"/>
      <line num="1678" count="0" type="stmt"/>
      <line num="1680" count="0" type="stmt"/>
      <line num="1687" count="0" type="cond" truecount="0" falsecount="1"/>
      <line num="1688" count="0" type="stmt"/>
      <line num="1690" count="0" type="stmt"/>
      <line num="1694" count="0" type="stmt"/>
      <line num="1696" count="0" type="cond" truecount="0" falsecount="2"/>
      <line num="1698" count="0" type="stmt"/>
      <line num="1702" count="0" type="stmt"/>
      <line num="1705" count="0" type="stmt"/>
      <line num="1709" count="0" type="cond" truecount="0" falsecount="2"/>
      <line num="1710" count="0" type="stmt"/>
      <line num="1712" count="0" type="stmt"/>
      <line num="1717" count="0" type="stmt"/>
      <line num="1719" count="0" type="stmt"/>
      <line num="1725" count="0" type="stmt"/>
      <line num="1727" count="0" type="stmt"/>
      <line num="1733" count="0" type="stmt"/>
      <line num="1741" count="0" type="stmt"/>
      <line num="1744" count="0" type="stmt"/>
      <line num="1752" count="16" type="stmt"/>
      <line num="1753" count="4" type="stmt"/>
      <line num="1754" count="4" type="stmt"/>
      <line num="1755" count="4" type="cond" truecount="1" falsecount="0"/>
      <line num="1756" count="2" type="stmt"/>
      <line num="1758" count="2" type="stmt"/>
      <line num="1761" count="2" type="stmt"/>
      <line num="1766" count="2" type="cond" truecount="1" falsecount="0"/>
      <line num="1767" count="1" type="stmt"/>
      <line num="1770" count="1" type="stmt"/>
      <line num="1771" count="1" type="stmt"/>
      <line num="1772" count="1" type="stmt"/>
      <line num="1775" count="1" type="stmt"/>
      <line num="1776" count="1" type="stmt"/>
      <line num="1781" count="1" type="stmt"/>
      <line num="1797" count="1" type="stmt"/>
      <line num="1798" count="1" type="stmt"/>
      <line num="1800" count="0" type="stmt"/>
      <line num="1805" count="16" type="stmt"/>
      <line num="1806" count="6" type="stmt"/>
      <line num="1807" count="6" type="stmt"/>
      <line num="1808" count="6" type="cond" truecount="3" falsecount="0"/>
      <line num="1809" count="1" type="stmt"/>
      <line num="1812" count="5" type="stmt"/>
      <line num="1816" count="5" type="cond" truecount="1" falsecount="0"/>
      <line num="1817" count="1" type="stmt"/>
      <line num="1820" count="4" type="stmt"/>
      <line num="1821" count="4" type="stmt"/>
      <line num="1826" count="4" type="cond" truecount="1" falsecount="0"/>
      <line num="1827" count="1" type="stmt"/>
      <line num="1830" count="3" type="stmt"/>
      <line num="1832" count="3" type="cond" truecount="1" falsecount="0"/>
      <line num="1833" count="1" type="stmt"/>
      <line num="1836" count="2" type="cond" truecount="0" falsecount="1"/>
      <line num="1837" count="0" type="stmt"/>
      <line num="1840" count="2" type="stmt"/>
      <line num="1841" count="2" type="stmt"/>
      <line num="1842" count="2" type="stmt"/>
      <line num="1843" count="2" type="stmt"/>
      <line num="1847" count="0" type="stmt"/>
      <line num="1849" count="2" type="cond" truecount="1" falsecount="0"/>
      <line num="1850" count="1" type="stmt"/>
      <line num="1854" count="1" type="stmt"/>
      <line num="1855" count="1" type="stmt"/>
      <line num="1856" count="1" type="stmt"/>
      <line num="1861" count="1" type="stmt"/>
      <line num="1862" count="1" type="stmt"/>
      <line num="1864" count="0" type="stmt"/>
      <line num="1868" count="16" type="stmt"/>
      <line num="1869" count="5" type="stmt"/>
      <line num="1870" count="5" type="stmt"/>
      <line num="1871" count="5" type="cond" truecount="1" falsecount="0"/>
      <line num="1872" count="1" type="cond" truecount="1" falsecount="1"/>
      <line num="1873" count="1" type="stmt"/>
      <line num="1875" count="4" type="stmt"/>
      <line num="1877" count="4" type="stmt"/>
      <line num="1878" count="4" type="stmt"/>
      <line num="1879" count="4" type="stmt"/>
      <line num="1884" count="4" type="cond" truecount="1" falsecount="0"/>
      <line num="1885" count="1" type="stmt"/>
      <line num="1888" count="3" type="stmt"/>
      <line num="1890" count="3" type="cond" truecount="1" falsecount="0"/>
      <line num="1891" count="1" type="stmt"/>
      <line num="1894" count="2" type="cond" truecount="1" falsecount="0"/>
      <line num="1895" count="1" type="stmt"/>
      <line num="1896" count="1" type="stmt"/>
      <line num="1899" count="1" type="stmt"/>
      <line num="1901" count="1" type="stmt"/>
      <line num="1906" count="1" type="stmt"/>
      <line num="1911" count="1" type="stmt"/>
      <line num="1912" count="1" type="stmt"/>
      <line num="1914" count="4" type="stmt"/>
      <line num="1917" count="0" type="stmt"/>
      <line num="1927" count="16" type="stmt"/>
      <line num="1928" count="4" type="stmt"/>
      <line num="1929" count="4" type="stmt"/>
      <line num="1930" count="4" type="cond" truecount="1" falsecount="0"/>
      <line num="1931" count="2" type="stmt"/>
      <line num="1933" count="2" type="stmt"/>
      <line num="1935" count="2" type="stmt"/>
      <line num="1936" count="2" type="stmt"/>
      <line num="1938" count="2" type="stmt"/>
      <line num="1942" count="2" type="cond" truecount="1" falsecount="0"/>
      <line num="1944" count="1" type="stmt"/>
      <line num="1948" count="1" type="stmt"/>
      <line num="1950" count="1" type="stmt"/>
      <line num="1951" count="1" type="stmt"/>
      <line num="1953" count="1" type="stmt"/>
      <line num="1958" count="1" type="stmt"/>
      <line num="1971" count="1" type="stmt"/>
      <line num="1972" count="1" type="stmt"/>
      <line num="1974" count="2" type="stmt"/>
      <line num="1977" count="0" type="stmt"/>
      <line num="1981" count="16" type="stmt"/>
      <line num="1982" count="5" type="stmt"/>
      <line num="1983" count="5" type="stmt"/>
      <line num="1984" count="5" type="cond" truecount="1" falsecount="0"/>
      <line num="1985" count="1" type="cond" truecount="1" falsecount="1"/>
      <line num="1986" count="1" type="stmt"/>
      <line num="1988" count="4" type="stmt"/>
      <line num="1990" count="4" type="stmt"/>
      <line num="1991" count="4" type="stmt"/>
      <line num="1992" count="4" type="stmt"/>
      <line num="1997" count="4" type="cond" truecount="1" falsecount="0"/>
      <line num="1998" count="1" type="stmt"/>
      <line num="2001" count="3" type="stmt"/>
      <line num="2003" count="3" type="cond" truecount="1" falsecount="0"/>
      <line num="2004" count="1" type="stmt"/>
      <line num="2007" count="2" type="cond" truecount="1" falsecount="0"/>
      <line num="2008" count="1" type="stmt"/>
      <line num="2009" count="1" type="stmt"/>
      <line num="2013" count="1" type="stmt"/>
      <line num="2016" count="1" type="stmt"/>
      <line num="2021" count="1" type="stmt"/>
      <line num="2022" count="1" type="stmt"/>
      <line num="2024" count="4" type="stmt"/>
      <line num="2027" count="0" type="stmt"/>
      <line num="2038" count="16" type="stmt"/>
      <line num="2039" count="2" type="stmt"/>
      <line num="2040" count="2" type="cond" truecount="1" falsecount="0"/>
      <line num="2041" count="2" type="stmt"/>
      <line num="2044" count="0" type="stmt"/>
      <line num="2045" count="0" type="cond" truecount="0" falsecount="3"/>
      <line num="2046" count="0" type="stmt"/>
      <line num="2048" count="0" type="cond" truecount="0" falsecount="1"/>
      <line num="2049" count="0" type="stmt"/>
      <line num="2054" count="0" type="stmt"/>
      <line num="2055" count="0" type="stmt"/>
      <line num="2057" count="0" type="stmt"/>
      <line num="2060" count="0" type="stmt"/>
      <line num="2061" count="0" type="cond" truecount="0" falsecount="1"/>
      <line num="2062" count="0" type="stmt"/>
      <line num="2066" count="0" type="stmt"/>
      <line num="2074" count="0" type="cond" truecount="0" falsecount="1"/>
      <line num="2075" count="0" type="stmt"/>
      <line num="2078" count="0" type="stmt"/>
      <line num="2081" count="0" type="stmt"/>
      <line num="2082" count="0" type="stmt"/>
      <line num="2083" count="0" type="stmt"/>
      <line num="2087" count="0" type="stmt"/>
      <line num="2089" count="0" type="cond" truecount="0" falsecount="2"/>
      <line num="2090" count="0" type="stmt"/>
      <line num="2094" count="0" type="stmt"/>
      <line num="2095" count="0" type="stmt"/>
      <line num="2097" count="0" type="cond" truecount="0" falsecount="1"/>
      <line num="2098" count="0" type="stmt"/>
      <line num="2100" count="0" type="cond" truecount="0" falsecount="1"/>
      <line num="2101" count="0" type="stmt"/>
      <line num="2104" count="0" type="stmt"/>
      <line num="2109" count="0" type="stmt"/>
      <line num="2115" count="0" type="stmt"/>
      <line num="2124" count="0" type="stmt"/>
      <line num="2136" count="16" type="stmt"/>
      <line num="2137" count="0" type="stmt"/>
      <line num="2138" count="0" type="cond" truecount="0" falsecount="1"/>
      <line num="2139" count="0" type="stmt"/>
      <line num="2142" count="0" type="stmt"/>
      <line num="2143" count="0" type="cond" truecount="0" falsecount="1"/>
      <line num="2144" count="0" type="stmt"/>
      <line num="2148" count="0" type="stmt"/>
      <line num="2149" count="0" type="stmt"/>
      <line num="2151" count="0" type="stmt"/>
      <line num="2154" count="0" type="stmt"/>
      <line num="2155" count="0" type="cond" truecount="0" falsecount="1"/>
      <line num="2156" count="0" type="stmt"/>
      <line num="2160" count="0" type="stmt"/>
      <line num="2166" count="0" type="cond" truecount="0" falsecount="1"/>
      <line num="2167" count="0" type="stmt"/>
      <line num="2170" count="0" type="stmt"/>
      <line num="2171" count="0" type="stmt"/>
      <line num="2172" count="0" type="stmt"/>
      <line num="2174" count="0" type="stmt"/>
      <line num="2181" count="0" type="stmt"/>
      <line num="2183" count="0" type="stmt"/>
      <line num="2193" count="16" type="stmt"/>
      <line num="2194" count="0" type="stmt"/>
      <line num="2195" count="0" type="stmt"/>
      <line num="2196" count="0" type="cond" truecount="0" falsecount="3"/>
      <line num="2197" count="0" type="stmt"/>
      <line num="2199" count="0" type="stmt"/>
      <line num="2200" count="0" type="stmt"/>
      <line num="2202" count="0" type="stmt"/>
      <line num="2214" count="16" type="stmt"/>
      <line num="2215" count="6" type="stmt"/>
      <line num="2216" count="6" type="stmt"/>
      <line num="2217" count="6" type="cond" truecount="1" falsecount="0"/>
      <line num="2218" count="2" type="cond" truecount="1" falsecount="1"/>
      <line num="2219" count="2" type="stmt"/>
      <line num="2221" count="4" type="stmt"/>
      <line num="2224" count="4" type="cond" truecount="1" falsecount="0"/>
      <line num="2225" count="2" type="stmt"/>
      <line num="2229" count="2" type="cond" truecount="1" falsecount="0"/>
      <line num="2230" count="1" type="stmt"/>
      <line num="2235" count="3" type="stmt"/>
      <line num="2239" count="3" type="stmt"/>
      <line num="2241" count="3" type="stmt"/>
      <line num="2242" count="3" type="stmt"/>
      <line num="2243" count="3" type="stmt"/>
      <line num="2245" count="3" type="stmt"/>
      <line num="2246" count="3" type="stmt"/>
      <line num="2248" count="3" type="stmt"/>
      <line num="2249" count="5" type="stmt"/>
      <line num="2250" count="5" type="stmt"/>
      <line num="2253" count="5" type="cond" truecount="0" falsecount="1"/>
      <line num="2254" count="0" type="stmt"/>
      <line num="2255" count="0" type="stmt"/>
      <line num="2259" count="5" type="cond" truecount="1" falsecount="1"/>
      <line num="2262" count="5" type="cond" truecount="1" falsecount="0"/>
      <line num="2263" count="1" type="stmt"/>
      <line num="2264" count="1" type="stmt"/>
      <line num="2266" count="4" type="stmt"/>
      <line num="2269" count="4" type="stmt"/>
      <line num="2270" count="4" type="cond" truecount="1" falsecount="0"/>
      <line num="2271" count="4" type="stmt"/>
      <line num="2272" count="4" type="cond" truecount="1" falsecount="0"/>
      <line num="2275" count="4" type="cond" truecount="1" falsecount="1"/>
      <line num="2276" count="4" type="cond" truecount="2" falsecount="0"/>
      <line num="2277" count="4" type="stmt"/>
      <line num="2278" count="4" type="stmt"/>
      <line num="2280" count="4" type="stmt"/>
      <line num="2281" count="4" type="cond" truecount="3" falsecount="1"/>
      <line num="2282" count="4" type="cond" truecount="2" falsecount="1"/>
      <line num="2284" count="4" type="stmt"/>
      <line num="2285" count="4" type="cond" truecount="1" falsecount="1"/>
      <line num="2287" count="4" type="stmt"/>
      <line num="2302" count="3" type="stmt"/>
      <line num="2303" count="3" type="stmt"/>
      <line num="2304" count="3" type="stmt"/>
      <line num="2306" count="3" type="stmt"/>
      <line num="2307" count="3" type="stmt"/>
      <line num="2308" count="3" type="stmt"/>
      <line num="2309" count="3" type="stmt"/>
      <line num="2310" count="4" type="stmt"/>
      <line num="2311" count="4" type="stmt"/>
      <line num="2314" count="4" type="stmt"/>
      <line num="2316" count="3" type="stmt"/>
      <line num="2317" count="3" type="stmt"/>
      <line num="2323" count="3" type="cond" truecount="1" falsecount="1"/>
      <line num="2326" count="0" type="stmt"/>
      <line num="2327" count="0" type="stmt"/>
      <line num="2328" count="0" type="stmt"/>
      <line num="2333" count="0" type="stmt"/>
      <line num="2335" count="0" type="cond" truecount="0" falsecount="2"/>
      <line num="2342" count="3" type="cond" truecount="1" falsecount="0"/>
      <line num="2343" count="1" type="stmt"/>
      <line num="2351" count="3" type="stmt"/>
      <line num="2352" count="3" type="stmt"/>
      <line num="2353" count="3" type="stmt"/>
      <line num="2358" count="0" type="stmt"/>
      <line num="2370" count="16" type="stmt"/>
      <line num="2371" count="3" type="stmt"/>
      <line num="2372" count="3" type="stmt"/>
      <line num="2373" count="3" type="cond" truecount="1" falsecount="0"/>
      <line num="2374" count="2" type="cond" truecount="1" falsecount="1"/>
      <line num="2375" count="2" type="stmt"/>
      <line num="2377" count="1" type="stmt"/>
      <line num="2378" count="1" type="stmt"/>
      <line num="2379" count="1" type="stmt"/>
      <line num="2381" count="1" type="stmt"/>
      <line num="2382" count="1" type="stmt"/>
      <line num="2384" count="1" type="stmt"/>
      <line num="2385" count="2" type="stmt"/>
      <line num="2386" count="2" type="stmt"/>
      <line num="2388" count="2" type="stmt"/>
      <line num="2389" count="2" type="stmt"/>
      <line num="2390" count="2" type="stmt"/>
      <line num="2394" count="2" type="cond" truecount="0" falsecount="1"/>
      <line num="2395" count="0" type="stmt"/>
      <line num="2396" count="0" type="stmt"/>
      <line num="2399" count="2" type="stmt"/>
      <line num="2401" count="2" type="stmt"/>
      <line num="2407" count="2" type="stmt"/>
      <line num="2413" count="1" type="stmt"/>
      <line num="2414" count="1" type="stmt"/>
      <line num="2416" count="1" type="stmt"/>
      <line num="2417" count="1" type="cond" truecount="1" falsecount="1"/>
      <line num="2421" count="1" type="stmt"/>
      <line num="2423" count="2" type="stmt"/>
      <line num="2427" count="1" type="stmt"/>
      <line num="2428" count="1" type="stmt"/>
      <line num="2433" count="0" type="stmt"/>
      <line num="2441" count="16" type="stmt"/>
      <line num="2442" count="2" type="stmt"/>
      <line num="2443" count="2" type="stmt"/>
      <line num="2444" count="2" type="cond" truecount="2" falsecount="0"/>
      <line num="2445" count="2" type="cond" truecount="2" falsecount="0"/>
      <line num="2446" count="2" type="stmt"/>
      <line num="2448" count="2" type="stmt"/>
      <line num="2449" count="2" type="stmt"/>
      <line num="2450" count="2" type="stmt"/>
      <line num="2451" count="2" type="stmt"/>
      <line num="2454" count="2" type="stmt"/>
      <line num="2455" count="2" type="stmt"/>
      <line num="2458" count="2" type="cond" truecount="2" falsecount="0"/>
      <line num="2459" count="1" type="stmt"/>
      <line num="2463" count="1" type="cond" truecount="1" falsecount="0"/>
      <line num="2464" count="1" type="stmt"/>
      <line num="2465" count="1" type="stmt"/>
      <line num="2467" count="1" type="cond" truecount="0" falsecount="1"/>
      <line num="2468" count="0" type="stmt"/>
      <line num="2469" count="0" type="stmt"/>
      <line num="2472" count="2" type="cond" truecount="1" falsecount="2"/>
      <line num="2473" count="0" type="stmt"/>
      <line num="2474" count="0" type="stmt"/>
      <line num="2478" count="2" type="stmt"/>
      <line num="2482" count="2" type="stmt"/>
      <line num="2483" count="2" type="cond" truecount="1" falsecount="1"/>
      <line num="2486" count="2" type="stmt"/>
      <line num="2487" count="2" type="stmt"/>
      <line num="2498" count="2" type="stmt"/>
      <line num="2500" count="2" type="stmt"/>
      <line num="2505" count="2" type="stmt"/>
      <line num="2508" count="0" type="stmt"/>
      <line num="2512" count="16" type="stmt"/>
      <line num="2513" count="2" type="stmt"/>
      <line num="2514" count="2" type="stmt"/>
      <line num="2515" count="2" type="stmt"/>
      <line num="2517" count="2" type="stmt"/>
      <line num="2518" count="2" type="stmt"/>
      <line num="2520" count="2" type="stmt"/>
      <line num="2524" count="2" type="cond" truecount="1" falsecount="0"/>
      <line num="2525" count="1" type="stmt"/>
      <line num="2526" count="1" type="cond" truecount="1" falsecount="0"/>
      <line num="2528" count="1" type="stmt"/>
      <line num="2531" count="0" type="stmt"/>
      <line num="2538" count="1" type="cond" truecount="3" falsecount="1"/>
      <line num="2539" count="1" type="cond" truecount="1" falsecount="0"/>
      <line num="2540" count="1" type="stmt"/>
      <line num="2544" count="1" type="cond" truecount="1" falsecount="2"/>
      <line num="2545" count="0" type="stmt"/>
      <line num="2547" count="1" type="cond" truecount="1" falsecount="2"/>
      <line num="2549" count="0" type="stmt"/>
      <line num="2556" count="1" type="stmt"/>
      <line num="2557" count="1" type="stmt"/>
      <line num="2558" count="1" type="cond" truecount="1" falsecount="1"/>
      <line num="2559" count="1" type="cond" truecount="2" falsecount="0"/>
      <line num="2560" count="1" type="stmt"/>
      <line num="2561" count="1" type="stmt"/>
      <line num="2563" count="1" type="stmt"/>
      <line num="2564" count="1" type="cond" truecount="3" falsecount="1"/>
      <line num="2565" count="1" type="cond" truecount="2" falsecount="1"/>
      <line num="2567" count="1" type="stmt"/>
      <line num="2570" count="1" type="cond" truecount="0" falsecount="1"/>
      <line num="2571" count="0" type="stmt"/>
      <line num="2575" count="0" type="cond" truecount="0" falsecount="1"/>
      <line num="2576" count="0" type="stmt"/>
      <line num="2580" count="1" type="stmt"/>
      <line num="2588" count="1" type="cond" truecount="0" falsecount="1"/>
      <line num="2589" count="0" type="stmt"/>
      <line num="2597" count="1" type="stmt"/>
      <line num="2599" count="1" type="stmt"/>
      <line num="2604" count="2" type="stmt"/>
      <line num="2607" count="0" type="stmt"/>
      <line num="2611" count="16" type="stmt"/>
      <line num="2612" count="2" type="stmt"/>
      <line num="2613" count="2" type="stmt"/>
      <line num="2614" count="2" type="stmt"/>
      <line num="2615" count="2" type="stmt"/>
      <line num="2617" count="2" type="stmt"/>
      <line num="2618" count="2" type="stmt"/>
      <line num="2620" count="2" type="stmt"/>
      <line num="2624" count="2" type="cond" truecount="0" falsecount="1"/>
      <line num="2625" count="0" type="stmt"/>
      <line num="2628" count="2" type="stmt"/>
      <line num="2635" count="2" type="cond" truecount="1" falsecount="0"/>
      <line num="2636" count="1" type="stmt"/>
      <line num="2639" count="1" type="stmt"/>
      <line num="2641" count="1" type="stmt"/>
      <line num="2643" count="2" type="stmt"/>
      <line num="2646" count="0" type="stmt"/>
      <line num="2650" count="16" type="stmt"/>
      <line num="2651" count="1" type="stmt"/>
      <line num="2652" count="1" type="stmt"/>
      <line num="2654" count="1" type="stmt"/>
      <line num="2655" count="1" type="stmt"/>
      <line num="2656" count="1" type="stmt"/>
      <line num="2661" count="1" type="stmt"/>
      <line num="2663" count="1" type="stmt"/>
      <line num="2666" count="0" type="stmt"/>
      <line num="2674" count="16" type="stmt"/>
      <line num="2684" count="16" type="stmt"/>
      <line num="2685" count="2" type="stmt"/>
      <line num="2686" count="2" type="stmt"/>
      <line num="2687" count="2" type="stmt"/>
      <line num="2688" count="2" type="stmt"/>
      <line num="2690" count="2" type="stmt"/>
      <line num="2694" count="2" type="cond" truecount="1" falsecount="0"/>
      <line num="2695" count="1" type="stmt"/>
      <line num="2698" count="1" type="stmt"/>
      <line num="2700" count="1" type="stmt"/>
      <line num="2701" count="1" type="stmt"/>
      <line num="2706" count="1" type="stmt"/>
      <line num="2708" count="1" type="stmt"/>
      <line num="2709" count="1" type="stmt"/>
      <line num="2716" count="1" type="stmt"/>
      <line num="2718" count="1" type="stmt"/>
      <line num="2720" count="0" type="stmt"/>
      <line num="2721" count="0" type="stmt"/>
      <line num="2723" count="2" type="stmt"/>
      <line num="2726" count="0" type="stmt"/>
      <line num="2730" count="16" type="stmt"/>
      <line num="2731" count="2" type="stmt"/>
      <line num="2732" count="2" type="cond" truecount="2" falsecount="0"/>
      <line num="2733" count="2" type="cond" truecount="2" falsecount="0"/>
      <line num="2734" count="2" type="stmt"/>
      <line num="2736" count="2" type="stmt"/>
      <line num="2737" count="2" type="stmt"/>
      <line num="2738" count="2" type="stmt"/>
      <line num="2742" count="2" type="stmt"/>
      <line num="2743" count="2" type="cond" truecount="2" falsecount="0"/>
      <line num="2745" count="2" type="stmt"/>
      <line num="2756" count="2" type="stmt"/>
      <line num="2758" count="2" type="stmt"/>
      <line num="2761" count="0" type="stmt"/>
      <line num="2766" count="16" type="stmt"/>
      <line num="2767" count="2" type="stmt"/>
      <line num="2768" count="2" type="stmt"/>
      <line num="2769" count="2" type="stmt"/>
      <line num="2770" count="2" type="stmt"/>
      <line num="2774" count="2" type="cond" truecount="1" falsecount="0"/>
      <line num="2775" count="1" type="stmt"/>
      <line num="2777" count="1" type="stmt"/>
      <line num="2779" count="2" type="stmt"/>
      <line num="2782" count="0" type="stmt"/>
      <line num="2786" count="16" type="stmt"/>
      <line num="2787" count="5" type="stmt"/>
      <line num="2788" count="5" type="stmt"/>
      <line num="2789" count="5" type="stmt"/>
      <line num="2790" count="5" type="cond" truecount="3" falsecount="0"/>
      <line num="2791" count="1" type="stmt"/>
      <line num="2793" count="4" type="stmt"/>
      <line num="2794" count="4" type="stmt"/>
      <line num="2795" count="4" type="stmt"/>
      <line num="2798" count="4" type="cond" truecount="3" falsecount="0"/>
      <line num="2799" count="2" type="stmt"/>
      <line num="2803" count="2" type="cond" truecount="0" falsecount="1"/>
      <line num="2805" count="2" type="stmt"/>
      <line num="2806" count="2" type="stmt"/>
      <line num="2810" count="2" type="cond" truecount="1" falsecount="0"/>
      <line num="2812" count="1" type="stmt"/>
      <line num="2815" count="3" type="stmt"/>
      <line num="2821" count="3" type="cond" truecount="1" falsecount="0"/>
      <line num="2823" count="2" type="stmt"/>
      <line num="2824" count="2" type="stmt"/>
      <line num="2826" count="0" type="stmt"/>
      <line num="2827" count="0" type="stmt"/>
      <line num="2829" count="4" type="stmt"/>
      <line num="2832" count="0" type="stmt"/>
      <line num="2836" count="16" type="stmt"/>
      <line num="2841" count="4" type="stmt"/>
      <line num="2843" count="4" type="stmt"/>
      <line num="2844" count="4" type="stmt"/>
      <line num="2845" count="4" type="stmt"/>
      <line num="2847" count="4" type="cond" truecount="1" falsecount="0"/>
      <line num="2848" count="1" type="stmt"/>
      <line num="2855" count="3" type="stmt"/>
      <line num="2858" count="3" type="stmt"/>
      <line num="2864" count="3" type="cond" truecount="1" falsecount="0"/>
      <line num="2865" count="1" type="stmt"/>
      <line num="2866" count="1" type="stmt"/>
      <line num="2875" count="2" type="cond" truecount="2" falsecount="0"/>
      <line num="2876" count="1" type="stmt"/>
      <line num="2887" count="1" type="stmt"/>
      <line num="2900" count="2" type="cond" truecount="1" falsecount="0"/>
      <line num="2901" count="1" type="stmt"/>
      <line num="2914" count="2" type="stmt"/>
      <line num="2922" count="2" type="stmt"/>
      <line num="2927" count="2" type="stmt"/>
      <line num="2935" count="2" type="stmt"/>
      <line num="2940" count="2" type="stmt"/>
      <line num="2949" count="0" type="stmt"/>
      <line num="2950" count="0" type="stmt"/>
      <line num="2952" count="4" type="stmt"/>
      <line num="2957" count="16" type="stmt"/>
      <line num="2958" count="2" type="stmt"/>
      <line num="2959" count="2" type="stmt"/>
      <line num="2960" count="2" type="stmt"/>
      <line num="2961" count="2" type="stmt"/>
      <line num="2962" count="2" type="stmt"/>
      <line num="2966" count="2" type="cond" truecount="1" falsecount="0"/>
      <line num="2967" count="1" type="stmt"/>
      <line num="2970" count="1" type="stmt"/>
      <line num="2975" count="2" type="stmt"/>
      <line num="2977" count="2" type="stmt"/>
      <line num="2980" count="0" type="stmt"/>
      <line num="2988" count="16" type="stmt"/>
      <line num="2989" count="5" type="stmt"/>
      <line num="2990" count="5" type="stmt"/>
      <line num="2992" count="5" type="stmt"/>
      <line num="2993" count="5" type="stmt"/>
      <line num="2995" count="5" type="stmt"/>
      <line num="2999" count="5" type="cond" truecount="1" falsecount="0"/>
      <line num="3000" count="1" type="stmt"/>
      <line num="3004" count="4" type="cond" truecount="2" falsecount="0"/>
      <line num="3005" count="4" type="cond" truecount="2" falsecount="0"/>
      <line num="3006" count="2" type="stmt"/>
      <line num="3010" count="2" type="cond" truecount="4" falsecount="0"/>
      <line num="3011" count="1" type="stmt"/>
      <line num="3013" count="1" type="cond" truecount="1" falsecount="1"/>
      <line num="3014" count="1" type="stmt"/>
      <line num="3020" count="2" type="stmt"/>
      <line num="3024" count="2" type="cond" truecount="1" falsecount="0"/>
      <line num="3025" count="1" type="stmt"/>
      <line num="3029" count="2" type="stmt"/>
      <line num="3036" count="2" type="stmt"/>
      <line num="3039" count="2" type="cond" truecount="1" falsecount="0"/>
      <line num="3040" count="2" type="stmt"/>
      <line num="3048" count="2" type="cond" truecount="0" falsecount="1"/>
      <line num="3049" count="0" type="cond" truecount="0" falsecount="2"/>
      <line num="3050" count="0" type="cond" truecount="0" falsecount="2"/>
      <line num="3051" count="0" type="stmt"/>
      <line num="3060" count="2" type="stmt"/>
      <line num="3065" count="5" type="stmt"/>
      <line num="3068" count="0" type="stmt"/>
      <line num="3072" count="16" type="stmt"/>
      <line num="3073" count="4" type="stmt"/>
      <line num="3074" count="4" type="stmt"/>
      <line num="3075" count="4" type="stmt"/>
      <line num="3076" count="4" type="stmt"/>
      <line num="3077" count="4" type="cond" truecount="2" falsecount="0"/>
      <line num="3078" count="4" type="cond" truecount="2" falsecount="0"/>
      <line num="3079" count="4" type="stmt"/>
      <line num="3081" count="4" type="stmt"/>
      <line num="3082" count="4" type="stmt"/>
      <line num="3084" count="4" type="stmt"/>
      <line num="3085" count="4" type="stmt"/>
      <line num="3087" count="4" type="cond" truecount="1" falsecount="0"/>
      <line num="3088" count="1" type="stmt"/>
      <line num="3089" count="1" type="stmt"/>
      <line num="3091" count="4" type="cond" truecount="0" falsecount="1"/>
      <line num="3092" count="0" type="stmt"/>
      <line num="3093" count="0" type="stmt"/>
      <line num="3095" count="4" type="cond" truecount="0" falsecount="1"/>
      <line num="3096" count="0" type="stmt"/>
      <line num="3097" count="0" type="stmt"/>
      <line num="3101" count="4" type="stmt"/>
      <line num="3105" count="4" type="stmt"/>
      <line num="3106" count="4" type="cond" truecount="2" falsecount="0"/>
      <line num="3109" count="4" type="stmt"/>
      <line num="3110" count="4" type="stmt"/>
      <line num="3124" count="4" type="stmt"/>
      <line num="3129" count="4" type="stmt"/>
      <line num="3132" count="0" type="stmt"/>
      <line num="3136" count="16" type="stmt"/>
      <line num="3137" count="9" type="stmt"/>
      <line num="3138" count="9" type="stmt"/>
      <line num="3139" count="9" type="stmt"/>
      <line num="3141" count="9" type="stmt"/>
      <line num="3142" count="9" type="cond" truecount="3" falsecount="0"/>
      <line num="3143" count="2" type="stmt"/>
      <line num="3146" count="7" type="stmt"/>
      <line num="3147" count="7" type="stmt"/>
      <line num="3148" count="7" type="stmt"/>
      <line num="3156" count="7" type="cond" truecount="1" falsecount="0"/>
      <line num="3157" count="1" type="stmt"/>
      <line num="3160" count="6" type="cond" truecount="1" falsecount="0"/>
      <line num="3161" count="1" type="stmt"/>
      <line num="3166" count="1" type="cond" truecount="1" falsecount="0"/>
      <line num="3167" count="1" type="stmt"/>
      <line num="3176" count="6" type="stmt"/>
      <line num="3186" count="6" type="cond" truecount="0" falsecount="1"/>
      <line num="3187" count="0" type="cond" truecount="0" falsecount="2"/>
      <line num="3188" count="0" type="cond" truecount="0" falsecount="2"/>
      <line num="3189" count="0" type="stmt"/>
      <line num="3196" count="0" type="stmt"/>
      <line num="3204" count="6" type="stmt"/>
      <line num="3206" count="7" type="stmt"/>
      <line num="3209" count="0" type="stmt"/>
      <line num="3217" count="16" type="stmt"/>
      <line num="3218" count="4" type="stmt"/>
      <line num="3219" count="4" type="stmt"/>
      <line num="3221" count="4" type="stmt"/>
      <line num="3222" count="4" type="stmt"/>
      <line num="3224" count="4" type="stmt"/>
      <line num="3228" count="4" type="cond" truecount="1" falsecount="0"/>
      <line num="3229" count="1" type="stmt"/>
      <line num="3232" count="3" type="stmt"/>
      <line num="3239" count="3" type="stmt"/>
      <line num="3244" count="3" type="stmt"/>
      <line num="3246" count="4" type="stmt"/>
      <line num="3249" count="0" type="stmt"/>
      <line num="3253" count="16" type="stmt"/>
      <line num="3254" count="4" type="stmt"/>
      <line num="3255" count="4" type="stmt"/>
      <line num="3256" count="4" type="stmt"/>
      <line num="3257" count="4" type="stmt"/>
      <line num="3258" count="4" type="stmt"/>
      <line num="3259" count="4" type="stmt"/>
      <line num="3262" count="4" type="cond" truecount="1" falsecount="0"/>
      <line num="3263" count="1" type="stmt"/>
      <line num="3264" count="1" type="stmt"/>
      <line num="3266" count="4" type="stmt"/>
      <line num="3267" count="4" type="stmt"/>
      <line num="3268" count="4" type="stmt"/>
      <line num="3270" count="4" type="stmt"/>
      <line num="3273" count="0" type="stmt"/>
      <line num="3283" count="16" type="stmt"/>
      <line num="3284" count="7" type="stmt"/>
      <line num="3285" count="7" type="stmt"/>
      <line num="3286" count="7" type="stmt"/>
      <line num="3289" count="7" type="cond" truecount="3" falsecount="0"/>
      <line num="3290" count="2" type="stmt"/>
      <line num="3291" count="2" type="stmt"/>
      <line num="3294" count="7" type="stmt"/>
      <line num="3295" count="7" type="stmt"/>
      <line num="3297" count="7" type="stmt"/>
      <line num="3303" count="7" type="stmt"/>
      <line num="3305" count="7" type="cond" truecount="1" falsecount="0"/>
      <line num="3306" count="1" type="stmt"/>
      <line num="3310" count="1" type="cond" truecount="1" falsecount="0"/>
      <line num="3311" count="1" type="stmt"/>
      <line num="3312" count="1" type="stmt"/>
      <line num="3316" count="7" type="stmt"/>
      <line num="3318" count="7" type="cond" truecount="1" falsecount="0"/>
      <line num="3319" count="1" type="stmt"/>
      <line num="3322" count="6" type="stmt"/>
      <line num="3325" count="6" type="stmt"/>
      <line num="3335" count="6" type="stmt"/>
      <line num="3337" count="6" type="stmt"/>
      <line num="3346" count="7" type="stmt"/>
      <line num="3349" count="0" type="stmt"/>
      <line num="3357" count="16" type="stmt"/>
      <line num="3365" count="16" type="stmt"/>
      <line num="3374" count="16" type="stmt"/>
      <line num="3375" count="4" type="stmt"/>
      <line num="3376" count="4" type="stmt"/>
      <line num="3377" count="4" type="stmt"/>
      <line num="3378" count="4" type="cond" truecount="2" falsecount="0"/>
      <line num="3379" count="2" type="stmt"/>
      <line num="3391" count="2" type="cond" truecount="1" falsecount="0"/>
      <line num="3392" count="1" type="stmt"/>
      <line num="3393" count="1" type="stmt"/>
      <line num="3414" count="2" type="stmt"/>
      <line num="3421" count="2" type="cond" truecount="1" falsecount="0"/>
      <line num="3422" count="1" type="stmt"/>
      <line num="3423" count="1" type="stmt"/>
      <line num="3436" count="4" type="stmt"/>
      <line num="3439" count="0" type="stmt"/>
      <line num="3444" count="16" type="stmt"/>
      <line num="3445" count="5" type="stmt"/>
      <line num="3446" count="5" type="stmt"/>
      <line num="3447" count="5" type="stmt"/>
      <line num="3448" count="5" type="stmt"/>
      <line num="3450" count="5" type="cond" truecount="1" falsecount="0"/>
      <line num="3451" count="1" type="cond" truecount="1" falsecount="0"/>
      <line num="3452" count="0" type="stmt"/>
      <line num="3453" count="0" type="stmt"/>
      <line num="3454" count="0" type="cond" truecount="0" falsecount="1"/>
      <line num="3455" count="0" type="stmt"/>
      <line num="3456" count="0" type="stmt"/>
      <line num="3459" count="4" type="cond" truecount="2" falsecount="0"/>
      <line num="3460" count="3" type="stmt"/>
      <line num="3461" count="3" type="cond" truecount="0" falsecount="1"/>
      <line num="3463" count="3" type="cond" truecount="3" falsecount="0"/>
      <line num="3464" count="2" type="stmt"/>
      <line num="3468" count="2" type="cond" truecount="1" falsecount="0"/>
      <line num="3469" count="1" type="stmt"/>
      <line num="3470" count="1" type="stmt"/>
      <line num="3473" count="1" type="stmt"/>
      <line num="3477" count="1" type="cond" truecount="1" falsecount="0"/>
      <line num="3478" count="1" type="cond" truecount="1" falsecount="2"/>
      <line num="3479" count="0" type="stmt"/>
      <line num="3483" count="0" type="cond" truecount="0" falsecount="1"/>
      <line num="3484" count="0" type="stmt"/>
      <line num="3485" count="0" type="stmt"/>
      <line num="3488" count="3" type="stmt"/>
      <line num="3490" count="5" type="stmt"/>
      <line num="3493" count="0" type="stmt"/>
      <line num="3498" count="16" type="stmt"/>
      <line num="3499" count="2" type="stmt"/>
      <line num="3500" count="2" type="cond" truecount="1" falsecount="0"/>
      <line num="3501" count="0" type="stmt"/>
      <line num="3502" count="0" type="cond" truecount="0" falsecount="1"/>
      <line num="3505" count="0" type="stmt"/>
      <line num="3506" count="0" type="stmt"/>
      <line num="3508" count="0" type="stmt"/>
      <line num="3511" count="0" type="stmt"/>
      <line num="3512" count="0" type="cond" truecount="0" falsecount="1"/>
      <line num="3515" count="0" type="stmt"/>
      <line num="3521" count="0" type="cond" truecount="0" falsecount="1"/>
      <line num="3522" count="0" type="stmt"/>
      <line num="3528" count="0" type="stmt"/>
      <line num="3530" count="0" type="stmt"/>
      <line num="3535" count="16" type="stmt"/>
      <line num="3536" count="2" type="stmt"/>
      <line num="3537" count="2" type="stmt"/>
      <line num="3538" count="2" type="stmt"/>
      <line num="3539" count="2" type="stmt"/>
      <line num="3540" count="2" type="stmt"/>
      <line num="3551" count="2" type="stmt"/>
      <line num="3553" count="2" type="stmt"/>
      <line num="3556" count="0" type="stmt"/>
      <line num="3567" count="16" type="stmt"/>
      <line num="3570" count="16" type="stmt"/>
      <line num="3571" count="0" type="cond" truecount="0" falsecount="2"/>
      <line num="3572" count="0" type="cond" truecount="0" falsecount="1"/>
      <line num="3574" count="0" type="stmt"/>
      <line num="3578" count="0" type="stmt"/>
      <line num="3579" count="0" type="stmt"/>
      <line num="3580" count="0" type="stmt"/>
      <line num="3584" count="16" type="stmt"/>
      <line num="3585" count="0" type="stmt"/>
      <line num="3586" count="0" type="cond" truecount="0" falsecount="2"/>
      <line num="3587" count="0" type="cond" truecount="0" falsecount="2"/>
      <line num="3588" count="0" type="cond" truecount="0" falsecount="3"/>
      <line num="3591" count="0" type="stmt"/>
      <line num="3595" count="0" type="cond" truecount="0" falsecount="1"/>
      <line num="3597" count="0" type="stmt"/>
      <line num="3599" count="0" type="stmt"/>
      <line num="3603" count="0" type="cond" truecount="0" falsecount="4"/>
      <line num="3604" count="0" type="stmt"/>
      <line num="3606" count="0" type="stmt"/>
      <line num="3607" count="0" type="stmt"/>
      <line num="3608" count="0" type="cond" truecount="0" falsecount="1"/>
      <line num="3609" count="0" type="stmt"/>
      <line num="3610" count="0" type="stmt"/>
      <line num="3613" count="0" type="stmt"/>
      <line num="3614" count="0" type="stmt"/>
      <line num="3615" count="0" type="cond" truecount="0" falsecount="1"/>
      <line num="3616" count="0" type="stmt"/>
      <line num="3619" count="0" type="stmt"/>
      <line num="3625" count="0" type="cond" truecount="0" falsecount="1"/>
      <line num="3627" count="0" type="stmt"/>
      <line num="3633" count="0" type="stmt"/>
      <line num="3636" count="0" type="stmt"/>
      <line num="3637" count="0" type="cond" truecount="0" falsecount="1"/>
      <line num="3639" count="0" type="stmt"/>
      <line num="3641" count="0" type="stmt"/>
      <line num="3648" count="0" type="stmt"/>
      <line num="3655" count="0" type="stmt"/>
      <line num="3656" count="0" type="stmt"/>
      <line num="3658" count="0" type="stmt"/>
      <line num="3663" count="16" type="stmt"/>
      <line num="3664" count="0" type="stmt"/>
      <line num="3665" count="0" type="stmt"/>
      <line num="3669" count="16" type="stmt"/>
      <line num="3670" count="0" type="stmt"/>
      <line num="3671" count="0" type="stmt"/>
      <line num="3677" count="16" type="stmt"/>
      <line num="3678" count="3" type="stmt"/>
      <line num="3679" count="3" type="stmt"/>
      <line num="3680" count="3" type="cond" truecount="1" falsecount="0"/>
      <line num="3681" count="2" type="stmt"/>
      <line num="3689" count="2" type="stmt"/>
      <line num="3690" count="0" type="stmt"/>
      <line num="3694" count="16" type="stmt"/>
      <line num="3695" count="2" type="stmt"/>
      <line num="3696" count="2" type="stmt"/>
      <line num="3701" count="2" type="stmt"/>
      <line num="3702" count="0" type="stmt"/>
      <line num="3706" count="16" type="stmt"/>
      <line num="3707" count="1" type="stmt"/>
      <line num="3708" count="1" type="stmt"/>
      <line num="3709" count="1" type="stmt"/>
      <line num="3710" count="0" type="stmt"/>
      <line num="3714" count="16" type="stmt"/>
      <line num="3715" count="2" type="stmt"/>
      <line num="3716" count="2" type="stmt"/>
      <line num="3717" count="2" type="stmt"/>
      <line num="3722" count="2" type="stmt"/>
      <line num="3723" count="2" type="cond" truecount="1" falsecount="0"/>
      <line num="3724" count="2" type="stmt"/>
      <line num="3725" count="2" type="stmt"/>
      <line num="3726" count="2" type="stmt"/>
      <line num="3727" count="0" type="stmt"/>
      <line num="3731" count="16" type="stmt"/>
      <line num="3732" count="4" type="stmt"/>
      <line num="3733" count="4" type="stmt"/>
      <line num="3734" count="4" type="cond" truecount="3" falsecount="0"/>
      <line num="3735" count="2" type="stmt"/>
      <line num="3742" count="2" type="stmt"/>
      <line num="3743" count="0" type="stmt"/>
      <line num="3747" count="16" type="stmt"/>
      <line num="3748" count="4" type="stmt"/>
      <line num="3749" count="4" type="stmt"/>
      <line num="3750" count="4" type="cond" truecount="1" falsecount="0"/>
      <line num="3751" count="3" type="stmt"/>
      <line num="3755" count="3" type="cond" truecount="1" falsecount="0"/>
      <line num="3756" count="2" type="stmt"/>
      <line num="3757" count="2" type="stmt"/>
      <line num="3763" count="2" type="stmt"/>
      <line num="3767" count="2" type="stmt"/>
      <line num="3768" count="0" type="stmt"/>
      <line num="3772" count="16" type="stmt"/>
      <line num="3773" count="3" type="stmt"/>
      <line num="3774" count="3" type="stmt"/>
      <line num="3775" count="3" type="cond" truecount="2" falsecount="0"/>
      <line num="3776" count="3" type="cond" truecount="1" falsecount="0"/>
      <line num="3779" count="2" type="stmt"/>
      <line num="3780" count="2" type="stmt"/>
      <line num="3781" count="2" type="stmt"/>
      <line num="3787" count="0" type="cond" truecount="0" falsecount="2"/>
      <line num="3788" count="0" type="stmt"/>
      <line num="3793" count="0" type="stmt"/>
      <line num="3795" count="2" type="cond" truecount="1" falsecount="0"/>
      <line num="3796" count="1" type="stmt"/>
      <line num="3800" count="1" type="stmt"/>
      <line num="3801" count="1" type="stmt"/>
      <line num="3809" count="0" type="stmt"/>
      <line num="3816" count="1" type="stmt"/>
      <line num="3820" count="1" type="stmt"/>
      <line num="3821" count="0" type="stmt"/>
      <line num="3828" count="16" type="stmt"/>
      <line num="3829" count="3" type="stmt"/>
      <line num="3830" count="3" type="cond" truecount="2" falsecount="0"/>
      <line num="3831" count="3" type="cond" truecount="1" falsecount="0"/>
      <line num="3836" count="2" type="stmt"/>
      <line num="3837" count="2" type="stmt"/>
      <line num="3851" count="0" type="stmt"/>
      <line num="3852" count="0" type="stmt"/>
      <line num="3865" count="0" type="stmt"/>
      <line num="3879" count="2" type="cond" truecount="1" falsecount="0"/>
      <line num="3880" count="1" type="stmt"/>
      <line num="3881" count="0" type="stmt"/>
      <line num="3884" count="16" type="stmt"/>
      <line num="3885" count="0" type="stmt"/>
      <line num="3886" count="0" type="stmt"/>
      <line num="3887" count="0" type="cond" truecount="0" falsecount="3"/>
      <line num="3888" count="0" type="cond" truecount="0" falsecount="2"/>
      <line num="3889" count="0" type="cond" truecount="0" falsecount="1"/>
      <line num="3890" count="0" type="stmt"/>
      <line num="3894" count="0" type="stmt"/>
      <line num="3895" count="0" type="stmt"/>
      <line num="3898" count="16" type="stmt"/>
      <line num="3899" count="2" type="stmt"/>
      <line num="3900" count="2" type="cond" truecount="1" falsecount="1"/>
      <line num="3901" count="2" type="cond" truecount="1" falsecount="1"/>
      <line num="3902" count="2" type="cond" truecount="1" falsecount="1"/>
      <line num="3903" count="2" type="cond" truecount="0" falsecount="1"/>
      <line num="3905" count="2" type="stmt"/>
      <line num="3906" count="2" type="stmt"/>
      <line num="3918" count="0" type="cond" truecount="0" falsecount="2"/>
      <line num="3919" count="0" type="stmt"/>
      <line num="3929" count="0" type="stmt"/>
      <line num="3931" count="2" type="stmt"/>
      <line num="3932" count="0" type="stmt"/>
      <line num="3945" count="2" type="stmt"/>
      <line num="3946" count="2" type="stmt"/>
      <line num="3950" count="2" type="cond" truecount="0" falsecount="1"/>
      <line num="3954" count="2" type="stmt"/>
      <line num="3955" count="2" type="stmt"/>
      <line num="3965" count="2" type="stmt"/>
      <line num="3967" count="2" type="cond" truecount="0" falsecount="1"/>
      <line num="3968" count="0" type="stmt"/>
      <line num="3973" count="2" type="stmt"/>
      <line num="3974" count="0" type="stmt"/>
      <line num="3978" count="2" type="stmt"/>
      <line num="3979" count="2" type="stmt"/>
      <line num="3980" count="2" type="cond" truecount="3" falsecount="0"/>
      <line num="3981" count="1" type="stmt"/>
      <line num="3982" count="1" type="stmt"/>
      <line num="3983" count="1" type="stmt"/>
      <line num="3985" count="1" type="stmt"/>
      <line num="3986" count="1" type="stmt"/>
      <line num="3991" count="1" type="stmt"/>
      <line num="3992" count="1" type="cond" truecount="0" falsecount="1"/>
      <line num="3993" count="0" type="cond" truecount="0" falsecount="2"/>
      <line num="3994" count="0" type="stmt"/>
      <line num="3995" count="0" type="stmt"/>
      <line num="3997" count="1" type="stmt"/>
      <line num="4001" count="16" type="stmt"/>
      <line num="4002" count="4" type="stmt"/>
      <line num="4003" count="4" type="stmt"/>
      <line num="4004" count="4" type="cond" truecount="3" falsecount="0"/>
      <line num="4005" count="2" type="stmt"/>
      <line num="4006" count="2" type="stmt"/>
      <line num="4009" count="1" type="stmt"/>
      <line num="4014" count="1" type="stmt"/>
      <line num="4015" count="1" type="stmt"/>
      <line num="4019" count="16" type="stmt"/>
      <line num="4020" count="5" type="stmt"/>
      <line num="4021" count="5" type="stmt"/>
      <line num="4022" count="5" type="cond" truecount="4" falsecount="0"/>
      <line num="4023" count="1" type="stmt"/>
      <line num="4025" count="4" type="stmt"/>
      <line num="4026" count="4" type="stmt"/>
      <line num="4027" count="4" type="cond" truecount="1" falsecount="0"/>
      <line num="4029" count="3" type="stmt"/>
      <line num="4033" count="3" type="cond" truecount="1" falsecount="0"/>
      <line num="4034" count="1" type="stmt"/>
      <line num="4036" count="2" type="stmt"/>
      <line num="4042" count="2" type="cond" truecount="1" falsecount="0"/>
      <line num="4043" count="1" type="stmt"/>
      <line num="4044" count="0" type="stmt"/>
      <line num="4048" count="16" type="stmt"/>
      <line num="4049" count="2" type="stmt"/>
      <line num="4050" count="2" type="cond" truecount="2" falsecount="0"/>
      <line num="4051" count="2" type="cond" truecount="2" falsecount="0"/>
      <line num="4052" count="2" type="stmt"/>
      <line num="4053" count="2" type="cond" truecount="1" falsecount="1"/>
      <line num="4054" count="2" type="cond" truecount="0" falsecount="1"/>
      <line num="4055" count="2" type="stmt"/>
      <line num="4061" count="2" type="stmt"/>
      <line num="4065" count="2" type="stmt"/>
      <line num="4066" count="0" type="stmt"/>
      <line num="4070" count="16" type="stmt"/>
      <line num="4071" count="4" type="stmt"/>
      <line num="4072" count="4" type="stmt"/>
      <line num="4073" count="4" type="stmt"/>
      <line num="4074" count="4" type="cond" truecount="2" falsecount="0"/>
      <line num="4075" count="4" type="cond" truecount="2" falsecount="0"/>
      <line num="4076" count="4" type="stmt"/>
      <line num="4078" count="4" type="stmt"/>
      <line num="4079" count="4" type="stmt"/>
      <line num="4080" count="4" type="cond" truecount="1" falsecount="0"/>
      <line num="4081" count="4" type="cond" truecount="1" falsecount="0"/>
      <line num="4083" count="4" type="stmt"/>
      <line num="4091" count="4" type="stmt"/>
      <line num="4095" count="4" type="stmt"/>
      <line num="4100" count="0" type="stmt"/>
      <line num="4104" count="16" type="stmt"/>
      <line num="4105" count="2" type="stmt"/>
      <line num="4106" count="2" type="cond" truecount="2" falsecount="0"/>
      <line num="4107" count="2" type="stmt"/>
      <line num="4116" count="2" type="stmt"/>
      <line num="4117" count="2" type="stmt"/>
      <line num="4119" count="1" type="stmt"/>
      <line num="4130" count="2" type="stmt"/>
      <line num="4131" count="2" type="stmt"/>
      <line num="4132" count="2" type="stmt"/>
      <line num="4133" count="0" type="stmt"/>
      <line num="4146" count="16" type="stmt"/>
      <line num="4158" count="16" type="stmt"/>
      <line num="4159" count="3" type="stmt"/>
      <line num="4160" count="3" type="stmt"/>
      <line num="4161" count="3" type="stmt"/>
      <line num="4162" count="3" type="stmt"/>
      <line num="4179" count="3" type="stmt"/>
      <line num="4180" count="3" type="stmt"/>
      <line num="4182" count="3" type="stmt"/>
      <line num="4193" count="3" type="stmt"/>
      <line num="4196" count="0" type="stmt"/>
      <line num="4200" count="16" type="stmt"/>
      <line num="4201" count="3" type="stmt"/>
      <line num="4202" count="3" type="stmt"/>
      <line num="4203" count="3" type="stmt"/>
      <line num="4205" count="3" type="stmt"/>
      <line num="4217" count="3" type="stmt"/>
      <line num="4229" count="3" type="stmt"/>
      <line num="4239" count="3" type="stmt"/>
      <line num="4240" count="3" type="stmt"/>
      <line num="4250" count="3" type="stmt"/>
      <line num="4258" count="3" type="stmt"/>
      <line num="4261" count="0" type="stmt"/>
      <line num="4272" count="16" type="stmt"/>
      <line num="4273" count="0" type="stmt"/>
      <line num="4274" count="0" type="stmt"/>
      <line num="4275" count="0" type="stmt"/>
      <line num="4276" count="0" type="stmt"/>
      <line num="4277" count="0" type="stmt"/>
      <line num="4286" count="0" type="stmt"/>
      <line num="4287" count="0" type="stmt"/>
      <line num="4290" count="0" type="stmt"/>
      <line num="4297" count="0" type="cond" truecount="0" falsecount="1"/>
      <line num="4298" count="0" type="stmt"/>
      <line num="4299" count="0" type="stmt"/>
      <line num="4303" count="0" type="stmt"/>
      <line num="4307" count="0" type="stmt"/>
      <line num="4308" count="0" type="stmt"/>
      <line num="4314" count="0" type="stmt"/>
      <line num="4317" count="0" type="stmt"/>
      <line num="4320" count="0" type="stmt"/>
      <line num="4321" count="0" type="cond" truecount="0" falsecount="1"/>
      <line num="4326" count="16" type="stmt"/>
      <line num="4327" count="0" type="stmt"/>
      <line num="4328" count="0" type="stmt"/>
      <line num="4329" count="0" type="stmt"/>
      <line num="4330" count="0" type="stmt"/>
      <line num="4331" count="0" type="stmt"/>
      <line num="4333" count="0" type="stmt"/>
      <line num="4344" count="0" type="stmt"/>
      <line num="4345" count="0" type="cond" truecount="0" falsecount="2"/>
      <line num="4346" count="0" type="stmt"/>
      <line num="4353" count="0" type="stmt"/>
      <line num="4354" count="0" type="stmt"/>
      <line num="4356" count="0" type="stmt"/>
      <line num="4357" count="0" type="stmt"/>
      <line num="4359" count="0" type="stmt"/>
      <line num="4362" count="0" type="stmt"/>
      <line num="4363" count="0" type="cond" truecount="0" falsecount="1"/>
      <line num="4368" count="16" type="stmt"/>
      <line num="4369" count="0" type="stmt"/>
      <line num="4370" count="0" type="stmt"/>
      <line num="4371" count="0" type="stmt"/>
      <line num="4375" count="0" type="stmt"/>
      <line num="4377" count="0" type="stmt"/>
      <line num="4378" count="0" type="cond" truecount="0" falsecount="1"/>
      <line num="4387" count="16" type="stmt"/>
      <line num="4388" count="3" type="stmt"/>
      <line num="4389" count="3" type="stmt"/>
      <line num="4400" count="3" type="stmt"/>
      <line num="4401" count="20" type="cond" truecount="0" falsecount="1"/>
      <line num="4402" count="20" type="stmt"/>
      <line num="4403" count="20" type="cond" truecount="1" falsecount="1"/>
      <line num="4406" count="3" type="stmt"/>
      <line num="4407" count="3" type="stmt"/>
      <line num="4415" count="3" type="stmt"/>
      <line num="4416" count="3" type="stmt"/>
      <line num="4418" count="3" type="stmt"/>
      <line num="4419" count="3" type="stmt"/>
      <line num="4420" count="3" type="stmt"/>
      <line num="4422" count="0" type="stmt"/>
      <line num="4428" count="16" type="stmt"/>
      <line num="4429" count="4" type="stmt"/>
      <line num="4430" count="4" type="stmt"/>
      <line num="4431" count="4" type="stmt"/>
      <line num="4432" count="4" type="stmt"/>
      <line num="4434" count="4" type="stmt"/>
      <line num="4438" count="4" type="cond" truecount="1" falsecount="0"/>
      <line num="4439" count="2" type="stmt"/>
      <line num="4442" count="2" type="stmt"/>
      <line num="4447" count="2" type="stmt"/>
      <line num="4460" count="2" type="stmt"/>
      <line num="4462" count="2" type="stmt"/>
      <line num="4463" count="2" type="stmt"/>
      <line num="4464" count="2" type="stmt"/>
      <line num="4466" count="0" type="stmt"/>
      <line num="4467" count="0" type="stmt"/>
      <line num="4469" count="4" type="stmt"/>
      <line num="4472" count="0" type="stmt"/>
      <line num="4481" count="16" type="stmt"/>
      <line num="4482" count="28" type="stmt"/>
      <line num="4483" count="28" type="cond" truecount="3" falsecount="0"/>
      <line num="4484" count="4" type="stmt"/>
      <line num="4486" count="24" type="stmt"/>
      <line num="4490" count="16" type="stmt"/>
      <line num="4491" count="2" type="stmt"/>
      <line num="4516" count="2" type="stmt"/>
      <line num="4518" count="2" type="stmt"/>
      <line num="4537" count="2" type="stmt"/>
      <line num="4540" count="0" type="cond" truecount="0" falsecount="3"/>
      <line num="4541" count="0" type="stmt"/>
      <line num="4542" count="0" type="stmt"/>
      <line num="4543" count="0" type="stmt"/>
      <line num="4544" count="0" type="stmt"/>
      <line num="4545" count="0" type="stmt"/>
      <line num="4547" count="0" type="stmt"/>
      <line num="4550" count="0" type="stmt"/>
      <line num="4551" count="0" type="stmt"/>
      <line num="4555" count="16" type="stmt"/>
      <line num="4558" count="16" type="stmt"/>
      <line num="4559" count="3" type="stmt"/>
      <line num="4560" count="3" type="stmt"/>
      <line num="4561" count="3" type="cond" truecount="1" falsecount="0"/>
      <line num="4562" count="2" type="stmt"/>
      <line num="4565" count="2" type="cond" truecount="1" falsecount="0"/>
      <line num="4566" count="1" type="stmt"/>
      <line num="4567" count="1" type="stmt"/>
      <line num="4569" count="0" type="stmt"/>
      <line num="4574" count="16" type="stmt"/>
      <line num="4575" count="4" type="stmt"/>
      <line num="4576" count="4" type="stmt"/>
      <line num="4577" count="4" type="cond" truecount="1" falsecount="0"/>
      <line num="4578" count="3" type="stmt"/>
      <line num="4581" count="3" type="cond" truecount="1" falsecount="0"/>
      <line num="4582" count="2" type="stmt"/>
      <line num="4583" count="2" type="cond" truecount="4" falsecount="0"/>
      <line num="4585" count="2" type="stmt"/>
      <line num="4586" count="2" type="stmt"/>
      <line num="4587" count="2" type="stmt"/>
      <line num="4589" count="0" type="stmt"/>
      <line num="4594" count="16" type="stmt"/>
      <line num="4595" count="4" type="stmt"/>
      <line num="4596" count="4" type="stmt"/>
      <line num="4597" count="4" type="cond" truecount="1" falsecount="0"/>
      <line num="4598" count="3" type="stmt"/>
      <line num="4599" count="3" type="stmt"/>
      <line num="4603" count="3" type="cond" truecount="1" falsecount="0"/>
      <line num="4604" count="2" type="stmt"/>
      <line num="4605" count="2" type="stmt"/>
      <line num="4607" count="0" type="stmt"/>
      <line num="4608" count="0" type="stmt"/>
      <line num="4613" count="16" type="stmt"/>
      <line num="4614" count="3" type="stmt"/>
      <line num="4615" count="3" type="stmt"/>
      <line num="4616" count="3" type="cond" truecount="1" falsecount="0"/>
      <line num="4617" count="2" type="stmt"/>
      <line num="4621" count="2" type="cond" truecount="1" falsecount="0"/>
      <line num="4622" count="1" type="stmt"/>
      <line num="4623" count="1" type="stmt"/>
      <line num="4625" count="0" type="stmt"/>
      <line num="4626" count="0" type="stmt"/>
      <line num="4631" count="16" type="stmt"/>
      <line num="4635" count="16" type="stmt"/>
      <line num="4636" count="3" type="stmt"/>
      <line num="4637" count="3" type="stmt"/>
      <line num="4638" count="3" type="cond" truecount="0" falsecount="1"/>
      <line num="4639" count="3" type="stmt"/>
      <line num="4640" count="3" type="stmt"/>
      <line num="4641" count="3" type="stmt"/>
      <line num="4643" count="3" type="stmt"/>
      <line num="4652" count="3" type="cond" truecount="1" falsecount="0"/>
      <line num="4653" count="2" type="stmt"/>
      <line num="4654" count="2" type="stmt"/>
      <line num="4656" count="0" type="stmt"/>
      <line num="4665" count="16" type="stmt"/>
      <line num="4666" count="3" type="stmt"/>
      <line num="4667" count="3" type="stmt"/>
      <line num="4668" count="3" type="stmt"/>
      <line num="4669" count="3" type="cond" truecount="1" falsecount="0"/>
      <line num="4670" count="1" type="stmt"/>
      <line num="4671" count="1" type="stmt"/>
      <line num="4674" count="2" type="stmt"/>
      <line num="4675" count="2" type="stmt"/>
      <line num="4676" count="2" type="cond" truecount="1" falsecount="0"/>
      <line num="4677" count="1" type="stmt"/>
      <line num="4678" count="1" type="stmt"/>
      <line num="4680" count="1" type="stmt"/>
      <line num="4685" count="1" type="stmt"/>
      <line num="4694" count="1" type="stmt"/>
      <line num="4695" count="1" type="stmt"/>
      <line num="4697" count="1" type="stmt"/>
      <line num="4698" count="1" type="stmt"/>
      <line num="4699" count="1" type="stmt"/>
      <line num="4701" count="1" type="stmt"/>
      <line num="4714" count="1" type="stmt"/>
      <line num="4728" count="0" type="stmt"/>
      <line num="4729" count="0" type="stmt"/>
      <line num="4730" count="0" type="stmt"/>
      <line num="4732" count="3" type="stmt"/>
      <line num="4741" count="16" type="stmt"/>
      <line num="4742" count="4" type="stmt"/>
      <line num="4743" count="4" type="stmt"/>
      <line num="4744" count="4" type="cond" truecount="3" falsecount="0"/>
      <line num="4745" count="2" type="stmt"/>
      <line num="4747" count="2" type="cond" truecount="3" falsecount="0"/>
      <line num="4748" count="1" type="stmt"/>
      <line num="4751" count="1" type="stmt"/>
      <line num="4752" count="1" type="cond" truecount="1" falsecount="1"/>
      <line num="4753" count="1" type="cond" truecount="2" falsecount="2"/>
      <line num="4758" count="1" type="stmt"/>
      <line num="4759" count="1" type="stmt"/>
      <line num="4760" count="1" type="cond" truecount="1" falsecount="0"/>
      <line num="4762" count="1" type="stmt"/>
      <line num="4768" count="1" type="stmt"/>
      <line num="4771" count="1" type="stmt"/>
      <line num="4777" count="1" type="stmt"/>
      <line num="4780" count="1" type="stmt"/>
      <line num="4792" count="0" type="stmt"/>
      <line num="4797" count="16" type="stmt"/>
      <line num="4798" count="3" type="stmt"/>
      <line num="4799" count="3" type="stmt"/>
      <line num="4800" count="3" type="stmt"/>
      <line num="4807" count="3" type="cond" truecount="1" falsecount="0"/>
      <line num="4808" count="1" type="stmt"/>
      <line num="4810" count="2" type="stmt"/>
      <line num="4811" count="2" type="stmt"/>
      <line num="4823" count="0" type="stmt"/>
      <line num="4828" count="16" type="stmt"/>
      <line num="4829" count="4" type="stmt"/>
      <line num="4830" count="4" type="stmt"/>
      <line num="4831" count="4" type="cond" truecount="6" falsecount="0"/>
      <line num="4832" count="1" type="stmt"/>
      <line num="4834" count="3" type="cond" truecount="0" falsecount="1"/>
      <line num="4835" count="0" type="stmt"/>
      <line num="4838" count="3" type="stmt"/>
      <line num="4839" count="3" type="stmt"/>
      <line num="4841" count="3" type="stmt"/>
      <line num="4847" count="3" type="cond" truecount="1" falsecount="0"/>
      <line num="4848" count="1" type="stmt"/>
      <line num="4850" count="2" type="stmt"/>
      <line num="4853" count="2" type="stmt"/>
      <line num="4857" count="2" type="cond" truecount="1" falsecount="0"/>
      <line num="4858" count="1" type="stmt"/>
      <line num="4861" count="1" type="stmt"/>
      <line num="4863" count="1" type="stmt"/>
      <line num="4864" count="1" type="stmt"/>
      <line num="4869" count="1" type="stmt"/>
      <line num="4871" count="1" type="cond" truecount="1" falsecount="1"/>
      <line num="4873" count="1" type="stmt"/>
      <line num="4880" count="0" type="cond" truecount="0" falsecount="2"/>
      <line num="4881" count="0" type="stmt"/>
      <line num="4889" count="1" type="stmt"/>
      <line num="4891" count="1" type="stmt"/>
      <line num="4893" count="1" type="cond" truecount="1" falsecount="1"/>
      <line num="4894" count="1" type="stmt"/>
      <line num="4899" count="1" type="stmt"/>
      <line num="4905" count="1" type="stmt"/>
      <line num="4914" count="0" type="stmt"/>
      <line num="4915" count="0" type="stmt"/>
      <line num="4917" count="3" type="stmt"/>
      <line num="4920" count="0" type="stmt"/>
      <line num="4925" count="16" type="stmt"/>
      <line num="4926" count="0" type="stmt"/>
      <line num="4927" count="0" type="stmt"/>
      <line num="4928" count="0" type="cond" truecount="0" falsecount="3"/>
      <line num="4931" count="0" type="stmt"/>
      <line num="4935" count="0" type="cond" truecount="0" falsecount="1"/>
      <line num="4936" count="0" type="stmt"/>
      <line num="4939" count="0" type="stmt"/>
      <line num="4940" count="0" type="stmt"/>
      <line num="4941" count="0" type="stmt"/>
      <line num="4943" count="0" type="stmt"/>
      <line num="4952" count="0" type="stmt"/>
      <line num="4954" count="0" type="stmt"/>
      <line num="4960" count="16" type="stmt"/>
      <line num="4961" count="0" type="stmt"/>
      <line num="4962" count="0" type="stmt"/>
      <line num="4963" count="0" type="cond" truecount="0" falsecount="6"/>
      <line num="4964" count="0" type="stmt"/>
      <line num="4966" count="0" type="cond" truecount="0" falsecount="1"/>
      <line num="4967" count="0" type="stmt"/>
      <line num="4971" count="0" type="stmt"/>
      <line num="4972" count="0" type="cond" truecount="0" falsecount="3"/>
      <line num="4973" count="0" type="stmt"/>
      <line num="4974" count="0" type="cond" truecount="0" falsecount="5"/>
      <line num="4975" count="0" type="stmt"/>
      <line num="4977" count="0" type="cond" truecount="0" falsecount="1"/>
      <line num="4978" count="0" type="stmt"/>
      <line num="4980" count="0" type="stmt"/>
      <line num="4981" count="0" type="stmt"/>
      <line num="4985" count="0" type="stmt"/>
      <line num="4986" count="0" type="cond" truecount="0" falsecount="1"/>
      <line num="4987" count="0" type="stmt"/>
      <line num="4988" count="0" type="stmt"/>
      <line num="4989" count="0" type="cond" truecount="0" falsecount="2"/>
      <line num="4991" count="0" type="stmt"/>
      <line num="4992" count="0" type="stmt"/>
      <line num="4993" count="0" type="cond" truecount="0" falsecount="4"/>
      <line num="4994" count="0" type="stmt"/>
      <line num="4997" count="0" type="stmt"/>
      <line num="5001" count="0" type="stmt"/>
      <line num="5002" count="0" type="stmt"/>
      <line num="5004" count="0" type="stmt"/>
      <line num="5010" count="0" type="cond" truecount="0" falsecount="1"/>
      <line num="5011" count="0" type="stmt"/>
      <line num="5013" count="0" type="stmt"/>
      <line num="5016" count="0" type="stmt"/>
      <line num="5020" count="0" type="cond" truecount="0" falsecount="1"/>
      <line num="5021" count="0" type="stmt"/>
      <line num="5024" count="0" type="stmt"/>
      <line num="5026" count="0" type="stmt"/>
      <line num="5027" count="0" type="stmt"/>
      <line num="5032" count="0" type="stmt"/>
      <line num="5035" count="0" type="cond" truecount="0" falsecount="1"/>
      <line num="5036" count="0" type="stmt"/>
      <line num="5045" count="0" type="stmt"/>
      <line num="5047" count="0" type="stmt"/>
      <line num="5049" count="0" type="stmt"/>
      <line num="5054" count="0" type="stmt"/>
      <line num="5060" count="0" type="stmt"/>
      <line num="5069" count="0" type="stmt"/>
      <line num="5070" count="0" type="stmt"/>
      <line num="5072" count="0" type="stmt"/>
      <line num="5075" count="0" type="stmt"/>
      <line num="5080" count="16" type="stmt"/>
      <line num="5081" count="0" type="stmt"/>
      <line num="5082" count="0" type="stmt"/>
      <line num="5083" count="0" type="stmt"/>
      <line num="5084" count="0" type="cond" truecount="0" falsecount="1"/>
      <line num="5085" count="0" type="stmt"/>
      <line num="5087" count="0" type="stmt"/>
      <line num="5091" count="0" type="cond" truecount="0" falsecount="1"/>
      <line num="5092" count="0" type="stmt"/>
      <line num="5094" count="0" type="stmt"/>
      <line num="5096" count="0" type="stmt"/>
      <line num="5101" count="16" type="stmt"/>
      <line num="5102" count="2" type="stmt"/>
      <line num="5103" count="2" type="stmt"/>
      <line num="5110" count="2" type="stmt"/>
      <line num="5112" count="0" type="stmt"/>
      <line num="5120" count="16" type="stmt"/>
      <line num="5121" count="16" type="stmt"/>
      <line num="5123" count="16" type="stmt"/>
      <line num="5124" count="0" type="stmt"/>
      <line num="5134" count="16" type="cond" truecount="3" falsecount="1"/>
      <line num="5135" count="0" type="cond" truecount="0" falsecount="2"/>
      <line num="5137" count="0" type="stmt"/>
      <line num="5138" count="0" type="stmt"/>
      <line num="5139" count="0" type="stmt"/>
      <line num="5140" count="0" type="stmt"/>
      <line num="5144" count="0" type="stmt"/>
      <line num="5145" count="0" type="stmt"/>
      <line num="5146" count="0" type="stmt"/>
      <line num="5147" count="0" type="stmt"/>
      <line num="5148" count="0" type="stmt"/>
      <line num="5149" count="0" type="stmt"/>
      <line num="5155" count="16" type="stmt"/>
    </file>
    <file name="swagger.ts" path="D:\Gym Final 16.04.2026\Gym\Backend\gym-retention-final\backend\src\swagger.ts">
      <metrics statements="3" coveredstatements="3" conditionals="0" coveredconditionals="0" methods="0" coveredmethods="0"/>
      <line num="1" count="16" type="stmt"/>
      <line num="3" count="16" type="stmt"/>
      <line num="1608" count="16" type="stmt"/>
    </file>
  </project>
</coverage>
