{"D:\\Gym Final 16.04.2026\\Gym\\Backend\\gym-retention-final\\backend\\src\\firebase-entry.ts": {"path":"D:\\Gym Final 16.04.2026\\Gym\\Backend\\gym-retention-final\\backend\\src\\firebase-entry.ts","statementMap":{"0":{"start":{"line":1,"column":0},"end":{"line":1,"column":56}},"1":{"start":{"line":2,"column":0},"end":{"line":2,"column":27}},"2":{"start":{"line":6,"column":13},"end":{"line":28,"column":2}}},"fnMap":{},"branchMap":{},"s":{"0":0,"1":0,"2":0},"f":{},"b":{}}
,"D:\\Gym Final 16.04.2026\\Gym\\Backend\\gym-retention-final\\backend\\src\\server.ts": {"path":"D:\\Gym Final 16.04.2026\\Gym\\Backend\\gym-retention-final\\backend\\src\\server.ts","statementMap":{"0":{"start":{"line":1,"column":0},"end":{"line":1,"column":39}},"1":{"start":{"line":2,"column":0},"end":{"line":2,"column":76}},"2":{"start":{"line":3,"column":0},"end":{"line":3,"column":28}},"3":{"start":{"line":4,"column":0},"end":{"line":4,"column":24}},"4":{"start":{"line":5,"column":0},"end":{"line":5,"column":28}},"5":{"start":{"line":6,"column":0},"end":{"line":6,"column":26}},"6":{"start":{"line":7,"column":0},"end":{"line":7,"column":28}},"7":{"start":{"line":8,"column":0},"end":{"line":8,"column":31}},"8":{"start":{"line":9,"column":0},"end":{"line":9,"column":29}},"9":{"start":{"line":10,"column":0},"end":{"line":10,"column":24}},"10":{"start":{"line":11,"column":0},"end":{"line":11,"column":43}},"11":{"start":{"line":12,"column":0},"end":{"line":12,"column":24}},"12":{"start":{"line":13,"column":0},"end":{"line":13,"column":37}},"13":{"start":{"line":14,"column":0},"end":{"line":14,"column":36}},"14":{"start":{"line":15,"column":0},"end":{"line":15,"column":28}},"15":{"start":{"line":16,"column":0},"end":{"line":16,"column":32}},"16":{"start":{"line":17,"column":0},"end":{"line":17,"column":43}},"17":{"start":{"line":18,"column":0},"end":{"line":18,"column":36}},"18":{"start":{"line":19,"column":0},"end":{"line":19,"column":40}},"19":{"start":{"line":21,"column":0},"end":{"line":21,"column":16}},"20":{"start":{"line":27,"column":0},"end":{"line":34,"column":1}},"21":{"start":{"line":28,"column":2},"end":{"line":32,"column":5}},"22":{"start":{"line":33,"column":2},"end":{"line":33,"column":48}},"23":{"start":{"line":40,"column":26},"end":{"line":45,"column":2}},"24":{"start":{"line":49,"column":22},"end":{"line":49,"column":45}},"25":{"start":{"line":50,"column":20},"end":{"line":50,"column":76}},"26":{"start":{"line":51,"column":0},"end":{"line":66,"column":1}},"27":{"start":{"line":52,"column":2},"end":{"line":57,"column":3}},"28":{"start":{"line":53,"column":4},"end":{"line":56,"column":5}},"29":{"start":{"line":54,"column":6},"end":{"line":54,"column":79}},"30":{"start":{"line":55,"column":6},"end":{"line":55,"column":22}},"31":{"start":{"line":58,"column":2},"end":{"line":61,"column":3}},"32":{"start":{"line":59,"column":4},"end":{"line":59,"column":70}},"33":{"start":{"line":60,"column":4},"end":{"line":60,"column":20}},"34":{"start":{"line":62,"column":2},"end":{"line":65,"column":3}},"35":{"start":{"line":63,"column":4},"end":{"line":63,"column":78}},"36":{"start":{"line":64,"column":4},"end":{"line":64,"column":20}},"37":{"start":{"line":72,"column":17},"end":{"line":75,"column":9}},"38":{"start":{"line":78,"column":81},"end":{"line":82,"column":2}},"39":{"start":{"line":90,"column":26},"end":{"line":90,"column":31}},"40":{"start":{"line":91,"column":0},"end":{"line":104,"column":1}},"41":{"start":{"line":92,"column":2},"end":{"line":101,"column":3}},"42":{"start":{"line":94,"column":27},"end":{"line":94,"column":80}},"43":{"start":{"line":95,"column":4},"end":{"line":95,"column":79}},"44":{"start":{"line":96,"column":4},"end":{"line":96,"column":31}},"45":{"start":{"line":97,"column":9},"end":{"line":101,"column":3}},"46":{"start":{"line":99,"column":4},"end":{"line":99,"column":26}},"47":{"start":{"line":100,"column":4},"end":{"line":100,"column":31}},"48":{"start":{"line":103,"column":2},"end":{"line":103,"column":84}},"49":{"start":{"line":124,"column":15},"end":{"line":130,"column":2}},"50":{"start":{"line":136,"column":28},"end":{"line":141,"column":2}},"51":{"start":{"line":143,"column":22},"end":{"line":147,"column":2}},"52":{"start":{"line":149,"column":18},"end":{"line":153,"column":2}},"53":{"start":{"line":155,"column":24},"end":{"line":160,"column":2}},"54":{"start":{"line":162,"column":0},"end":{"line":162,"column":56}},"55":{"start":{"line":163,"column":0},"end":{"line":163,"column":50}},"56":{"start":{"line":164,"column":0},"end":{"line":164,"column":46}},"57":{"start":{"line":165,"column":0},"end":{"line":165,"column":52}},"58":{"start":{"line":171,"column":13},"end":{"line":176,"column":2}},"59":{"start":{"line":178,"column":0},"end":{"line":180,"column":3}},"60":{"start":{"line":179,"column":2},"end":{"line":179,"column":54}},"61":{"start":{"line":183,"column":0},"end":{"line":183,"column":88}},"62":{"start":{"line":185,"column":0},"end":{"line":185,"column":87}},"63":{"start":{"line":186,"column":0},"end":{"line":186,"column":86}},"64":{"start":{"line":187,"column":0},"end":{"line":187,"column":87}},"65":{"start":{"line":188,"column":0},"end":{"line":188,"column":88}},"66":{"start":{"line":189,"column":0},"end":{"line":189,"column":87}},"67":{"start":{"line":190,"column":0},"end":{"line":190,"column":88}},"68":{"start":{"line":192,"column":0},"end":{"line":200,"column":19}},"69":{"start":{"line":206,"column":0},"end":{"line":217,"column":19}},"70":{"start":{"line":218,"column":0},"end":{"line":218,"column":122}},"71":{"start":{"line":219,"column":0},"end":{"line":229,"column":19}},"72":{"start":{"line":232,"column":0},"end":{"line":246,"column":19}},"73":{"start":{"line":247,"column":0},"end":{"line":247,"column":100}},"74":{"start":{"line":248,"column":0},"end":{"line":248,"column":103}},"75":{"start":{"line":249,"column":0},"end":{"line":249,"column":153}},"76":{"start":{"line":251,"column":0},"end":{"line":251,"column":118}},"77":{"start":{"line":253,"column":0},"end":{"line":255,"column":18}},"78":{"start":{"line":254,"column":2},"end":{"line":254,"column":183}},"79":{"start":{"line":257,"column":0},"end":{"line":257,"column":169}},"80":{"start":{"line":259,"column":0},"end":{"line":259,"column":128}},"81":{"start":{"line":260,"column":0},"end":{"line":260,"column":130}},"82":{"start":{"line":262,"column":0},"end":{"line":262,"column":121}},"83":{"start":{"line":263,"column":0},"end":{"line":263,"column":121}},"84":{"start":{"line":264,"column":0},"end":{"line":264,"column":105}},"85":{"start":{"line":265,"column":0},"end":{"line":265,"column":105}},"86":{"start":{"line":266,"column":0},"end":{"line":266,"column":92}},"87":{"start":{"line":268,"column":0},"end":{"line":268,"column":79}},"88":{"start":{"line":270,"column":0},"end":{"line":270,"column":83}},"89":{"start":{"line":273,"column":0},"end":{"line":273,"column":86}},"90":{"start":{"line":275,"column":0},"end":{"line":275,"column":86}},"91":{"start":{"line":276,"column":0},"end":{"line":276,"column":86}},"92":{"start":{"line":277,"column":0},"end":{"line":277,"column":85}},"93":{"start":{"line":278,"column":0},"end":{"line":278,"column":85}},"94":{"start":{"line":281,"column":0},"end":{"line":288,"column":18}},"95":{"start":{"line":287,"column":2},"end":{"line":287,"column":120}},"96":{"start":{"line":291,"column":0},"end":{"line":291,"column":106}},"97":{"start":{"line":292,"column":0},"end":{"line":292,"column":106}},"98":{"start":{"line":293,"column":0},"end":{"line":293,"column":117}},"99":{"start":{"line":294,"column":0},"end":{"line":294,"column":106}},"100":{"start":{"line":297,"column":0},"end":{"line":313,"column":19}},"101":{"start":{"line":314,"column":0},"end":{"line":314,"column":101}},"102":{"start":{"line":315,"column":0},"end":{"line":315,"column":103}},"103":{"start":{"line":320,"column":0},"end":{"line":359,"column":5}},"104":{"start":{"line":321,"column":2},"end":{"line":358,"column":3}},"105":{"start":{"line":323,"column":4},"end":{"line":323,"column":127}},"106":{"start":{"line":326,"column":17},"end":{"line":326,"column":124}},"107":{"start":{"line":327,"column":4},"end":{"line":332,"column":5}},"108":{"start":{"line":328,"column":18},"end":{"line":328,"column":141}},"109":{"start":{"line":329,"column":16},"end":{"line":329,"column":46}},"110":{"start":{"line":330,"column":18},"end":{"line":330,"column":55}},"111":{"start":{"line":331,"column":6},"end":{"line":331,"column":110}},"112":{"start":{"line":335,"column":21},"end":{"line":335,"column":156}},"113":{"start":{"line":336,"column":4},"end":{"line":341,"column":5}},"114":{"start":{"line":337,"column":18},"end":{"line":337,"column":138}},"115":{"start":{"line":338,"column":16},"end":{"line":338,"column":46}},"116":{"start":{"line":339,"column":18},"end":{"line":339,"column":55}},"117":{"start":{"line":340,"column":6},"end":{"line":340,"column":114}},"118":{"start":{"line":344,"column":20},"end":{"line":344,"column":130}},"119":{"start":{"line":345,"column":4},"end":{"line":350,"column":5}},"120":{"start":{"line":346,"column":18},"end":{"line":346,"column":139}},"121":{"start":{"line":347,"column":16},"end":{"line":347,"column":46}},"122":{"start":{"line":348,"column":18},"end":{"line":348,"column":55}},"123":{"start":{"line":349,"column":6},"end":{"line":349,"column":113}},"124":{"start":{"line":352,"column":19},"end":{"line":352,"column":107}},"125":{"start":{"line":353,"column":4},"end":{"line":355,"column":5}},"126":{"start":{"line":354,"column":6},"end":{"line":354,"column":64}},"127":{"start":{"line":357,"column":4},"end":{"line":357,"column":73}},"128":{"start":{"line":371,"column":22},"end":{"line":371,"column":53}},"129":{"start":{"line":372,"column":0},"end":{"line":375,"column":18}},"130":{"start":{"line":373,"column":14},"end":{"line":373,"column":24}},"131":{"start":{"line":374,"column":2},"end":{"line":374,"column":95}},"132":{"start":{"line":374,"column":44},"end":{"line":374,"column":93}},"133":{"start":{"line":374,"column":67},"end":{"line":374,"column":93}},"134":{"start":{"line":387,"column":17},"end":{"line":410,"column":1}},"135":{"start":{"line":393,"column":2},"end":{"line":393,"column":48}},"136":{"start":{"line":393,"column":41},"end":{"line":393,"column":48}},"137":{"start":{"line":394,"column":2},"end":{"line":409,"column":3}},"138":{"start":{"line":395,"column":4},"end":{"line":401,"column":7}},"139":{"start":{"line":402,"column":4},"end":{"line":402,"column":53}},"140":{"start":{"line":405,"column":4},"end":{"line":407,"column":5}},"141":{"start":{"line":406,"column":6},"end":{"line":406,"column":109}},"142":{"start":{"line":408,"column":4},"end":{"line":408,"column":74}},"143":{"start":{"line":416,"column":2},"end":{"line":419,"column":4}},"144":{"start":{"line":420,"column":17},"end":{"line":422,"column":null}},"145":{"start":{"line":424,"column":2},"end":{"line":424,"column":97}},"146":{"start":{"line":424,"column":23},"end":{"line":424,"column":97}},"147":{"start":{"line":425,"column":12},"end":{"line":425,"column":45}},"148":{"start":{"line":426,"column":2},"end":{"line":426,"column":78}},"149":{"start":{"line":426,"column":33},"end":{"line":426,"column":78}},"150":{"start":{"line":427,"column":2},"end":{"line":427,"column":78}},"151":{"start":{"line":427,"column":33},"end":{"line":427,"column":78}},"152":{"start":{"line":428,"column":2},"end":{"line":428,"column":78}},"153":{"start":{"line":433,"column":16},"end":{"line":433,"column":50}},"154":{"start":{"line":434,"column":13},"end":{"line":434,"column":15}},"155":{"start":{"line":435,"column":2},"end":{"line":435,"column":86}},"156":{"start":{"line":435,"column":15},"end":{"line":435,"column":16}},"157":{"start":{"line":435,"column":30},"end":{"line":435,"column":86}},"158":{"start":{"line":436,"column":2},"end":{"line":436,"column":14}},"159":{"start":{"line":441,"column":54},"end":{"line":441,"column":58}},"160":{"start":{"line":442,"column":27},"end":{"line":458,"column":1}},"161":{"start":{"line":443,"column":2},"end":{"line":443,"column":48}},"162":{"start":{"line":443,"column":24},"end":{"line":443,"column":48}},"163":{"start":{"line":444,"column":15},"end":{"line":444,"column":36}},"164":{"start":{"line":445,"column":15},"end":{"line":445,"column":40}},"165":{"start":{"line":446,"column":15},"end":{"line":446,"column":56}},"166":{"start":{"line":447,"column":2},"end":{"line":450,"column":3}},"167":{"start":{"line":448,"column":4},"end":{"line":448,"column":75}},"168":{"start":{"line":449,"column":4},"end":{"line":449,"column":16}},"169":{"start":{"line":451,"column":2},"end":{"line":456,"column":5}},"170":{"start":{"line":457,"column":2},"end":{"line":457,"column":26}},"171":{"start":{"line":460,"column":18},"end":{"line":474,"column":1}},"172":{"start":{"line":461,"column":20},"end":{"line":461,"column":40}},"173":{"start":{"line":462,"column":2},"end":{"line":465,"column":3}},"174":{"start":{"line":463,"column":4},"end":{"line":463,"column":73}},"175":{"start":{"line":464,"column":4},"end":{"line":464,"column":11}},"176":{"start":{"line":466,"column":15},"end":{"line":466,"column":61}},"177":{"start":{"line":467,"column":2},"end":{"line":473,"column":3}},"178":{"start":{"line":468,"column":4},"end":{"line":468,"column":58}},"179":{"start":{"line":469,"column":4},"end":{"line":469,"column":47}},"180":{"start":{"line":471,"column":4},"end":{"line":471,"column":65}},"181":{"start":{"line":472,"column":4},"end":{"line":472,"column":83}},"182":{"start":{"line":480,"column":26},"end":{"line":482,"column":2}},"183":{"start":{"line":484,"column":28},"end":{"line":489,"column":2}},"184":{"start":{"line":491,"column":29},"end":{"line":493,"column":2}},"185":{"start":{"line":495,"column":22},"end":{"line":497,"column":2}},"186":{"start":{"line":499,"column":24},"end":{"line":502,"column":2}},"187":{"start":{"line":504,"column":28},"end":{"line":510,"column":2}},"188":{"start":{"line":512,"column":20},"end":{"line":517,"column":2}},"189":{"start":{"line":519,"column":26},"end":{"line":530,"column":2}},"190":{"start":{"line":533,"column":35},"end":{"line":536,"column":2}},"191":{"start":{"line":538,"column":21},"end":{"line":547,"column":2}},"192":{"start":{"line":549,"column":19},"end":{"line":554,"column":2}},"193":{"start":{"line":556,"column":25},"end":{"line":560,"column":2}},"194":{"start":{"line":562,"column":26},"end":{"line":573,"column":2}},"195":{"start":{"line":575,"column":27},"end":{"line":581,"column":2}},"196":{"start":{"line":587,"column":21},"end":{"line":587,"column":30}},"197":{"start":{"line":591,"column":0},"end":{"line":591,"column":26}},"198":{"start":{"line":593,"column":0},"end":{"line":593,"column":18}},"199":{"start":{"line":594,"column":0},"end":{"line":597,"column":4}},"200":{"start":{"line":595,"column":63},"end":{"line":595,"column":71}},"201":{"start":{"line":600,"column":0},"end":{"line":606,"column":3}},"202":{"start":{"line":601,"column":16},"end":{"line":601,"column":63}},"203":{"start":{"line":602,"column":2},"end":{"line":604,"column":3}},"204":{"start":{"line":605,"column":2},"end":{"line":605,"column":9}},"205":{"start":{"line":608,"column":0},"end":{"line":608,"column":41}},"206":{"start":{"line":609,"column":0},"end":{"line":609,"column":63}},"207":{"start":{"line":615,"column":20},"end":{"line":626,"column":2}},"208":{"start":{"line":622,"column":4},"end":{"line":622,"column":55}},"209":{"start":{"line":623,"column":4},"end":{"line":623,"column":50}},"210":{"start":{"line":624,"column":4},"end":{"line":624,"column":73}},"211":{"start":{"line":628,"column":19},"end":{"line":632,"column":2}},"212":{"start":{"line":638,"column":17},"end":{"line":657,"column":1}},"213":{"start":{"line":639,"column":2},"end":{"line":656,"column":4}},"214":{"start":{"line":640,"column":4},"end":{"line":655,"column":5}},"215":{"start":{"line":641,"column":24},"end":{"line":641,"column":46}},"216":{"start":{"line":642,"column":6},"end":{"line":642,"column":27}},"217":{"start":{"line":643,"column":6},"end":{"line":643,"column":13}},"218":{"start":{"line":645,"column":6},"end":{"line":653,"column":7}},"219":{"start":{"line":646,"column":8},"end":{"line":652,"column":11}},"220":{"start":{"line":648,"column":41},"end":{"line":651,"column":12}},"221":{"start":{"line":654,"column":6},"end":{"line":654,"column":18}},"222":{"start":{"line":663,"column":0},"end":{"line":682,"column":3}},"223":{"start":{"line":664,"column":16},"end":{"line":664,"column":26}},"224":{"start":{"line":665,"column":2},"end":{"line":680,"column":5}},"225":{"start":{"line":666,"column":21},"end":{"line":666,"column":48}},"226":{"start":{"line":667,"column":4},"end":{"line":671,"column":17}},"227":{"start":{"line":673,"column":4},"end":{"line":679,"column":7}},"228":{"start":{"line":681,"column":2},"end":{"line":681,"column":9}},"229":{"start":{"line":688,"column":21},"end":{"line":724,"column":1}},"230":{"start":{"line":689,"column":2},"end":{"line":723,"column":3}},"231":{"start":{"line":690,"column":18},"end":{"line":690,"column":67}},"232":{"start":{"line":691,"column":4},"end":{"line":693,"column":5}},"233":{"start":{"line":692,"column":6},"end":{"line":692,"column":78}},"234":{"start":{"line":695,"column":20},"end":{"line":695,"column":69}},"235":{"start":{"line":696,"column":4},"end":{"line":698,"column":5}},"236":{"start":{"line":697,"column":6},"end":{"line":697,"column":78}},"237":{"start":{"line":701,"column":4},"end":{"line":715,"column":5}},"238":{"start":{"line":702,"column":23},"end":{"line":704,"column":null}},"239":{"start":{"line":706,"column":6},"end":{"line":708,"column":7}},"240":{"start":{"line":707,"column":8},"end":{"line":707,"column":92}},"241":{"start":{"line":709,"column":6},"end":{"line":711,"column":7}},"242":{"start":{"line":710,"column":8},"end":{"line":710,"column":121}},"243":{"start":{"line":714,"column":6},"end":{"line":714,"column":63}},"244":{"start":{"line":714,"column":51},"end":{"line":714,"column":63}},"245":{"start":{"line":717,"column":4},"end":{"line":717,"column":23}},"246":{"start":{"line":718,"column":4},"end":{"line":718,"column":32}},"247":{"start":{"line":719,"column":4},"end":{"line":719,"column":11}},"248":{"start":{"line":721,"column":4},"end":{"line":721,"column":45}},"249":{"start":{"line":722,"column":4},"end":{"line":722,"column":76}},"250":{"start":{"line":726,"column":18},"end":{"line":741,"column":1}},"251":{"start":{"line":727,"column":2},"end":{"line":740,"column":4}},"252":{"start":{"line":728,"column":4},"end":{"line":730,"column":5}},"253":{"start":{"line":729,"column":6},"end":{"line":729,"column":78}},"254":{"start":{"line":731,"column":17},"end":{"line":731,"column":30}},"255":{"start":{"line":733,"column":4},"end":{"line":735,"column":5}},"256":{"start":{"line":734,"column":6},"end":{"line":734,"column":20}},"257":{"start":{"line":736,"column":4},"end":{"line":738,"column":5}},"258":{"start":{"line":737,"column":6},"end":{"line":737,"column":78}},"259":{"start":{"line":739,"column":4},"end":{"line":739,"column":11}},"260":{"start":{"line":744,"column":27},"end":{"line":749,"column":1}},"261":{"start":{"line":745,"column":2},"end":{"line":747,"column":3}},"262":{"start":{"line":746,"column":4},"end":{"line":746,"column":96}},"263":{"start":{"line":748,"column":2},"end":{"line":748,"column":9}},"264":{"start":{"line":755,"column":21},"end":{"line":797,"column":1}},"265":{"start":{"line":756,"column":17},"end":{"line":756,"column":34}},"266":{"start":{"line":757,"column":2},"end":{"line":757,"column":72}},"267":{"start":{"line":758,"column":2},"end":{"line":758,"column":63}},"268":{"start":{"line":761,"column":2},"end":{"line":763,"column":3}},"269":{"start":{"line":762,"column":4},"end":{"line":762,"column":84}},"270":{"start":{"line":766,"column":20},"end":{"line":766,"column":31}},"271":{"start":{"line":767,"column":26},"end":{"line":767,"column":48}},"272":{"start":{"line":768,"column":2},"end":{"line":791,"column":3}},"273":{"start":{"line":769,"column":21},"end":{"line":773,"column":29}},"274":{"start":{"line":774,"column":4},"end":{"line":777,"column":84}},"275":{"start":{"line":774,"column":36},"end":{"line":774,"column":93}},"276":{"start":{"line":775,"column":9},"end":{"line":777,"column":84}},"277":{"start":{"line":775,"column":41},"end":{"line":775,"column":99}},"278":{"start":{"line":776,"column":9},"end":{"line":777,"column":84}},"279":{"start":{"line":776,"column":45},"end":{"line":776,"column":79}},"280":{"start":{"line":777,"column":9},"end":{"line":777,"column":84}},"281":{"start":{"line":778,"column":9},"end":{"line":791,"column":3}},"282":{"start":{"line":779,"column":4},"end":{"line":779,"column":93}},"283":{"start":{"line":780,"column":9},"end":{"line":791,"column":3}},"284":{"start":{"line":781,"column":4},"end":{"line":781,"column":85}},"285":{"start":{"line":782,"column":9},"end":{"line":791,"column":3}},"286":{"start":{"line":783,"column":4},"end":{"line":783,"column":84}},"287":{"start":{"line":784,"column":9},"end":{"line":791,"column":3}},"288":{"start":{"line":785,"column":4},"end":{"line":785,"column":77}},"289":{"start":{"line":786,"column":9},"end":{"line":791,"column":3}},"290":{"start":{"line":788,"column":4},"end":{"line":788,"column":82}},"291":{"start":{"line":789,"column":9},"end":{"line":791,"column":3}},"292":{"start":{"line":790,"column":4},"end":{"line":790,"column":68}},"293":{"start":{"line":793,"column":2},"end":{"line":796,"column":5}},"294":{"start":{"line":803,"column":21},"end":{"line":806,"column":2}},"295":{"start":{"line":807,"column":0},"end":{"line":807,"column":52}},"296":{"start":{"line":809,"column":0},"end":{"line":809,"column":52}},"297":{"start":{"line":815,"column":22},"end":{"line":823,"column":1}},"298":{"start":{"line":816,"column":2},"end":{"line":822,"column":5}},"299":{"start":{"line":825,"column":0},"end":{"line":825,"column":34}},"300":{"start":{"line":826,"column":0},"end":{"line":826,"column":38}},"301":{"start":{"line":828,"column":0},"end":{"line":831,"column":3}},"302":{"start":{"line":829,"column":2},"end":{"line":829,"column":59}},"303":{"start":{"line":830,"column":2},"end":{"line":830,"column":41}},"304":{"start":{"line":841,"column":0},"end":{"line":920,"column":3}},"305":{"start":{"line":842,"column":2},"end":{"line":919,"column":3}},"306":{"start":{"line":843,"column":89},"end":{"line":843,"column":97}},"307":{"start":{"line":846,"column":26},"end":{"line":848,"column":null}},"308":{"start":{"line":850,"column":4},"end":{"line":852,"column":5}},"309":{"start":{"line":851,"column":6},"end":{"line":851,"column":107}},"310":{"start":{"line":855,"column":28},"end":{"line":857,"column":null}},"311":{"start":{"line":859,"column":4},"end":{"line":861,"column":5}},"312":{"start":{"line":860,"column":6},"end":{"line":860,"column":122}},"313":{"start":{"line":863,"column":25},"end":{"line":863,"column":62}},"314":{"start":{"line":864,"column":26},"end":{"line":864,"column":63}},"315":{"start":{"line":867,"column":16},"end":{"line":867,"column":67}},"316":{"start":{"line":868,"column":22},"end":{"line":868,"column":59}},"317":{"start":{"line":871,"column":23},"end":{"line":889,"column":null}},"318":{"start":{"line":892,"column":22},"end":{"line":892,"column":43}},"319":{"start":{"line":895,"column":4},"end":{"line":909,"column":6}},"320":{"start":{"line":911,"column":4},"end":{"line":911,"column":91}},"321":{"start":{"line":913,"column":4},"end":{"line":916,"column":7}},"322":{"start":{"line":918,"column":4},"end":{"line":918,"column":16}},"323":{"start":{"line":925,"column":0},"end":{"line":978,"column":3}},"324":{"start":{"line":926,"column":2},"end":{"line":977,"column":3}},"325":{"start":{"line":927,"column":37},"end":{"line":927,"column":45}},"326":{"start":{"line":928,"column":4},"end":{"line":930,"column":5}},"327":{"start":{"line":929,"column":6},"end":{"line":929,"column":101}},"328":{"start":{"line":932,"column":19},"end":{"line":935,"column":null}},"329":{"start":{"line":938,"column":4},"end":{"line":940,"column":5}},"330":{"start":{"line":939,"column":6},"end":{"line":939,"column":115}},"331":{"start":{"line":942,"column":20},"end":{"line":942,"column":34}},"332":{"start":{"line":944,"column":4},"end":{"line":947,"column":5}},"333":{"start":{"line":945,"column":6},"end":{"line":945,"column":88}},"334":{"start":{"line":946,"column":6},"end":{"line":946,"column":131}},"335":{"start":{"line":950,"column":4},"end":{"line":952,"column":5}},"336":{"start":{"line":951,"column":6},"end":{"line":951,"column":103}},"337":{"start":{"line":955,"column":4},"end":{"line":957,"column":5}},"338":{"start":{"line":956,"column":6},"end":{"line":956,"column":117}},"339":{"start":{"line":960,"column":21},"end":{"line":962,"column":null}},"340":{"start":{"line":964,"column":4},"end":{"line":966,"column":5}},"341":{"start":{"line":965,"column":6},"end":{"line":965,"column":111}},"342":{"start":{"line":968,"column":4},"end":{"line":971,"column":6}},"343":{"start":{"line":973,"column":4},"end":{"line":973,"column":71}},"344":{"start":{"line":974,"column":4},"end":{"line":974,"column":94}},"345":{"start":{"line":976,"column":4},"end":{"line":976,"column":16}},"346":{"start":{"line":983,"column":0},"end":{"line":1028,"column":3}},"347":{"start":{"line":984,"column":2},"end":{"line":1027,"column":3}},"348":{"start":{"line":985,"column":27},"end":{"line":985,"column":35}},"349":{"start":{"line":986,"column":4},"end":{"line":986,"column":102}},"350":{"start":{"line":986,"column":21},"end":{"line":986,"column":102}},"351":{"start":{"line":988,"column":19},"end":{"line":990,"column":null}},"352":{"start":{"line":992,"column":4},"end":{"line":994,"column":5}},"353":{"start":{"line":993,"column":6},"end":{"line":993,"column":96}},"354":{"start":{"line":995,"column":20},"end":{"line":995,"column":34}},"355":{"start":{"line":996,"column":4},"end":{"line":998,"column":5}},"356":{"start":{"line":997,"column":6},"end":{"line":997,"column":114}},"357":{"start":{"line":1001,"column":16},"end":{"line":1001,"column":67}},"358":{"start":{"line":1002,"column":22},"end":{"line":1002,"column":59}},"359":{"start":{"line":1003,"column":4},"end":{"line":1006,"column":6}},"360":{"start":{"line":1008,"column":4},"end":{"line":1021,"column":6}},"361":{"start":{"line":1023,"column":4},"end":{"line":1023,"column":52}},"362":{"start":{"line":1024,"column":4},"end":{"line":1024,"column":97}},"363":{"start":{"line":1026,"column":4},"end":{"line":1026,"column":16}},"364":{"start":{"line":1034,"column":0},"end":{"line":1180,"column":3}},"365":{"start":{"line":1035,"column":2},"end":{"line":1179,"column":3}},"366":{"start":{"line":1036,"column":4},"end":{"line":1038,"column":5}},"367":{"start":{"line":1037,"column":6},"end":{"line":1037,"column":103}},"368":{"start":{"line":1040,"column":19},"end":{"line":1040,"column":65}},"369":{"start":{"line":1041,"column":4},"end":{"line":1043,"column":5}},"370":{"start":{"line":1042,"column":6},"end":{"line":1042,"column":110}},"371":{"start":{"line":1044,"column":46},"end":{"line":1044,"column":57}},"372":{"start":{"line":1048,"column":4},"end":{"line":1052,"column":5}},"373":{"start":{"line":1049,"column":6},"end":{"line":1049,"column":76}},"374":{"start":{"line":1051,"column":6},"end":{"line":1051,"column":108}},"375":{"start":{"line":1054,"column":26},"end":{"line":1054,"column":54}},"376":{"start":{"line":1055,"column":4},"end":{"line":1057,"column":5}},"377":{"start":{"line":1056,"column":6},"end":{"line":1056,"column":108}},"378":{"start":{"line":1059,"column":19},"end":{"line":1061,"column":null}},"379":{"start":{"line":1064,"column":4},"end":{"line":1066,"column":5}},"380":{"start":{"line":1065,"column":6},"end":{"line":1065,"column":115}},"381":{"start":{"line":1068,"column":20},"end":{"line":1068,"column":34}},"382":{"start":{"line":1070,"column":4},"end":{"line":1073,"column":5}},"383":{"start":{"line":1071,"column":6},"end":{"line":1071,"column":88}},"384":{"start":{"line":1072,"column":6},"end":{"line":1072,"column":113}},"385":{"start":{"line":1075,"column":4},"end":{"line":1077,"column":5}},"386":{"start":{"line":1076,"column":6},"end":{"line":1076,"column":114}},"387":{"start":{"line":1080,"column":19},"end":{"line":1080,"column":65}},"388":{"start":{"line":1080,"column":34},"end":{"line":1080,"column":65}},"389":{"start":{"line":1081,"column":4},"end":{"line":1086,"column":5}},"390":{"start":{"line":1082,"column":6},"end":{"line":1085,"column":9}},"391":{"start":{"line":1089,"column":19},"end":{"line":1089,"column":39}},"392":{"start":{"line":1090,"column":4},"end":{"line":1176,"column":5}},"393":{"start":{"line":1091,"column":6},"end":{"line":1091,"column":34}},"394":{"start":{"line":1094,"column":21},"end":{"line":1096,"column":null}},"395":{"start":{"line":1098,"column":6},"end":{"line":1102,"column":7}},"396":{"start":{"line":1099,"column":8},"end":{"line":1099,"column":39}},"397":{"start":{"line":1100,"column":8},"end":{"line":1100,"column":90}},"398":{"start":{"line":1101,"column":8},"end":{"line":1101,"column":109}},"399":{"start":{"line":1104,"column":22},"end":{"line":1106,"column":null}},"400":{"start":{"line":1108,"column":6},"end":{"line":1112,"column":7}},"401":{"start":{"line":1109,"column":8},"end":{"line":1109,"column":39}},"402":{"start":{"line":1110,"column":8},"end":{"line":1110,"column":90}},"403":{"start":{"line":1111,"column":8},"end":{"line":1111,"column":109}},"404":{"start":{"line":1114,"column":25},"end":{"line":1114,"column":35}},"405":{"start":{"line":1115,"column":25},"end":{"line":1115,"column":82}},"406":{"start":{"line":1117,"column":27},"end":{"line":1117,"column":62}},"407":{"start":{"line":1118,"column":21},"end":{"line":1123,"column":null}},"408":{"start":{"line":1125,"column":20},"end":{"line":1125,"column":37}},"409":{"start":{"line":1128,"column":22},"end":{"line":1132,"column":null}},"410":{"start":{"line":1134,"column":19},"end":{"line":1134,"column":34}},"411":{"start":{"line":1136,"column":6},"end":{"line":1136,"column":90}},"412":{"start":{"line":1137,"column":6},"end":{"line":1137,"column":35}},"413":{"start":{"line":1139,"column":26},"end":{"line":1142,"column":null}},"414":{"start":{"line":1144,"column":27},"end":{"line":1147,"column":null}},"415":{"start":{"line":1151,"column":6},"end":{"line":1157,"column":9}},"416":{"start":{"line":1159,"column":6},"end":{"line":1159,"column":95}},"417":{"start":{"line":1161,"column":6},"end":{"line":1170,"column":9}},"418":{"start":{"line":1172,"column":6},"end":{"line":1172,"column":37}},"419":{"start":{"line":1173,"column":6},"end":{"line":1173,"column":18}},"420":{"start":{"line":1175,"column":6},"end":{"line":1175,"column":23}},"421":{"start":{"line":1178,"column":4},"end":{"line":1178,"column":16}},"422":{"start":{"line":1187,"column":0},"end":{"line":1235,"column":3}},"423":{"start":{"line":1188,"column":2},"end":{"line":1234,"column":3}},"424":{"start":{"line":1189,"column":4},"end":{"line":1191,"column":5}},"425":{"start":{"line":1190,"column":6},"end":{"line":1190,"column":78}},"426":{"start":{"line":1192,"column":19},"end":{"line":1192,"column":39}},"427":{"start":{"line":1193,"column":4},"end":{"line":1231,"column":5}},"428":{"start":{"line":1194,"column":21},"end":{"line":1198,"column":null}},"429":{"start":{"line":1200,"column":6},"end":{"line":1202,"column":7}},"430":{"start":{"line":1201,"column":8},"end":{"line":1201,"column":80}},"431":{"start":{"line":1203,"column":18},"end":{"line":1203,"column":32}},"432":{"start":{"line":1204,"column":18},"end":{"line":1204,"column":28}},"433":{"start":{"line":1205,"column":26},"end":{"line":1205,"column":27}},"434":{"start":{"line":1207,"column":6},"end":{"line":1211,"column":7}},"435":{"start":{"line":1208,"column":8},"end":{"line":1208,"column":115}},"436":{"start":{"line":1209,"column":13},"end":{"line":1211,"column":7}},"437":{"start":{"line":1210,"column":8},"end":{"line":1210,"column":122}},"438":{"start":{"line":1213,"column":6},"end":{"line":1228,"column":9}},"439":{"start":{"line":1220,"column":58},"end":{"line":1226,"column":12}},"440":{"start":{"line":1230,"column":6},"end":{"line":1230,"column":23}},"441":{"start":{"line":1233,"column":4},"end":{"line":1233,"column":16}},"442":{"start":{"line":1238,"column":0},"end":{"line":1275,"column":3}},"443":{"start":{"line":1239,"column":2},"end":{"line":1274,"column":3}},"444":{"start":{"line":1240,"column":4},"end":{"line":1242,"column":5}},"445":{"start":{"line":1241,"column":6},"end":{"line":1241,"column":78}},"446":{"start":{"line":1243,"column":21},"end":{"line":1243,"column":29}},"447":{"start":{"line":1244,"column":24},"end":{"line":1244,"column":35}},"448":{"start":{"line":1246,"column":19},"end":{"line":1246,"column":39}},"449":{"start":{"line":1247,"column":4},"end":{"line":1271,"column":5}},"450":{"start":{"line":1248,"column":21},"end":{"line":1248,"column":92}},"451":{"start":{"line":1249,"column":6},"end":{"line":1249,"column":108}},"452":{"start":{"line":1249,"column":36},"end":{"line":1249,"column":108}},"453":{"start":{"line":1251,"column":20},"end":{"line":1256,"column":8}},"454":{"start":{"line":1258,"column":6},"end":{"line":1268,"column":9}},"455":{"start":{"line":1270,"column":6},"end":{"line":1270,"column":23}},"456":{"start":{"line":1273,"column":4},"end":{"line":1273,"column":16}},"457":{"start":{"line":1278,"column":0},"end":{"line":1341,"column":3}},"458":{"start":{"line":1279,"column":2},"end":{"line":1340,"column":3}},"459":{"start":{"line":1280,"column":4},"end":{"line":1282,"column":5}},"460":{"start":{"line":1281,"column":6},"end":{"line":1281,"column":78}},"461":{"start":{"line":1283,"column":81},"end":{"line":1283,"column":89}},"462":{"start":{"line":1286,"column":30},"end":{"line":1289,"column":20}},"463":{"start":{"line":1291,"column":4},"end":{"line":1294,"column":5}},"464":{"start":{"line":1292,"column":6},"end":{"line":1292,"column":82}},"465":{"start":{"line":1293,"column":6},"end":{"line":1293,"column":117}},"466":{"start":{"line":1296,"column":24},"end":{"line":1296,"column":35}},"467":{"start":{"line":1297,"column":16},"end":{"line":1297,"column":26}},"468":{"start":{"line":1298,"column":28},"end":{"line":1298,"column":99}},"469":{"start":{"line":1300,"column":19},"end":{"line":1300,"column":39}},"470":{"start":{"line":1301,"column":4},"end":{"line":1337,"column":5}},"471":{"start":{"line":1302,"column":6},"end":{"line":1302,"column":34}},"472":{"start":{"line":1304,"column":6},"end":{"line":1311,"column":8}},"473":{"start":{"line":1313,"column":6},"end":{"line":1318,"column":8}},"474":{"start":{"line":1320,"column":6},"end":{"line":1320,"column":35}},"475":{"start":{"line":1322,"column":6},"end":{"line":1322,"column":105}},"476":{"start":{"line":1324,"column":6},"end":{"line":1331,"column":9}},"477":{"start":{"line":1333,"column":6},"end":{"line":1333,"column":37}},"478":{"start":{"line":1334,"column":6},"end":{"line":1334,"column":18}},"479":{"start":{"line":1336,"column":6},"end":{"line":1336,"column":23}},"480":{"start":{"line":1339,"column":4},"end":{"line":1339,"column":16}},"481":{"start":{"line":1347,"column":0},"end":{"line":1489,"column":3}},"482":{"start":{"line":1348,"column":2},"end":{"line":1488,"column":3}},"483":{"start":{"line":1349,"column":55},"end":{"line":1349,"column":63}},"484":{"start":{"line":1350,"column":19},"end":{"line":1350,"column":39}},"485":{"start":{"line":1352,"column":4},"end":{"line":1485,"column":5}},"486":{"start":{"line":1353,"column":18},"end":{"line":1358,"column":8}},"487":{"start":{"line":1359,"column":28},"end":{"line":1359,"column":50}},"488":{"start":{"line":1361,"column":6},"end":{"line":1364,"column":7}},"489":{"start":{"line":1362,"column":8},"end":{"line":1362,"column":57}},"490":{"start":{"line":1363,"column":8},"end":{"line":1363,"column":28}},"491":{"start":{"line":1366,"column":21},"end":{"line":1366,"column":54}},"492":{"start":{"line":1368,"column":6},"end":{"line":1371,"column":7}},"493":{"start":{"line":1369,"column":8},"end":{"line":1369,"column":48}},"494":{"start":{"line":1370,"column":8},"end":{"line":1370,"column":86}},"495":{"start":{"line":1373,"column":19},"end":{"line":1373,"column":33}},"496":{"start":{"line":1374,"column":28},"end":{"line":1374,"column":78}},"497":{"start":{"line":1376,"column":6},"end":{"line":1379,"column":7}},"498":{"start":{"line":1377,"column":8},"end":{"line":1377,"column":48}},"499":{"start":{"line":1378,"column":8},"end":{"line":1378,"column":86}},"500":{"start":{"line":1382,"column":29},"end":{"line":1382,"column":33}},"501":{"start":{"line":1383,"column":6},"end":{"line":1396,"column":7}},"502":{"start":{"line":1384,"column":25},"end":{"line":1385,"column":null}},"503":{"start":{"line":1387,"column":8},"end":{"line":1387,"column":39}},"504":{"start":{"line":1390,"column":8},"end":{"line":1395,"column":28}},"505":{"start":{"line":1391,"column":27},"end":{"line":1392,"column":null}},"506":{"start":{"line":1394,"column":10},"end":{"line":1394,"column":41}},"507":{"start":{"line":1395,"column":15},"end":{"line":1395,"column":28}},"508":{"start":{"line":1397,"column":6},"end":{"line":1400,"column":7}},"509":{"start":{"line":1398,"column":8},"end":{"line":1398,"column":48}},"510":{"start":{"line":1399,"column":8},"end":{"line":1399,"column":121}},"511":{"start":{"line":1401,"column":6},"end":{"line":1404,"column":7}},"512":{"start":{"line":1402,"column":8},"end":{"line":1402,"column":48}},"513":{"start":{"line":1403,"column":8},"end":{"line":1403,"column":123}},"514":{"start":{"line":1407,"column":6},"end":{"line":1413,"column":7}},"515":{"start":{"line":1408,"column":28},"end":{"line":1410,"column":null}},"516":{"start":{"line":1412,"column":8},"end":{"line":1412,"column":67}},"517":{"start":{"line":1419,"column":6},"end":{"line":1452,"column":7}},"518":{"start":{"line":1421,"column":8},"end":{"line":1427,"column":58}},"519":{"start":{"line":1422,"column":27},"end":{"line":1424,"column":null}},"520":{"start":{"line":1426,"column":10},"end":{"line":1426,"column":42}},"521":{"start":{"line":1430,"column":8},"end":{"line":1443,"column":9}},"522":{"start":{"line":1431,"column":10},"end":{"line":1442,"column":99}},"523":{"start":{"line":1432,"column":31},"end":{"line":1439,"column":null}},"524":{"start":{"line":1441,"column":12},"end":{"line":1441,"column":46}},"525":{"start":{"line":1446,"column":8},"end":{"line":1451,"column":9}},"526":{"start":{"line":1447,"column":10},"end":{"line":1450,"column":28}},"527":{"start":{"line":1454,"column":26},"end":{"line":1461,"column":null}},"528":{"start":{"line":1464,"column":27},"end":{"line":1467,"column":null}},"529":{"start":{"line":1470,"column":6},"end":{"line":1470,"column":47}},"530":{"start":{"line":1472,"column":6},"end":{"line":1482,"column":9}},"531":{"start":{"line":1484,"column":6},"end":{"line":1484,"column":23}},"532":{"start":{"line":1487,"column":4},"end":{"line":1487,"column":16}},"533":{"start":{"line":1497,"column":0},"end":{"line":1546,"column":3}},"534":{"start":{"line":1498,"column":2},"end":{"line":1545,"column":3}},"535":{"start":{"line":1499,"column":30},"end":{"line":1499,"column":38}},"536":{"start":{"line":1500,"column":4},"end":{"line":1502,"column":5}},"537":{"start":{"line":1501,"column":6},"end":{"line":1501,"column":90}},"538":{"start":{"line":1505,"column":4},"end":{"line":1509,"column":5}},"539":{"start":{"line":1506,"column":6},"end":{"line":1506,"column":75}},"540":{"start":{"line":1508,"column":6},"end":{"line":1508,"column":97}},"541":{"start":{"line":1512,"column":20},"end":{"line":1514,"column":null}},"542":{"start":{"line":1516,"column":4},"end":{"line":1518,"column":5}},"543":{"start":{"line":1517,"column":6},"end":{"line":1517,"column":79}},"544":{"start":{"line":1520,"column":17},"end":{"line":1520,"column":32}},"545":{"start":{"line":1523,"column":4},"end":{"line":1529,"column":5}},"546":{"start":{"line":1524,"column":26},"end":{"line":1526,"column":null}},"547":{"start":{"line":1528,"column":6},"end":{"line":1528,"column":72}},"548":{"start":{"line":1531,"column":28},"end":{"line":1534,"column":null}},"549":{"start":{"line":1536,"column":28},"end":{"line":1539,"column":null}},"550":{"start":{"line":1542,"column":4},"end":{"line":1542,"column":104}},"551":{"start":{"line":1544,"column":4},"end":{"line":1544,"column":16}},"552":{"start":{"line":1553,"column":0},"end":{"line":1619,"column":3}},"553":{"start":{"line":1554,"column":2},"end":{"line":1618,"column":3}},"554":{"start":{"line":1555,"column":4},"end":{"line":1555,"column":122}},"555":{"start":{"line":1555,"column":30},"end":{"line":1555,"column":122}},"556":{"start":{"line":1556,"column":34},"end":{"line":1556,"column":42}},"557":{"start":{"line":1557,"column":4},"end":{"line":1557,"column":113}},"558":{"start":{"line":1557,"column":28},"end":{"line":1557,"column":113}},"559":{"start":{"line":1560,"column":4},"end":{"line":1564,"column":5}},"560":{"start":{"line":1561,"column":6},"end":{"line":1561,"column":68}},"561":{"start":{"line":1563,"column":6},"end":{"line":1563,"column":93}},"562":{"start":{"line":1566,"column":18},"end":{"line":1566,"column":38}},"563":{"start":{"line":1567,"column":4},"end":{"line":1567,"column":99}},"564":{"start":{"line":1567,"column":16},"end":{"line":1567,"column":99}},"565":{"start":{"line":1569,"column":19},"end":{"line":1578,"column":null}},"566":{"start":{"line":1581,"column":4},"end":{"line":1583,"column":5}},"567":{"start":{"line":1582,"column":6},"end":{"line":1582,"column":130}},"568":{"start":{"line":1586,"column":4},"end":{"line":1600,"column":5}},"569":{"start":{"line":1587,"column":6},"end":{"line":1599,"column":9}},"570":{"start":{"line":1591,"column":38},"end":{"line":1596,"column":12}},"571":{"start":{"line":1602,"column":14},"end":{"line":1602,"column":28}},"572":{"start":{"line":1603,"column":18},"end":{"line":1606,"column":null}},"573":{"start":{"line":1609,"column":4},"end":{"line":1615,"column":7}},"574":{"start":{"line":1617,"column":4},"end":{"line":1617,"column":16}},"575":{"start":{"line":1622,"column":0},"end":{"line":1657,"column":3}},"576":{"start":{"line":1623,"column":2},"end":{"line":1656,"column":3}},"577":{"start":{"line":1624,"column":4},"end":{"line":1624,"column":112}},"578":{"start":{"line":1624,"column":30},"end":{"line":1624,"column":112}},"579":{"start":{"line":1625,"column":45},"end":{"line":1625,"column":53}},"580":{"start":{"line":1626,"column":4},"end":{"line":1626,"column":141}},"581":{"start":{"line":1626,"column":42},"end":{"line":1626,"column":141}},"582":{"start":{"line":1629,"column":4},"end":{"line":1630,"column":86}},"583":{"start":{"line":1629,"column":10},"end":{"line":1629,"column":72}},"584":{"start":{"line":1630,"column":12},"end":{"line":1630,"column":84}},"585":{"start":{"line":1632,"column":18},"end":{"line":1632,"column":39}},"586":{"start":{"line":1633,"column":19},"end":{"line":1637,"column":null}},"587":{"start":{"line":1639,"column":4},"end":{"line":1639,"column":107}},"588":{"start":{"line":1639,"column":34},"end":{"line":1639,"column":107}},"589":{"start":{"line":1641,"column":14},"end":{"line":1641,"column":28}},"590":{"start":{"line":1642,"column":18},"end":{"line":1645,"column":null}},"591":{"start":{"line":1647,"column":4},"end":{"line":1653,"column":7}},"592":{"start":{"line":1655,"column":4},"end":{"line":1655,"column":16}},"593":{"start":{"line":1662,"column":0},"end":{"line":1746,"column":3}},"594":{"start":{"line":1663,"column":2},"end":{"line":1745,"column":3}},"595":{"start":{"line":1664,"column":4},"end":{"line":1664,"column":112}},"596":{"start":{"line":1664,"column":30},"end":{"line":1664,"column":112}},"597":{"start":{"line":1665,"column":40},"end":{"line":1665,"column":48}},"598":{"start":{"line":1666,"column":4},"end":{"line":1668,"column":5}},"599":{"start":{"line":1667,"column":6},"end":{"line":1667,"column":104}},"600":{"start":{"line":1671,"column":4},"end":{"line":1672,"column":101}},"601":{"start":{"line":1671,"column":10},"end":{"line":1671,"column":72}},"602":{"start":{"line":1672,"column":12},"end":{"line":1672,"column":99}},"603":{"start":{"line":1674,"column":18},"end":{"line":1674,"column":38}},"604":{"start":{"line":1675,"column":4},"end":{"line":1675,"column":99}},"605":{"start":{"line":1675,"column":16},"end":{"line":1675,"column":99}},"606":{"start":{"line":1677,"column":19},"end":{"line":1677,"column":39}},"607":{"start":{"line":1678,"column":4},"end":{"line":1742,"column":5}},"608":{"start":{"line":1680,"column":24},"end":{"line":1685,"column":null}},"609":{"start":{"line":1687,"column":6},"end":{"line":1689,"column":7}},"610":{"start":{"line":1688,"column":8},"end":{"line":1688,"column":97}},"611":{"start":{"line":1690,"column":21},"end":{"line":1690,"column":38}},"612":{"start":{"line":1694,"column":26},"end":{"line":1694,"column":39}},"613":{"start":{"line":1696,"column":6},"end":{"line":1714,"column":7}},"614":{"start":{"line":1698,"column":8},"end":{"line":1701,"column":10}},"615":{"start":{"line":1702,"column":8},"end":{"line":1702,"column":36}},"616":{"start":{"line":1705,"column":25},"end":{"line":1707,"column":null}},"617":{"start":{"line":1709,"column":8},"end":{"line":1713,"column":9}},"618":{"start":{"line":1710,"column":10},"end":{"line":1710,"column":41}},"619":{"start":{"line":1712,"column":10},"end":{"line":1712,"column":132}},"620":{"start":{"line":1717,"column":6},"end":{"line":1717,"column":95}},"621":{"start":{"line":1719,"column":24},"end":{"line":1723,"column":null}},"622":{"start":{"line":1725,"column":16},"end":{"line":1725,"column":33}},"623":{"start":{"line":1727,"column":20},"end":{"line":1730,"column":null}},"624":{"start":{"line":1733,"column":6},"end":{"line":1739,"column":9}},"625":{"start":{"line":1741,"column":6},"end":{"line":1741,"column":23}},"626":{"start":{"line":1744,"column":4},"end":{"line":1744,"column":16}},"627":{"start":{"line":1752,"column":0},"end":{"line":1802,"column":3}},"628":{"start":{"line":1753,"column":2},"end":{"line":1801,"column":3}},"629":{"start":{"line":1754,"column":19},"end":{"line":1754,"column":59}},"630":{"start":{"line":1755,"column":4},"end":{"line":1757,"column":5}},"631":{"start":{"line":1756,"column":6},"end":{"line":1756,"column":88}},"632":{"start":{"line":1758,"column":22},"end":{"line":1758,"column":33}},"633":{"start":{"line":1761,"column":19},"end":{"line":1763,"column":null}},"634":{"start":{"line":1766,"column":4},"end":{"line":1768,"column":5}},"635":{"start":{"line":1767,"column":6},"end":{"line":1767,"column":97}},"636":{"start":{"line":1770,"column":19},"end":{"line":1770,"column":36}},"637":{"start":{"line":1771,"column":16},"end":{"line":1771,"column":67}},"638":{"start":{"line":1772,"column":22},"end":{"line":1772,"column":59}},"639":{"start":{"line":1775,"column":4},"end":{"line":1775,"column":87}},"640":{"start":{"line":1776,"column":4},"end":{"line":1779,"column":6}},"641":{"start":{"line":1781,"column":4},"end":{"line":1795,"column":6}},"642":{"start":{"line":1797,"column":4},"end":{"line":1797,"column":65}},"643":{"start":{"line":1798,"column":4},"end":{"line":1798,"column":88}},"644":{"start":{"line":1800,"column":4},"end":{"line":1800,"column":16}},"645":{"start":{"line":1805,"column":0},"end":{"line":1866,"column":3}},"646":{"start":{"line":1806,"column":2},"end":{"line":1865,"column":3}},"647":{"start":{"line":1807,"column":32},"end":{"line":1807,"column":40}},"648":{"start":{"line":1808,"column":4},"end":{"line":1810,"column":5}},"649":{"start":{"line":1809,"column":6},"end":{"line":1809,"column":96}},"650":{"start":{"line":1812,"column":20},"end":{"line":1814,"column":null}},"651":{"start":{"line":1816,"column":4},"end":{"line":1818,"column":5}},"652":{"start":{"line":1817,"column":6},"end":{"line":1817,"column":98}},"653":{"start":{"line":1820,"column":19},"end":{"line":1820,"column":37}},"654":{"start":{"line":1821,"column":21},"end":{"line":1823,"column":null}},"655":{"start":{"line":1826,"column":4},"end":{"line":1828,"column":5}},"656":{"start":{"line":1827,"column":6},"end":{"line":1827,"column":115}},"657":{"start":{"line":1830,"column":16},"end":{"line":1830,"column":32}},"658":{"start":{"line":1832,"column":4},"end":{"line":1834,"column":5}},"659":{"start":{"line":1833,"column":6},"end":{"line":1833,"column":104}},"660":{"start":{"line":1836,"column":4},"end":{"line":1838,"column":5}},"661":{"start":{"line":1837,"column":6},"end":{"line":1837,"column":113}},"662":{"start":{"line":1840,"column":22},"end":{"line":1840,"column":59}},"663":{"start":{"line":1841,"column":16},"end":{"line":1841,"column":21}},"664":{"start":{"line":1842,"column":4},"end":{"line":1847,"column":30}},"665":{"start":{"line":1843,"column":6},"end":{"line":1846,"column":8}},"666":{"start":{"line":1847,"column":14},"end":{"line":1847,"column":28}},"667":{"start":{"line":1849,"column":4},"end":{"line":1851,"column":5}},"668":{"start":{"line":1850,"column":6},"end":{"line":1850,"column":98}},"669":{"start":{"line":1854,"column":23},"end":{"line":1854,"column":61}},"670":{"start":{"line":1855,"column":22},"end":{"line":1855,"column":59}},"671":{"start":{"line":1856,"column":4},"end":{"line":1859,"column":6}},"672":{"start":{"line":1861,"column":4},"end":{"line":1861,"column":80}},"673":{"start":{"line":1862,"column":4},"end":{"line":1862,"column":67}},"674":{"start":{"line":1864,"column":4},"end":{"line":1864,"column":16}},"675":{"start":{"line":1868,"column":0},"end":{"line":1919,"column":3}},"676":{"start":{"line":1869,"column":2},"end":{"line":1918,"column":3}},"677":{"start":{"line":1870,"column":19},"end":{"line":1870,"column":58}},"678":{"start":{"line":1871,"column":4},"end":{"line":1874,"column":5}},"679":{"start":{"line":1872,"column":18},"end":{"line":1872,"column":68}},"680":{"start":{"line":1873,"column":6},"end":{"line":1873,"column":66}},"681":{"start":{"line":1875,"column":36},"end":{"line":1875,"column":47}},"682":{"start":{"line":1877,"column":19},"end":{"line":1877,"column":39}},"683":{"start":{"line":1878,"column":4},"end":{"line":1915,"column":5}},"684":{"start":{"line":1879,"column":21},"end":{"line":1881,"column":null}},"685":{"start":{"line":1884,"column":6},"end":{"line":1886,"column":7}},"686":{"start":{"line":1885,"column":8},"end":{"line":1885,"column":97}},"687":{"start":{"line":1888,"column":25},"end":{"line":1888,"column":39}},"688":{"start":{"line":1890,"column":6},"end":{"line":1892,"column":7}},"689":{"start":{"line":1891,"column":8},"end":{"line":1891,"column":105}},"690":{"start":{"line":1894,"column":6},"end":{"line":1897,"column":7}},"691":{"start":{"line":1895,"column":8},"end":{"line":1895,"column":95}},"692":{"start":{"line":1896,"column":8},"end":{"line":1896,"column":121}},"693":{"start":{"line":1899,"column":27},"end":{"line":1899,"column":62}},"694":{"start":{"line":1901,"column":6},"end":{"line":1904,"column":8}},"695":{"start":{"line":1906,"column":6},"end":{"line":1909,"column":8}},"696":{"start":{"line":1911,"column":6},"end":{"line":1911,"column":79}},"697":{"start":{"line":1912,"column":6},"end":{"line":1912,"column":97}},"698":{"start":{"line":1914,"column":6},"end":{"line":1914,"column":23}},"699":{"start":{"line":1917,"column":4},"end":{"line":1917,"column":16}},"700":{"start":{"line":1927,"column":0},"end":{"line":1979,"column":3}},"701":{"start":{"line":1928,"column":2},"end":{"line":1978,"column":3}},"702":{"start":{"line":1929,"column":19},"end":{"line":1929,"column":52}},"703":{"start":{"line":1930,"column":4},"end":{"line":1932,"column":5}},"704":{"start":{"line":1931,"column":6},"end":{"line":1931,"column":88}},"705":{"start":{"line":1933,"column":22},"end":{"line":1933,"column":33}},"706":{"start":{"line":1935,"column":19},"end":{"line":1935,"column":39}},"707":{"start":{"line":1936,"column":4},"end":{"line":1975,"column":5}},"708":{"start":{"line":1938,"column":25},"end":{"line":1940,"column":null}},"709":{"start":{"line":1942,"column":6},"end":{"line":1945,"column":7}},"710":{"start":{"line":1944,"column":8},"end":{"line":1944,"column":99}},"711":{"start":{"line":1948,"column":6},"end":{"line":1948,"column":76}},"712":{"start":{"line":1950,"column":19},"end":{"line":1950,"column":70}},"713":{"start":{"line":1951,"column":24},"end":{"line":1951,"column":61}},"714":{"start":{"line":1953,"column":6},"end":{"line":1956,"column":8}},"715":{"start":{"line":1958,"column":6},"end":{"line":1969,"column":9}},"716":{"start":{"line":1971,"column":6},"end":{"line":1971,"column":41}},"717":{"start":{"line":1972,"column":6},"end":{"line":1972,"column":71}},"718":{"start":{"line":1974,"column":6},"end":{"line":1974,"column":23}},"719":{"start":{"line":1977,"column":4},"end":{"line":1977,"column":16}},"720":{"start":{"line":1981,"column":0},"end":{"line":2029,"column":3}},"721":{"start":{"line":1982,"column":2},"end":{"line":2028,"column":3}},"722":{"start":{"line":1983,"column":19},"end":{"line":1983,"column":54}},"723":{"start":{"line":1984,"column":4},"end":{"line":1987,"column":5}},"724":{"start":{"line":1985,"column":18},"end":{"line":1985,"column":68}},"725":{"start":{"line":1986,"column":6},"end":{"line":1986,"column":66}},"726":{"start":{"line":1988,"column":28},"end":{"line":1988,"column":39}},"727":{"start":{"line":1990,"column":19},"end":{"line":1990,"column":39}},"728":{"start":{"line":1991,"column":4},"end":{"line":2025,"column":5}},"729":{"start":{"line":1992,"column":21},"end":{"line":1994,"column":null}},"730":{"start":{"line":1997,"column":6},"end":{"line":1999,"column":7}},"731":{"start":{"line":1998,"column":8},"end":{"line":1998,"column":108}},"732":{"start":{"line":2001,"column":18},"end":{"line":2001,"column":32}},"733":{"start":{"line":2003,"column":6},"end":{"line":2005,"column":7}},"734":{"start":{"line":2004,"column":8},"end":{"line":2004,"column":99}},"735":{"start":{"line":2007,"column":6},"end":{"line":2010,"column":7}},"736":{"start":{"line":2008,"column":8},"end":{"line":2008,"column":76}},"737":{"start":{"line":2009,"column":8},"end":{"line":2009,"column":99}},"738":{"start":{"line":2013,"column":6},"end":{"line":2013,"column":89}},"739":{"start":{"line":2016,"column":6},"end":{"line":2019,"column":8}},"740":{"start":{"line":2021,"column":6},"end":{"line":2021,"column":45}},"741":{"start":{"line":2022,"column":6},"end":{"line":2022,"column":75}},"742":{"start":{"line":2024,"column":6},"end":{"line":2024,"column":23}},"743":{"start":{"line":2027,"column":4},"end":{"line":2027,"column":16}},"744":{"start":{"line":2038,"column":0},"end":{"line":2126,"column":3}},"745":{"start":{"line":2039,"column":2},"end":{"line":2125,"column":3}},"746":{"start":{"line":2040,"column":4},"end":{"line":2042,"column":5}},"747":{"start":{"line":2041,"column":6},"end":{"line":2041,"column":103}},"748":{"start":{"line":2044,"column":40},"end":{"line":2044,"column":48}},"749":{"start":{"line":2045,"column":4},"end":{"line":2047,"column":5}},"750":{"start":{"line":2046,"column":6},"end":{"line":2046,"column":104}},"751":{"start":{"line":2048,"column":4},"end":{"line":2050,"column":5}},"752":{"start":{"line":2049,"column":6},"end":{"line":2049,"column":94}},"753":{"start":{"line":2054,"column":4},"end":{"line":2058,"column":5}},"754":{"start":{"line":2055,"column":6},"end":{"line":2055,"column":76}},"755":{"start":{"line":2057,"column":6},"end":{"line":2057,"column":98}},"756":{"start":{"line":2060,"column":18},"end":{"line":2060,"column":46}},"757":{"start":{"line":2061,"column":4},"end":{"line":2063,"column":5}},"758":{"start":{"line":2062,"column":6},"end":{"line":2062,"column":98}},"759":{"start":{"line":2066,"column":20},"end":{"line":2071,"column":null}},"760":{"start":{"line":2074,"column":4},"end":{"line":2076,"column":5}},"761":{"start":{"line":2075,"column":6},"end":{"line":2075,"column":171}},"762":{"start":{"line":2078,"column":17},"end":{"line":2078,"column":32}},"763":{"start":{"line":2081,"column":22},"end":{"line":2081,"column":26}},"764":{"start":{"line":2082,"column":4},"end":{"line":2096,"column":5}},"765":{"start":{"line":2083,"column":23},"end":{"line":2085,"column":null}},"766":{"start":{"line":2087,"column":6},"end":{"line":2087,"column":32}},"767":{"start":{"line":2089,"column":6},"end":{"line":2095,"column":26}},"768":{"start":{"line":2090,"column":25},"end":{"line":2092,"column":null}},"769":{"start":{"line":2094,"column":8},"end":{"line":2094,"column":34}},"770":{"start":{"line":2095,"column":13},"end":{"line":2095,"column":26}},"771":{"start":{"line":2097,"column":4},"end":{"line":2099,"column":5}},"772":{"start":{"line":2098,"column":6},"end":{"line":2098,"column":119}},"773":{"start":{"line":2100,"column":4},"end":{"line":2102,"column":5}},"774":{"start":{"line":2101,"column":6},"end":{"line":2101,"column":121}},"775":{"start":{"line":2104,"column":25},"end":{"line":2107,"column":null}},"776":{"start":{"line":2109,"column":25},"end":{"line":2112,"column":null}},"777":{"start":{"line":2115,"column":4},"end":{"line":2122,"column":7}},"778":{"start":{"line":2124,"column":4},"end":{"line":2124,"column":16}},"779":{"start":{"line":2136,"column":0},"end":{"line":2185,"column":3}},"780":{"start":{"line":2137,"column":2},"end":{"line":2184,"column":3}},"781":{"start":{"line":2138,"column":4},"end":{"line":2140,"column":5}},"782":{"start":{"line":2139,"column":6},"end":{"line":2139,"column":103}},"783":{"start":{"line":2142,"column":34},"end":{"line":2142,"column":42}},"784":{"start":{"line":2143,"column":4},"end":{"line":2145,"column":5}},"785":{"start":{"line":2144,"column":6},"end":{"line":2144,"column":94}},"786":{"start":{"line":2148,"column":4},"end":{"line":2152,"column":5}},"787":{"start":{"line":2149,"column":6},"end":{"line":2149,"column":76}},"788":{"start":{"line":2151,"column":6},"end":{"line":2151,"column":98}},"789":{"start":{"line":2154,"column":18},"end":{"line":2154,"column":46}},"790":{"start":{"line":2155,"column":4},"end":{"line":2157,"column":5}},"791":{"start":{"line":2156,"column":6},"end":{"line":2156,"column":98}},"792":{"start":{"line":2160,"column":20},"end":{"line":2162,"column":null}},"793":{"start":{"line":2166,"column":4},"end":{"line":2168,"column":5}},"794":{"start":{"line":2167,"column":6},"end":{"line":2167,"column":104}},"795":{"start":{"line":2170,"column":19},"end":{"line":2170,"column":37}},"796":{"start":{"line":2171,"column":24},"end":{"line":2171,"column":62}},"797":{"start":{"line":2172,"column":24},"end":{"line":2172,"column":61}},"798":{"start":{"line":2174,"column":4},"end":{"line":2179,"column":6}},"799":{"start":{"line":2181,"column":4},"end":{"line":2181,"column":67}},"800":{"start":{"line":2183,"column":4},"end":{"line":2183,"column":16}},"801":{"start":{"line":2193,"column":0},"end":{"line":2204,"column":3}},"802":{"start":{"line":2194,"column":2},"end":{"line":2203,"column":3}},"803":{"start":{"line":2195,"column":26},"end":{"line":2195,"column":34}},"804":{"start":{"line":2196,"column":4},"end":{"line":2198,"column":5}},"805":{"start":{"line":2197,"column":6},"end":{"line":2197,"column":86}},"806":{"start":{"line":2199,"column":4},"end":{"line":2199,"column":97}},"807":{"start":{"line":2200,"column":4},"end":{"line":2200,"column":32}},"808":{"start":{"line":2202,"column":4},"end":{"line":2202,"column":16}},"809":{"start":{"line":2214,"column":0},"end":{"line":2360,"column":3}},"810":{"start":{"line":2215,"column":2},"end":{"line":2359,"column":3}},"811":{"start":{"line":2216,"column":19},"end":{"line":2216,"column":56}},"812":{"start":{"line":2217,"column":4},"end":{"line":2220,"column":5}},"813":{"start":{"line":2218,"column":18},"end":{"line":2218,"column":75}},"814":{"start":{"line":2219,"column":6},"end":{"line":2219,"column":66}},"815":{"start":{"line":2221,"column":36},"end":{"line":2221,"column":47}},"816":{"start":{"line":2224,"column":4},"end":{"line":2232,"column":5}},"817":{"start":{"line":2225,"column":27},"end":{"line":2227,"column":null}},"818":{"start":{"line":2229,"column":6},"end":{"line":2231,"column":7}},"819":{"start":{"line":2230,"column":8},"end":{"line":2230,"column":96}},"820":{"start":{"line":2235,"column":30},"end":{"line":2237,"column":null}},"821":{"start":{"line":2239,"column":27},"end":{"line":2239,"column":91}},"822":{"start":{"line":2239,"column":82},"end":{"line":2239,"column":89}},"823":{"start":{"line":2241,"column":16},"end":{"line":2241,"column":26}},"824":{"start":{"line":2242,"column":26},"end":{"line":2242,"column":39}},"825":{"start":{"line":2243,"column":4},"end":{"line":2243,"column":63}},"826":{"start":{"line":2245,"column":28},"end":{"line":2245,"column":30}},"827":{"start":{"line":2246,"column":67},"end":{"line":2246,"column":69}},"828":{"start":{"line":2248,"column":4},"end":{"line":2299,"column":5}},"829":{"start":{"line":2248,"column":17},"end":{"line":2248,"column":18}},"830":{"start":{"line":2249,"column":16},"end":{"line":2249,"column":26}},"831":{"start":{"line":2250,"column":21},"end":{"line":2250,"column":26}},"832":{"start":{"line":2253,"column":6},"end":{"line":2256,"column":7}},"833":{"start":{"line":2254,"column":8},"end":{"line":2254,"column":83}},"834":{"start":{"line":2255,"column":8},"end":{"line":2255,"column":17}},"835":{"start":{"line":2259,"column":20},"end":{"line":2259,"column":66}},"836":{"start":{"line":2262,"column":6},"end":{"line":2265,"column":7}},"837":{"start":{"line":2263,"column":8},"end":{"line":2263,"column":106}},"838":{"start":{"line":2264,"column":8},"end":{"line":2264,"column":17}},"839":{"start":{"line":2266,"column":6},"end":{"line":2266,"column":32}},"840":{"start":{"line":2269,"column":23},"end":{"line":2269,"column":36}},"841":{"start":{"line":2270,"column":6},"end":{"line":2273,"column":7}},"842":{"start":{"line":2271,"column":23},"end":{"line":2271,"column":57}},"843":{"start":{"line":2272,"column":8},"end":{"line":2272,"column":58}},"844":{"start":{"line":2272,"column":38},"end":{"line":2272,"column":58}},"845":{"start":{"line":2275,"column":25},"end":{"line":2275,"column":79}},"846":{"start":{"line":2276,"column":27},"end":{"line":2276,"column":43}},"847":{"start":{"line":2277,"column":25},"end":{"line":2277,"column":76}},"848":{"start":{"line":2278,"column":25},"end":{"line":2278,"column":74}},"849":{"start":{"line":2280,"column":19},"end":{"line":2280,"column":27}},"850":{"start":{"line":2281,"column":6},"end":{"line":2282,"column":70}},"851":{"start":{"line":2281,"column":51},"end":{"line":2281,"column":72}},"852":{"start":{"line":2282,"column":11},"end":{"line":2282,"column":70}},"853":{"start":{"line":2282,"column":51},"end":{"line":2282,"column":70}},"854":{"start":{"line":2284,"column":23},"end":{"line":2284,"column":129}},"855":{"start":{"line":2285,"column":23},"end":{"line":2285,"column":38}},"856":{"start":{"line":2287,"column":6},"end":{"line":2298,"column":9}},"857":{"start":{"line":2302,"column":21},"end":{"line":2302,"column":24}},"858":{"start":{"line":2303,"column":21},"end":{"line":2303,"column":23}},"859":{"start":{"line":2304,"column":21},"end":{"line":2304,"column":22}},"860":{"start":{"line":2306,"column":4},"end":{"line":2339,"column":5}},"861":{"start":{"line":2306,"column":17},"end":{"line":2306,"column":18}},"862":{"start":{"line":2307,"column":21},"end":{"line":2307,"column":52}},"863":{"start":{"line":2308,"column":28},"end":{"line":2308,"column":30}},"864":{"start":{"line":2309,"column":29},"end":{"line":2312,"column":18}},"865":{"start":{"line":2310,"column":21},"end":{"line":2310,"column":32}},"866":{"start":{"line":2311,"column":8},"end":{"line":2311,"column":130}},"867":{"start":{"line":2314,"column":6},"end":{"line":2314,"column":51}},"868":{"start":{"line":2314,"column":31},"end":{"line":2314,"column":51}},"869":{"start":{"line":2316,"column":6},"end":{"line":2338,"column":7}},"870":{"start":{"line":2317,"column":23},"end":{"line":2321,"column":null}},"871":{"start":{"line":2323,"column":8},"end":{"line":2323,"column":52}},"872":{"start":{"line":2326,"column":8},"end":{"line":2337,"column":9}},"873":{"start":{"line":2326,"column":22},"end":{"line":2326,"column":23}},"874":{"start":{"line":2327,"column":10},"end":{"line":2336,"column":11}},"875":{"start":{"line":2328,"column":12},"end":{"line":2332,"column":14}},"876":{"start":{"line":2333,"column":12},"end":{"line":2333,"column":23}},"877":{"start":{"line":2335,"column":12},"end":{"line":2335,"column":103}},"878":{"start":{"line":2342,"column":4},"end":{"line":2349,"column":5}},"879":{"start":{"line":2343,"column":6},"end":{"line":2348,"column":8}},"880":{"start":{"line":2351,"column":20},"end":{"line":2351,"column":52}},"881":{"start":{"line":2352,"column":4},"end":{"line":2352,"column":89}},"882":{"start":{"line":2353,"column":4},"end":{"line":2356,"column":7}},"883":{"start":{"line":2358,"column":4},"end":{"line":2358,"column":16}},"884":{"start":{"line":2370,"column":0},"end":{"line":2435,"column":3}},"885":{"start":{"line":2371,"column":2},"end":{"line":2434,"column":3}},"886":{"start":{"line":2372,"column":19},"end":{"line":2372,"column":57}},"887":{"start":{"line":2373,"column":4},"end":{"line":2376,"column":5}},"888":{"start":{"line":2374,"column":18},"end":{"line":2374,"column":75}},"889":{"start":{"line":2375,"column":6},"end":{"line":2375,"column":66}},"890":{"start":{"line":2377,"column":25},"end":{"line":2377,"column":36}},"891":{"start":{"line":2378,"column":29},"end":{"line":2378,"column":39}},"892":{"start":{"line":2379,"column":25},"end":{"line":2379,"column":64}},"893":{"start":{"line":2381,"column":19},"end":{"line":2381,"column":20}},"894":{"start":{"line":2382,"column":67},"end":{"line":2382,"column":69}},"895":{"start":{"line":2384,"column":4},"end":{"line":2425,"column":5}},"896":{"start":{"line":2384,"column":17},"end":{"line":2384,"column":18}},"897":{"start":{"line":2385,"column":16},"end":{"line":2385,"column":27}},"898":{"start":{"line":2386,"column":21},"end":{"line":2386,"column":26}},"899":{"start":{"line":2388,"column":21},"end":{"line":2388,"column":41}},"900":{"start":{"line":2389,"column":6},"end":{"line":2424,"column":7}},"901":{"start":{"line":2390,"column":25},"end":{"line":2392,"column":null}},"902":{"start":{"line":2394,"column":8},"end":{"line":2397,"column":9}},"903":{"start":{"line":2395,"column":10},"end":{"line":2395,"column":88}},"904":{"start":{"line":2396,"column":10},"end":{"line":2396,"column":19}},"905":{"start":{"line":2399,"column":8},"end":{"line":2399,"column":36}},"906":{"start":{"line":2401,"column":24},"end":{"line":2404,"column":null}},"907":{"start":{"line":2407,"column":8},"end":{"line":2411,"column":10}},"908":{"start":{"line":2413,"column":8},"end":{"line":2413,"column":37}},"909":{"start":{"line":2414,"column":8},"end":{"line":2414,"column":19}},"910":{"start":{"line":2416,"column":8},"end":{"line":2416,"column":55}},"911":{"start":{"line":2417,"column":20},"end":{"line":2420,"column":63}},"912":{"start":{"line":2421,"column":8},"end":{"line":2421,"column":63}},"913":{"start":{"line":2423,"column":8},"end":{"line":2423,"column":25}},"914":{"start":{"line":2427,"column":4},"end":{"line":2427,"column":105}},"915":{"start":{"line":2428,"column":4},"end":{"line":2431,"column":7}},"916":{"start":{"line":2433,"column":4},"end":{"line":2433,"column":16}},"917":{"start":{"line":2441,"column":0},"end":{"line":2510,"column":3}},"918":{"start":{"line":2442,"column":2},"end":{"line":2509,"column":3}},"919":{"start":{"line":2443,"column":18},"end":{"line":2443,"column":28}},"920":{"start":{"line":2444,"column":17},"end":{"line":2444,"column":73}},"921":{"start":{"line":2445,"column":18},"end":{"line":2445,"column":78}},"922":{"start":{"line":2446,"column":19},"end":{"line":2446,"column":37}},"923":{"start":{"line":2448,"column":19},"end":{"line":2448,"column":39}},"924":{"start":{"line":2449,"column":4},"end":{"line":2506,"column":5}},"925":{"start":{"line":2450,"column":27},"end":{"line":2450,"column":53}},"926":{"start":{"line":2451,"column":30},"end":{"line":2451,"column":60}},"927":{"start":{"line":2454,"column":24},"end":{"line":2454,"column":66}},"928":{"start":{"line":2455,"column":33},"end":{"line":2455,"column":45}},"929":{"start":{"line":2458,"column":6},"end":{"line":2470,"column":7}},"930":{"start":{"line":2459,"column":27},"end":{"line":2461,"column":null}},"931":{"start":{"line":2463,"column":8},"end":{"line":2466,"column":9}},"932":{"start":{"line":2464,"column":10},"end":{"line":2464,"column":81}},"933":{"start":{"line":2465,"column":10},"end":{"line":2465,"column":50}},"934":{"start":{"line":2467,"column":13},"end":{"line":2470,"column":7}},"935":{"start":{"line":2468,"column":8},"end":{"line":2468,"column":79}},"936":{"start":{"line":2469,"column":8},"end":{"line":2469,"column":42}},"937":{"start":{"line":2472,"column":6},"end":{"line":2475,"column":7}},"938":{"start":{"line":2473,"column":8},"end":{"line":2473,"column":66}},"939":{"start":{"line":2474,"column":8},"end":{"line":2474,"column":39}},"940":{"start":{"line":2478,"column":23},"end":{"line":2480,"column":null}},"941":{"start":{"line":2482,"column":20},"end":{"line":2482,"column":52}},"942":{"start":{"line":2483,"column":20},"end":{"line":2483,"column":49}},"943":{"start":{"line":2486,"column":25},"end":{"line":2486,"column":56}},"944":{"start":{"line":2487,"column":25},"end":{"line":2495,"column":null}},"945":{"start":{"line":2498,"column":6},"end":{"line":2498,"column":93}},"946":{"start":{"line":2500,"column":6},"end":{"line":2503,"column":9}},"947":{"start":{"line":2505,"column":6},"end":{"line":2505,"column":23}},"948":{"start":{"line":2508,"column":4},"end":{"line":2508,"column":16}},"949":{"start":{"line":2512,"column":0},"end":{"line":2609,"column":3}},"950":{"start":{"line":2513,"column":2},"end":{"line":2608,"column":3}},"951":{"start":{"line":2514,"column":113},"end":{"line":2514,"column":121}},"952":{"start":{"line":2515,"column":18},"end":{"line":2515,"column":28}},"953":{"start":{"line":2517,"column":19},"end":{"line":2517,"column":39}},"954":{"start":{"line":2518,"column":4},"end":{"line":2605,"column":5}},"955":{"start":{"line":2520,"column":25},"end":{"line":2522,"column":null}},"956":{"start":{"line":2524,"column":6},"end":{"line":2535,"column":7}},"957":{"start":{"line":2525,"column":25},"end":{"line":2525,"column":43}},"958":{"start":{"line":2526,"column":8},"end":{"line":2529,"column":9}},"959":{"start":{"line":2528,"column":10},"end":{"line":2528,"column":140}},"960":{"start":{"line":2531,"column":8},"end":{"line":2534,"column":10}},"961":{"start":{"line":2538,"column":27},"end":{"line":2538,"column":70}},"962":{"start":{"line":2539,"column":6},"end":{"line":2551,"column":7}},"963":{"start":{"line":2540,"column":27},"end":{"line":2542,"column":null}},"964":{"start":{"line":2544,"column":8},"end":{"line":2546,"column":9}},"965":{"start":{"line":2545,"column":10},"end":{"line":2545,"column":181}},"966":{"start":{"line":2547,"column":8},"end":{"line":2550,"column":9}},"967":{"start":{"line":2549,"column":10},"end":{"line":2549,"column":149}},"968":{"start":{"line":2556,"column":18},"end":{"line":2556,"column":28}},"969":{"start":{"line":2557,"column":25},"end":{"line":2557,"column":57}},"970":{"start":{"line":2558,"column":24},"end":{"line":2558,"column":74}},"971":{"start":{"line":2559,"column":23},"end":{"line":2559,"column":39}},"972":{"start":{"line":2560,"column":29},"end":{"line":2560,"column":76}},"973":{"start":{"line":2561,"column":29},"end":{"line":2561,"column":78}},"974":{"start":{"line":2563,"column":19},"end":{"line":2563,"column":27}},"975":{"start":{"line":2564,"column":6},"end":{"line":2565,"column":76}},"976":{"start":{"line":2564,"column":52},"end":{"line":2564,"column":73}},"977":{"start":{"line":2565,"column":11},"end":{"line":2565,"column":76}},"978":{"start":{"line":2565,"column":57},"end":{"line":2565,"column":76}},"979":{"start":{"line":2567,"column":24},"end":{"line":2567,"column":57}},"980":{"start":{"line":2570,"column":6},"end":{"line":2578,"column":7}},"981":{"start":{"line":2571,"column":29},"end":{"line":2573,"column":null}},"982":{"start":{"line":2575,"column":8},"end":{"line":2577,"column":9}},"983":{"start":{"line":2576,"column":10},"end":{"line":2576,"column":98}},"984":{"start":{"line":2580,"column":21},"end":{"line":2584,"column":null}},"985":{"start":{"line":2588,"column":6},"end":{"line":2595,"column":7}},"986":{"start":{"line":2589,"column":8},"end":{"line":2594,"column":10}},"987":{"start":{"line":2597,"column":6},"end":{"line":2597,"column":92}},"988":{"start":{"line":2599,"column":6},"end":{"line":2602,"column":9}},"989":{"start":{"line":2604,"column":6},"end":{"line":2604,"column":23}},"990":{"start":{"line":2607,"column":4},"end":{"line":2607,"column":16}},"991":{"start":{"line":2611,"column":0},"end":{"line":2648,"column":3}},"992":{"start":{"line":2612,"column":2},"end":{"line":2647,"column":3}},"993":{"start":{"line":2613,"column":19},"end":{"line":2613,"column":29}},"994":{"start":{"line":2614,"column":75},"end":{"line":2614,"column":83}},"995":{"start":{"line":2615,"column":18},"end":{"line":2615,"column":28}},"996":{"start":{"line":2617,"column":19},"end":{"line":2617,"column":39}},"997":{"start":{"line":2618,"column":4},"end":{"line":2644,"column":5}},"998":{"start":{"line":2620,"column":25},"end":{"line":2622,"column":null}},"999":{"start":{"line":2624,"column":6},"end":{"line":2626,"column":7}},"1000":{"start":{"line":2625,"column":8},"end":{"line":2625,"column":138}},"1001":{"start":{"line":2628,"column":21},"end":{"line":2632,"column":null}},"1002":{"start":{"line":2635,"column":6},"end":{"line":2637,"column":7}},"1003":{"start":{"line":2636,"column":8},"end":{"line":2636,"column":83}},"1004":{"start":{"line":2639,"column":6},"end":{"line":2639,"column":92}},"1005":{"start":{"line":2641,"column":6},"end":{"line":2641,"column":67}},"1006":{"start":{"line":2643,"column":6},"end":{"line":2643,"column":23}},"1007":{"start":{"line":2646,"column":4},"end":{"line":2646,"column":16}},"1008":{"start":{"line":2650,"column":0},"end":{"line":2668,"column":3}},"1009":{"start":{"line":2651,"column":2},"end":{"line":2667,"column":3}},"1010":{"start":{"line":2652,"column":19},"end":{"line":2652,"column":29}},"1011":{"start":{"line":2654,"column":19},"end":{"line":2654,"column":39}},"1012":{"start":{"line":2655,"column":4},"end":{"line":2664,"column":5}},"1013":{"start":{"line":2656,"column":6},"end":{"line":2659,"column":8}},"1014":{"start":{"line":2661,"column":6},"end":{"line":2661,"column":48}},"1015":{"start":{"line":2663,"column":6},"end":{"line":2663,"column":23}},"1016":{"start":{"line":2666,"column":4},"end":{"line":2666,"column":16}},"1017":{"start":{"line":2674,"column":22},"end":{"line":2682,"column":2}},"1018":{"start":{"line":2684,"column":0},"end":{"line":2728,"column":3}},"1019":{"start":{"line":2685,"column":2},"end":{"line":2727,"column":3}},"1020":{"start":{"line":2686,"column":59},"end":{"line":2686,"column":67}},"1021":{"start":{"line":2687,"column":19},"end":{"line":2687,"column":39}},"1022":{"start":{"line":2688,"column":4},"end":{"line":2724,"column":5}},"1023":{"start":{"line":2690,"column":23},"end":{"line":2692,"column":null}},"1024":{"start":{"line":2694,"column":6},"end":{"line":2696,"column":7}},"1025":{"start":{"line":2695,"column":8},"end":{"line":2695,"column":103}},"1026":{"start":{"line":2698,"column":6},"end":{"line":2698,"column":34}},"1027":{"start":{"line":2700,"column":27},"end":{"line":2700,"column":58}},"1028":{"start":{"line":2701,"column":22},"end":{"line":2704,"column":null}},"1029":{"start":{"line":2706,"column":21},"end":{"line":2706,"column":39}},"1030":{"start":{"line":2708,"column":24},"end":{"line":2708,"column":56}},"1031":{"start":{"line":2709,"column":25},"end":{"line":2713,"column":null}},"1032":{"start":{"line":2716,"column":6},"end":{"line":2716,"column":35}},"1033":{"start":{"line":2718,"column":6},"end":{"line":2718,"column":72}},"1034":{"start":{"line":2720,"column":6},"end":{"line":2720,"column":37}},"1035":{"start":{"line":2721,"column":6},"end":{"line":2721,"column":18}},"1036":{"start":{"line":2723,"column":6},"end":{"line":2723,"column":23}},"1037":{"start":{"line":2726,"column":4},"end":{"line":2726,"column":16}},"1038":{"start":{"line":2730,"column":0},"end":{"line":2763,"column":3}},"1039":{"start":{"line":2731,"column":2},"end":{"line":2762,"column":3}},"1040":{"start":{"line":2732,"column":19},"end":{"line":2732,"column":76}},"1041":{"start":{"line":2733,"column":19},"end":{"line":2733,"column":79}},"1042":{"start":{"line":2734,"column":19},"end":{"line":2734,"column":37}},"1043":{"start":{"line":2736,"column":19},"end":{"line":2736,"column":39}},"1044":{"start":{"line":2737,"column":4},"end":{"line":2759,"column":5}},"1045":{"start":{"line":2738,"column":23},"end":{"line":2740,"column":null}},"1046":{"start":{"line":2742,"column":20},"end":{"line":2742,"column":52}},"1047":{"start":{"line":2743,"column":20},"end":{"line":2743,"column":49}},"1048":{"start":{"line":2745,"column":21},"end":{"line":2754,"column":null}},"1049":{"start":{"line":2756,"column":6},"end":{"line":2756,"column":87}},"1050":{"start":{"line":2758,"column":6},"end":{"line":2758,"column":23}},"1051":{"start":{"line":2761,"column":4},"end":{"line":2761,"column":16}},"1052":{"start":{"line":2766,"column":0},"end":{"line":2784,"column":3}},"1053":{"start":{"line":2767,"column":2},"end":{"line":2783,"column":3}},"1054":{"start":{"line":2768,"column":19},"end":{"line":2768,"column":39}},"1055":{"start":{"line":2769,"column":4},"end":{"line":2780,"column":5}},"1056":{"start":{"line":2770,"column":21},"end":{"line":2772,"column":null}},"1057":{"start":{"line":2774,"column":6},"end":{"line":2776,"column":7}},"1058":{"start":{"line":2775,"column":8},"end":{"line":2775,"column":92}},"1059":{"start":{"line":2777,"column":6},"end":{"line":2777,"column":56}},"1060":{"start":{"line":2779,"column":6},"end":{"line":2779,"column":23}},"1061":{"start":{"line":2782,"column":4},"end":{"line":2782,"column":16}},"1062":{"start":{"line":2786,"column":0},"end":{"line":2834,"column":3}},"1063":{"start":{"line":2787,"column":2},"end":{"line":2833,"column":3}},"1064":{"start":{"line":2788,"column":19},"end":{"line":2788,"column":29}},"1065":{"start":{"line":2789,"column":35},"end":{"line":2789,"column":43}},"1066":{"start":{"line":2790,"column":4},"end":{"line":2792,"column":5}},"1067":{"start":{"line":2791,"column":6},"end":{"line":2791,"column":92}},"1068":{"start":{"line":2793,"column":19},"end":{"line":2793,"column":39}},"1069":{"start":{"line":2794,"column":4},"end":{"line":2830,"column":5}},"1070":{"start":{"line":2795,"column":6},"end":{"line":2795,"column":34}},"1071":{"start":{"line":2798,"column":6},"end":{"line":2813,"column":7}},"1072":{"start":{"line":2799,"column":28},"end":{"line":2801,"column":null}},"1073":{"start":{"line":2803,"column":8},"end":{"line":2803,"column":155}},"1074":{"start":{"line":2803,"column":45},"end":{"line":2803,"column":76}},"1075":{"start":{"line":2803,"column":77},"end":{"line":2803,"column":153}},"1076":{"start":{"line":2805,"column":23},"end":{"line":2805,"column":45}},"1077":{"start":{"line":2806,"column":25},"end":{"line":2808,"column":null}},"1078":{"start":{"line":2810,"column":8},"end":{"line":2810,"column":162}},"1079":{"start":{"line":2810,"column":40},"end":{"line":2810,"column":71}},"1080":{"start":{"line":2810,"column":72},"end":{"line":2810,"column":160}},"1081":{"start":{"line":2812,"column":8},"end":{"line":2812,"column":105}},"1082":{"start":{"line":2815,"column":21},"end":{"line":2819,"column":null}},"1083":{"start":{"line":2821,"column":6},"end":{"line":2821,"column":148}},"1084":{"start":{"line":2821,"column":38},"end":{"line":2821,"column":69}},"1085":{"start":{"line":2821,"column":70},"end":{"line":2821,"column":146}},"1086":{"start":{"line":2823,"column":6},"end":{"line":2823,"column":35}},"1087":{"start":{"line":2824,"column":6},"end":{"line":2824,"column":56}},"1088":{"start":{"line":2826,"column":6},"end":{"line":2826,"column":37}},"1089":{"start":{"line":2827,"column":6},"end":{"line":2827,"column":16}},"1090":{"start":{"line":2829,"column":6},"end":{"line":2829,"column":23}},"1091":{"start":{"line":2832,"column":4},"end":{"line":2832,"column":16}},"1092":{"start":{"line":2836,"column":0},"end":{"line":2955,"column":2}},"1093":{"start":{"line":2841,"column":19}
[...]
":0,"478":0,"479":0,"480":0,"481":16,"482":5,"483":5,"484":5,"485":5,"486":5,"487":5,"488":5,"489":0,"490":0,"491":5,"492":5,"493":1,"494":1,"495":4,"496":4,"497":4,"498":1,"499":1,"500":3,"501":3,"502":3,"503":3,"504":0,"505":0,"506":0,"507":0,"508":3,"509":0,"510":0,"511":3,"512":0,"513":0,"514":3,"515":0,"516":0,"517":3,"518":2,"519":2,"520":2,"521":2,"522":1,"523":1,"524":1,"525":2,"526":1,"527":3,"528":3,"529":3,"530":3,"531":5,"532":0,"533":16,"534":3,"535":3,"536":3,"537":1,"538":2,"539":2,"540":1,"541":1,"542":1,"543":0,"544":1,"545":1,"546":0,"547":0,"548":1,"549":1,"550":1,"551":0,"552":16,"553":0,"554":0,"555":0,"556":0,"557":0,"558":0,"559":0,"560":0,"561":0,"562":0,"563":0,"564":0,"565":0,"566":0,"567":0,"568":0,"569":0,"570":0,"571":0,"572":0,"573":0,"574":0,"575":16,"576":0,"577":0,"578":0,"579":0,"580":0,"581":0,"582":0,"583":0,"584":0,"585":0,"586":0,"587":0,"588":0,"589":0,"590":0,"591":0,"592":0,"593":16,"594":0,"595":0,"596":0,"597":0,"598":0,"599":0,"600":0,"601":0,"602":0,"603":0,"604":0,"605":0,"606":0,"607":0,"608":0,"609":0,"610":0,"611":0,"612":0,"613":0,"614":0,"615":0,"616":0,"617":0,"618":0,"619":0,"620":0,"621":0,"622":0,"623":0,"624":0,"625":0,"626":0,"627":16,"628":4,"629":4,"630":4,"631":2,"632":2,"633":2,"634":2,"635":1,"636":1,"637":1,"638":1,"639":1,"640":1,"641":1,"642":1,"643":1,"644":0,"645":16,"646":6,"647":6,"648":6,"649":1,"650":5,"651":5,"652":1,"653":4,"654":4,"655":4,"656":1,"657":3,"658":3,"659":1,"660":2,"661":0,"662":2,"663":2,"664":2,"665":2,"666":0,"667":2,"668":1,"669":1,"670":1,"671":1,"672":1,"673":1,"674":0,"675":16,"676":5,"677":5,"678":5,"679":1,"680":1,"681":4,"682":4,"683":4,"684":4,"685":4,"686":1,"687":3,"688":3,"689":1,"690":2,"691":1,"692":1,"693":1,"694":1,"695":1,"696":1,"697":1,"698":4,"699":0,"700":16,"701":4,"702":4,"703":4,"704":2,"705":2,"706":2,"707":2,"708":2,"709":2,"710":1,"711":1,"712":1,"713":1,"714":1,"715":1,"716":1,"717":1,"718":2,"719":0,"720":16,"721":5,"722":5,"723":5,"724":1,"725":1,"726":4,"727":4,"728":4,"729":4,"730":4,"731":1,"732":3,"733":3,"734":1,"735":2,"736":1,"737":1,"738":1,"739":1,"740":1,"741":1,"742":4,"743":0,"744":16,"745":2,"746":2,"747":2,"748":0,"749":0,"750":0,"751":0,"752":0,"753":0,"754":0,"755":0,"756":0,"757":0,"758":0,"759":0,"760":0,"761":0,"762":0,"763":0,"764":0,"765":0,"766":0,"767":0,"768":0,"769":0,"770":0,"771":0,"772":0,"773":0,"774":0,"775":0,"776":0,"777":0,"778":0,"779":16,"780":0,"781":0,"782":0,"783":0,"784":0,"785":0,"786":0,"787":0,"788":0,"789":0,"790":0,"791":0,"792":0,"793":0,"794":0,"795":0,"796":0,"797":0,"798":0,"799":0,"800":0,"801":16,"802":0,"803":0,"804":0,"805":0,"806":0,"807":0,"808":0,"809":16,"810":6,"811":6,"812":6,"813":2,"814":2,"815":4,"816":4,"817":2,"818":2,"819":1,"820":3,"821":3,"822":1,"823":3,"824":3,"825":3,"826":3,"827":3,"828":3,"829":3,"830":5,"831":5,"832":5,"833":0,"834":0,"835":5,"836":5,"837":1,"838":1,"839":4,"840":4,"841":4,"842":4,"843":4,"844":4,"845":4,"846":4,"847":4,"848":4,"849":4,"850":4,"851":0,"852":4,"853":0,"854":4,"855":4,"856":4,"857":3,"858":3,"859":3,"860":3,"861":3,"862":3,"863":3,"864":3,"865":4,"866":4,"867":3,"868":4,"869":3,"870":3,"871":3,"872":0,"873":0,"874":0,"875":0,"876":0,"877":0,"878":3,"879":1,"880":3,"881":3,"882":3,"883":0,"884":16,"885":3,"886":3,"887":3,"888":2,"889":2,"890":1,"891":1,"892":1,"893":1,"894":1,"895":1,"896":1,"897":2,"898":2,"899":2,"900":2,"901":2,"902":2,"903":0,"904":0,"905":2,"906":2,"907":2,"908":1,"909":1,"910":1,"911":1,"912":1,"913":2,"914":1,"915":1,"916":0,"917":16,"918":2,"919":2,"920":2,"921":2,"922":2,"923":2,"924":2,"925":2,"926":2,"927":2,"928":2,"929":2,"930":1,"931":1,"932":1,"933":1,"934":1,"935":0,"936":0,"937":2,"938":0,"939":0,"940":2,"941":2,"942":2,"943":2,"944":2,"945":2,"946":2,"947":2,"948":0,"949":16,"950":2,"951":2,"952":2,"953":2,"954":2,"955":2,"956":2,"957":1,"958":1,"959":1,"960":0,"961":1,"962":1,"963":1,"964":1,"965":0,"966":1,"967":0,"968":1,"969":1,"970":1,"971":1,"972":1,"973":1,"974":1,"975":1,"976":0,"977":1,"978":0,"979":1,"980":1,"981":0,"982":0,"983":0,"984":1,"985":1,"986":0,"987":1,"988":1,"989":2,"990":0,"991":16,"992":2,"993":2,"994":2,"995":2,"996":2,"997":2,"998":2,"999":2,"1000":0,"1001":2,"1002":2,"1003":1,"1004":1,"1005":1,"1006":2,"1007":0,"1008":16,"1009":1,"1010":1,"1011":1,"1012":1,"1013":1,"1014":1,"1015":1,"1016":0,"1017":16,"1018":16,"1019":2,"1020":2,"1021":2,"1022":2,"1023":2,"1024":2,"1025":1,"1026":1,"1027":1,"1028":1,"1029":1,"1030":1,"1031":1,"1032":1,"1033":1,"1034":0,"1035":0,"1036":2,"1037":0,"1038":16,"1039":2,"1040":2,"1041":2,"1042":2,"1043":2,"1044":2,"1045":2,"1046":2,"1047":2,"1048":2,"1049":2,"1050":2,"1051":0,"1052":16,"1053":2,"1054":2,"1055":2,"1056":2,"1057":2,"1058":1,"1059":1,"1060":2,"1061":0,"1062":16,"1063":5,"1064":5,"1065":5,"1066":5,"1067":1,"1068":4,"1069":4,"1070":4,"1071":4,"1072":2,"1073":2,"1074":0,"1075":0,"1076":2,"1077":2,"1078":2,"1079":1,"1080":1,"1081":1,"1082":3,"1083":3,"1084":1,"1085":1,"1086":2,"1087":2,"1088":0,"1089":0,"1090":4,"1091":0,"1092":16,"1093":4,"1094":4,"1095":4,"1096":4,"1097":4,"1098":1,"1099":3,"1100":3,"1101":3,"1102":1,"1103":1,"1104":2,"1105":1,"1106":1,"1107":2,"1108":1,"1109":2,"1110":2,"1111":2,"1112":2,"1113":2,"1114":0,"1115":0,"1116":4,"1117":16,"1118":2,"1119":2,"1120":2,"1121":2,"1122":2,"1123":2,"1124":1,"1125":1,"1126":2,"1127":2,"1128":0,"1129":16,"1130":5,"1131":5,"1132":5,"1133":5,"1134":5,"1135":5,"1136":1,"1137":4,"1138":4,"1139":2,"1140":2,"1141":1,"1142":1,"1143":1,"1144":2,"1145":2,"1146":1,"1147":2,"1148":2,"1149":2,"1150":2,"1151":2,"1152":0,"1153":0,"1154":0,"1155":2,"1156":5,"1157":0,"1158":16,"1159":4,"1160":4,"1161":4,"1162":4,"1163":4,"1164":4,"1165":4,"1166":4,"1167":4,"1168":4,"1169":4,"1170":4,"1171":1,"1172":1,"1173":4,"1174":0,"1175":0,"1176":4,"1177":0,"1178":0,"1179":4,"1180":4,"1181":4,"1182":4,"1183":4,"1184":4,"1185":4,"1186":0,"1187":16,"1188":9,"1189":9,"1190":9,"1191":9,"1192":9,"1193":2,"1194":7,"1195":7,"1196":7,"1197":7,"1198":1,"1199":6,"1200":1,"1201":1,"1202":1,"1203":6,"1204":6,"1205":0,"1206":0,"1207":0,"1208":0,"1209":6,"1210":7,"1211":0,"1212":16,"1213":4,"1214":4,"1215":4,"1216":4,"1217":4,"1218":4,"1219":1,"1220":3,"1221":3,"1222":3,"1223":4,"1224":0,"1225":16,"1226":4,"1227":4,"1228":4,"1229":4,"1230":4,"1231":4,"1232":4,"1233":1,"1234":1,"1235":4,"1236":4,"1237":4,"1238":4,"1239":0,"1240":16,"1241":7,"1242":7,"1243":7,"1244":7,"1245":2,"1246":2,"1247":7,"1248":7,"1249":7,"1250":7,"1251":7,"1252":1,"1253":1,"1254":1,"1255":1,"1256":7,"1257":7,"1258":1,"1259":6,"1260":6,"1261":6,"1262":4,"1263":6,"1264":7,"1265":0,"1266":16,"1267":16,"1268":16,"1269":4,"1270":4,"1271":4,"1272":4,"1273":2,"1274":2,"1275":1,"1276":1,"1277":1,"1278":2,"1279":2,"1280":1,"1281":1,"1282":1,"1283":4,"1284":0,"1285":16,"1286":5,"1287":5,"1288":5,"1289":5,"1290":5,"1291":1,"1292":1,"1293":0,"1294":0,"1295":0,"1296":0,"1297":0,"1298":0,"1299":4,"1300":3,"1301":3,"1302":0,"1303":3,"1304":2,"1305":2,"1306":1,"1307":1,"1308":1,"1309":1,"1310":1,"1311":1,"1312":1,"1313":0,"1314":0,"1315":0,"1316":0,"1317":0,"1318":3,"1319":5,"1320":0,"1321":16,"1322":2,"1323":2,"1324":2,"1325":0,"1326":0,"1327":0,"1328":0,"1329":0,"1330":0,"1331":0,"1332":0,"1333":0,"1334":0,"1335":0,"1336":0,"1337":0,"1338":0,"1339":16,"1340":2,"1341":2,"1342":2,"1343":2,"1344":2,"1345":2,"1346":2,"1347":0,"1348":16,"1349":16,"1350":0,"1351":0,"1352":0,"1353":0,"1354":0,"1355":0,"1356":0,"1357":16,"1358":0,"1359":0,"1360":0,"1361":0,"1362":0,"1363":0,"1364":0,"1365":0,"1366":0,"1367":0,"1368":0,"1369":0,"1370":0,"1371":0,"1372":0,"1373":0,"1374":0,"1375":0,"1376":0,"1377":0,"1378":0,"1379":0,"1380":0,"1381":0,"1382":0,"1383":0,"1384":0,"1385":0,"1386":0,"1387":0,"1388":0,"1389":0,"1390":0,"1391":0,"1392":0,"1393":0,"1394":0,"1395":16,"1396":0,"1397":0,"1398":16,"1399":0,"1400":0,"1401":16,"1402":3,"1403":3,"1404":3,"1405":1,"1406":2,"1407":2,"1408":0,"1409":16,"1410":2,"1411":2,"1412":2,"1413":0,"1414":16,"1415":1,"1416":1,"1417":1,"1418":0,"1419":16,"1420":2,"1421":2,"1422":2,"1423":2,"1424":2,"1425":1,"1426":1,"1427":2,"1428":2,"1429":2,"1430":0,"1431":16,"1432":4,"1433":4,"1434":4,"1435":2,"1436":2,"1437":2,"1438":0,"1439":16,"1440":4,"1441":4,"1442":4,"1443":1,"1444":3,"1445":3,"1446":1,"1447":2,"1448":2,"1449":2,"1450":2,"1451":0,"1452":16,"1453":3,"1454":3,"1455":3,"1456":3,"1457":1,"1458":2,"1459":2,"1460":2,"1461":0,"1462":0,"1463":0,"1464":2,"1465":1,"1466":1,"1467":1,"1468":0,"1469":1,"1470":1,"1471":0,"1472":16,"1473":3,"1474":3,"1475":3,"1476":1,"1477":2,"1478":2,"1479":0,"1480":0,"1481":0,"1482":2,"1483":1,"1484":1,"1485":0,"1486":16,"1487":0,"1488":0,"1489":0,"1490":0,"1491":0,"1492":0,"1493":0,"1494":0,"1495":0,"1496":0,"1497":16,"1498":2,"1499":2,"1500":2,"1501":2,"1502":2,"1503":0,"1504":2,"1505":2,"1506":0,"1507":0,"1508":0,"1509":2,"1510":0,"1511":2,"1512":2,"1513":2,"1514":0,"1515":2,"1516":2,"1517":2,"1518":2,"1519":0,"1520":2,"1521":0,"1522":2,"1523":2,"1524":2,"1525":1,"1526":1,"1527":1,"1528":1,"1529":1,"1530":1,"1531":1,"1532":0,"1533":0,"1534":0,"1535":1,"1536":16,"1537":4,"1538":4,"1539":4,"1540":2,"1541":2,"1542":2,"1543":1,"1544":1,"1545":1,"1546":16,"1547":5,"1548":5,"1549":5,"1550":1,"1551":4,"1552":4,"1553":4,"1554":1,"1555":3,"1556":3,"1557":1,"1558":2,"1559":2,"1560":1,"1561":1,"1562":0,"1563":16,"1564":2,"1565":2,"1566":2,"1567":2,"1568":2,"1569":2,"1570":0,"1571":2,"1572":2,"1573":2,"1574":0,"1575":16,"1576":4,"1577":4,"1578":4,"1579":4,"1580":4,"1581":4,"1582":4,"1583":4,"1584":4,"1585":1,"1586":1,"1587":4,"1588":1,"1589":1,"1590":4,"1591":4,"1592":4,"1593":0,"1594":16,"1595":2,"1596":2,"1597":2,"1598":2,"1599":1,"1600":2,"1601":1,"1602":2,"1603":2,"1604":2,"1605":0,"1606":16,"1607":16,"1608":3,"1609":3,"1610":3,"1611":3,"1612":3,"1613":3,"1614":3,"1615":3,"1616":0,"1617":16,"1618":3,"1619":3,"1620":3,"1621":3,"1622":3,"1623":3,"1624":3,"1625":3,"1626":3,"1627":3,"1628":0,"1629":16,"1630":0,"1631":0,"1632":0,"1633":0,"1634":0,"1635":0,"1636":0,"1637":0,"1638":0,"1639":0,"1640":0,"1641":0,"1642":0,"1643":0,"1644":0,"1645":0,"1646":0,"1647":0,"1648":0,"1649":16,"1650":0,"1651":0,"1652":0,"1653":0,"1654":0,"1655":0,"1656":0,"1657":0,"1658":0,"1659":0,"1660":0,"1661":0,"1662":0,"1663":0,"1664":0,"1665":0,"1666":0,"1667":16,"1668":0,"1669":0,"1670":0,"1671":0,"1672":0,"1673":0,"1674":0,"1675":16,"1676":3,"1677":3,"1678":3,"1679":20,"1680":0,"1681":20,"1682":20,"1683":3,"1684":3,"1685":2,"1686":3,"1687":3,"1688":3,"1689":3,"1690":3,"1691":0,"1692":16,"1693":4,"1694":4,"1695":4,"1696":4,"1697":4,"1698":4,"1699":2,"1700":2,"1701":2,"1702":2,"1703":2,"1704":2,"1705":2,"1706":0,"1707":0,"1708":4,"1709":0,"1710":16,"1711":28,"1712":28,"1713":4,"1714":24,"1715":16,"1716":2,"1717":2,"1718":2,"1719":2,"1720":0,"1721":0,"1722":0,"1723":0,"1724":0,"1725":0,"1726":0,"1727":0,"1728":0,"1729":0,"1730":16,"1731":16,"1732":3,"1733":3,"1734":3,"1735":1,"1736":2,"1737":2,"1738":1,"1739":1,"1740":1,"1741":0,"1742":16,"1743":4,"1744":4,"1745":4,"1746":1,"1747":3,"1748":3,"1749":1,"1750":2,"1751":2,"1752":2,"1753":2,"1754":2,"1755":0,"1756":16,"1757":4,"1758":4,"1759":4,"1760":1,"1761":3,"1762":3,"1763":3,"1764":1,"1765":2,"1766":2,"1767":0,"1768":0,"1769":16,"1770":3,"1771":3,"1772":3,"1773":1,"1774":2,"1775":2,"1776":1,"1777":1,"1778":1,"1779":0,"1780":0,"1781":16,"1782":16,"1783":3,"1784":3,"1785":3,"1786":0,"1787":3,"1788":3,"1789":3,"1790":3,"1791":3,"1792":1,"1793":2,"1794":2,"1795":0,"1796":16,"1797":3,"1798":3,"1799":3,"1800":3,"1801":1,"1802":1,"1803":2,"1804":2,"1805":2,"1806":1,"1807":1,"1808":1,"1809":1,"1810":1,"1811":1,"1812":1,"1813":1,"1814":1,"1815":1,"1816":1,"1817":0,"1818":0,"1819":0,"1820":3,"1821":16,"1822":4,"1823":4,"1824":4,"1825":2,"1826":2,"1827":1,"1828":1,"1829":1,"1830":1,"1831":1,"1832":1,"1833":1,"1834":1,"1835":1,"1836":1,"1837":1,"1838":1,"1839":0,"1840":16,"1841":3,"1842":3,"1843":3,"1844":3,"1845":1,"1846":2,"1847":2,"1848":0,"1849":16,"1850":4,"1851":4,"1852":4,"1853":1,"1854":3,"1855":0,"1856":3,"1857":3,"1858":3,"1859":3,"1860":1,"1861":2,"1862":2,"1863":2,"1864":1,"1865":1,"1866":1,"1867":1,"1868":1,"1869":1,"1870":1,"1871":0,"1872":0,"1873":1,"1874":1,"1875":1,"1876":1,"1877":1,"1878":1,"1879":0,"1880":0,"1881":3,"1882":0,"1883":16,"1884":0,"1885":0,"1886":0,"1887":0,"1888":0,"1889":0,"1890":0,"1891":0,"1892":0,"1893":0,"1894":0,"1895":0,"1896":0,"1897":16,"1898":0,"1899":0,"1900":0,"1901":0,"1902":0,"1903":0,"1904":0,"1905":0,"1906":0,"1907":0,"1908":0,"1909":0,"1910":0,"1911":0,"1912":0,"1913":0,"1914":0,"1915":0,"1916":0,"1917":0,"1918":0,"1919":0,"1920":0,"1921":0,"1922":0,"1923":0,"1924":0,"1925":0,"1926":0,"1927":0,"1928":0,"1929":0,"1930":0,"1931":0,"1932":0,"1933":0,"1934":0,"1935":0,"1936":0,"1937":0,"1938":0,"1939":0,"1940":0,"1941":0,"1942":0,"1943":0,"1944":0,"1945":0,"1946":0,"1947":16,"1948":0,"1949":0,"1950":0,"1951":0,"1952":0,"1953":0,"1954":0,"1955":0,"1956":0,"1957":0,"1958":16,"1959":2,"1960":2,"1961":2,"1962":0,"1963":16,"1964":16,"1965":16,"1966":0,"1967":16,"1968":0,"1969":0,"1970":0,"1971":0,"1972":0,"1973":0,"1974":0,"1975":0,"1976":0,"1977":0,"1978":0,"1979":16},"f":{"0":0,"1":0,"2":0,"3":0,"4":0,"5":0,"6":0,"7":0,"8":0,"9":0,"10":0,"11":0,"12":0,"13":0,"14":0,"15":0,"16":0,"17":16,"18":0,"19":0,"20":0,"21":0,"22":0,"23":0,"24":0,"25":0,"26":0,"27":0,"28":0,"29":0,"30":0,"31":0,"32":0,"33":0,"34":16,"35":0,"36":0,"37":0,"38":0,"39":0,"40":0,"41":0,"42":0,"43":16,"44":0,"45":0,"46":0,"47":3,"48":1,"49":4,"50":4,"51":16,"52":319,"53":0,"54":192,"55":50,"56":26,"57":319,"58":319,"59":228,"60":688,"61":175,"62":0,"63":1,"64":4,"65":0,"66":3,"67":6,"68":3,"69":2,"70":0,"71":0,"72":0,"73":0,"74":0,"75":5,"76":0,"77":3,"78":0,"79":0,"80":0,"81":0,"82":4,"83":6,"84":5,"85":4,"86":5,"87":2,"88":0,"89":0,"90":6,"91":1,"92":4,"93":3,"94":0,"95":2,"96":2,"97":2,"98":1,"99":2,"100":2,"101":2,"102":5,"103":4,"104":2,"105":5,"106":4,"107":9,"108":4,"109":4,"110":7,"111":4,"112":4,"113":5,"114":2,"115":2,"116":0,"117":0,"118":0,"119":0,"120":0,"121":0,"122":0,"123":0,"124":0,"125":0,"126":0,"127":3,"128":2,"129":1,"130":2,"131":4,"132":4,"133":3,"134":3,"135":0,"136":2,"137":2,"138":0,"139":2,"140":4,"141":5,"142":2,"143":4,"144":2,"145":1,"146":1,"147":3,"148":3,"149":3,"150":0,"151":0,"152":0,"153":3,"154":20,"155":2,"156":4,"157":28,"158":2,"159":0,"160":3,"161":4,"162":4,"163":3,"164":3,"165":3,"166":0,"167":4,"168":3,"169":4,"170":0,"171":0,"172":0,"173":2,"174":0,"175":0,"176":0,"177":0,"178":0},"b":{"0":[0],"1":[0,0],"2":[0,0],"3":[16,16],"4":[0],"5":[16,16],"6":[0],"7":[0],"8":[0,0],"9":[0],"10":[0,0],"11":[0,16],"12":[0,16],"13":[0],"14":[16,16],"15":[16,0],"16":[16,0],"17":[0],"18":[0],"19":[0],"20":[0],"21":[0,0],"22":[0],"23":[0],"24":[0],"25":[2],"26":[0],"27":[4,4],"28":[4],"29":[4,0],"30":[4],"31":[0,0],"32":[16,0],"33":[319,319],"34":[0],"35":[319,319],"36":[17],"37":[40],"38":[0],"39":[0],"40":[0],"41":[0],"42":[0],"43":[0],"44":[175,35,0],"45":[37],"46":[0],"47":[0,0],"48":[1,0],"49":[1,0],"50":[0],"51":[1,0],"52":[1,1],"53":[0,1],"54":[0,0],"55":[0,0],"56":[0,0],"57":[0,0],"58":[0,0],"59":[0,0],"60":[0,1],"61":[1,1],"62":[0,1],"63":[0,1],"64":[0,1],"65":[1,1,1],"66":[0,1],"67":[1,1],"68":[0],"69":[1,0],"70":[1,0],"71":[1],"72":[1],"73":[1],"74":[6,5],"75":[1],"76":[0],"77":[1],"78":[1],"79":[1],"80":[1],"81":[1],"82":[0],"83":[2],"84":[0],"85":[0],"86":[0],"87":[0],"88":[0],"89":[0],"90":[0],"91":[0],"92":[0],"93":[0],"94":[0,0],"95":[0,0],"96":[0],"97":[0,0],"98":[0],"99":[0],"100":[0],"101":[0],"102":[0],"103":[1],"104":[1],"105":[0,0],"106":[0],"107":[0],"108":[0],"109":[0,0],"110":[2],"111":[1],"112":[1],"113":[0,3],"114":[1,2],"115":[0,3],"116":[1,2],"117":[1],"118":[0],"119":[0],"120":[0,0],"121":[0,1],"122":[0],"123":[0],"124":[0],"125":[0],"126":[0],"127":[0],"128":[0],"129":[0,0],"130":[0],"131":[0],"132":[0],"133":[0,0],"134":[0],"135":[0],"136":[0,0],"137":[0,0],"138":[2],"139":[1],"140":[1],"141":[6,6],"142":[1],"143":[1],"144":[1],"145":[0],"146":[1],"147":[1],"148":[1,0],"149":[1],"150":[1],"151":[1],"152":[2],"153":[1],"154":[1],"155":[1,0],"156":[1],"157":[1],"158":[1],"159":[2],"160":[0],"161":[0,0],"162":[0],"163":[0],"164":[0],"165":[0,0],"166":[0],"167":[0],"168":[0],"169":[0],"170":[0],"171":[0],"172":[0],"173":[0,0],"174":[2],"175":[2,0],"176":[2],"177":[1],"178":[0],"179":[5,0],"180":[1],"181":[4],"182":[4],"183":[0,4],"184":[4,4],"185":[0,4],"186":[4,4],"187":[0],"188":[4,4],"189":[4,0],"190":[4,0],"191":[0,4],"192":[4,3],"193":[3,0],"194":[0,0],"195":[1],"196":[2],"197":[2,0],"198":[0],"199":[0,1],"200":[0,1],"201":[0,1],"202":[2,1],"203":[2,1],"204":[1,1],"205":[1],"206":[0],"207":[0],"208":[2,0],"209":[2,0],"210":[1],"211":[1],"212":[1,0],"213":[1,1],"214":[1],"215":[0],"216":[1,0],"217":[0],"218":[1,0],"219":[0,1],"220":[1,1],"221":[0,1],"222":[1,1],"223":[0],"224":[1,1],"225":[0],"226":[0],"227":[1,1,0],"228":[1,1],"229":[1,0],"230":[0],"231":[0],"232":[2,2,0],"233":[2,0],"234":[1],"235":[1],"236":[1,1],"237":[2,1],"238":[2,1],"239":[2,1],"240":[1],"241":[1],"242":[5,4],"243":[2],"244":[4,2],"245":[0],"246":[1],"247":[1,2],"248":[1,2],"249":[1],"250":[1],"251":[1],"252":[1,1],"253":[1],"254":[1],"255":[1],"256":[4,2],"257":[2,2],"258":[1,1],"259":[2,2],"260":[1,0],"261":[1],"262":[2,2],"263":[2],"264":[0],"265":[0,0],"266":[0,0],"267":[4,4],"268":[4,4],"269":[1],"270":[0],"271":[0],"272":[4,1],"273":[2],"274":[9,8],"275":[1],"276":[1],"277":[1],"278":[0],"279":[0,0],"280":[0,0],"281":[0,0],"282":[1],"283":[3,2],"284":[1],"285":[2],"286":[7,6],"287":[1],"288":[1],"289":[1],"290":[2,2],"291":[1],"292":[1,0],"293":[1,0],"294":[1,0],"295":[1,0],"296":[1,0],"297":[1,0],"298":[1,1],"299":[1],"300":[1,0],"301":[1,0],"302":[1],"303":[1],"304":[0],"305":[3,1],"306":[0],"307":[2],"308":[3,2],"309":[1],"310":[1,0],"311":[1],"312":[0],"313":[1,0],"314":[0],"315":[2],"316":[0],"317":[0],"318":[0],"319":[2,1],"320":[2,2],"321":[2,1],"322":[2,1],"323":[0,0],"324":[0],"325":[0,0],"326":[0,0],"327":[0],"328":[0,0],"329":[0],"330":[0,0],"331":[0,0],"332":[0],"333":[0],"334":[0],"335":[0],"336":[1],"337":[2,1],"338":[1],"339":[2],"340":[4,3],"341":[2,1],"342":[1],"343":[1],"344":[3,1],"345":[1],"346":[0,0],"347":[1],"348":[3,1],"349":[1],"350":[1],"351":[0],"352":[0,0],"353":[0,0],"354":[0],"355":[0,0],"356":[2,0],"357":[2,0],"358":[2,0],"359":[0],"360":[0,0],"361":[0],"362":[0],"363":[1],"364":[2,1],"365":[1,0],"366":[0],"367":[0,0],"368":[2],"369":[4,2],"370":[1,0],"371":[1],"372":[5,5,4],"373":[1],"374":[1],"375":[1],"376":[2,2],"377":[2,2],"378":[2,0],"379":[0],"380":[4,4],"381":[4,4],"382":[1],"383":[1],"384":[2,1],"385":[1,0],"386":[1,0],"387":[0],"388":[0,0],"389":[0],"390":[0,0],"391":[0,0],"392":[0],"393":[0],"394":[0],"395":[0,20],"396":[2,0],"397":[2,2],"398":[2],"399":[4],"400":[28,25],"401":[0],"402":[0,0],"403":[1],"404":[1],"405":[1],"406":[1],"407":[1,1],"408":[2,1],"409":[1],"410":[3,2],"411":[1],"412":[1],"413":[1],"414":[0],"415":[1],"416":[1],"417":[1],"418":[2],"419":[4,3],"420":[1],"421":[2,1],"422":[1,0],"423":[1,0],"424":[0,1],"425":[1],"426":[1,0],"427":[1,0],"428":[1,0],"429":[1,1],"430":[1,0],"431":[1,0],"432":[1,1],"433":[1,0],"434":[1],"435":[1],"436":[4,4,4,3,3],"437":[0],"438":[1],"439":[1],"440":[1,0],"441":[0,0],"442":[0,0],"443":[1,0],"444":[0],"445":[0,0],"446":[0],"447":[0],"448":[0,0,0,0,0],"449":[0],"450":[0],"451":[0,0],"452":[0],"453":[0,0,0,0],"454":[0],"455":[0],"456":[0,0],"457":[0],"458":[0,0,0],"459":[0],"460":[0],"461":[0],"462":[0,0],"463":[0,0],"464":[0],"465":[0],"466":[0],"467":[16,16,16],"468":[0,0]}}
,"D:\\Gym Final 16.04.2026\\Gym\\Backend\\gym-retention-final\\backend\\src\\swagger.ts": {"path":"D:\\Gym Final 16.04.2026\\Gym\\Backend\\gym-retention-final\\backend\\src\\swagger.ts","statementMap":{"0":{"start":{"line":1,"column":0},"end":{"line":1,"column":41}},"1":{"start":{"line":3,"column":13},"end":{"line":1606,"column":2}},"2":{"start":{"line":1608,"column":0},"end":{"line":1608,"column":20}}},"fnMap":{},"branchMap":{},"s":{"0":16,"1":16,"2":16},"f":{},"b":{}}
}
