TN:
SF:src\firebase-entry.ts
FNF:0
FNH:0
DA:1,0
DA:2,0
DA:6,0
LF:3
LH:0
BRF:0
BRH:0
end_of_record
TN:
SF:src\server.ts
FN:178,(anonymous_10)
FN:183,(anonymous_11)
FN:185,(anonymous_12)
FN:186,(anonymous_13)
FN:187,(anonymous_14)
FN:188,(anonymous_15)
FN:189,(anonymous_16)
FN:190,(anonymous_17)
FN:200,(anonymous_18)
FN:217,(anonymous_19)
FN:218,(anonymous_20)
FN:229,(anonymous_21)
FN:246,(anonymous_22)
FN:247,(anonymous_23)
FN:248,(anonymous_24)
FN:249,(anonymous_25)
FN:251,(anonymous_26)
FN:253,(anonymous_27)
FN:255,(anonymous_28)
FN:257,(anonymous_29)
FN:259,(anonymous_30)
FN:260,(anonymous_31)
FN:262,(anonymous_32)
FN:263,(anonymous_33)
FN:264,(anonymous_34)
FN:265,(anonymous_35)
FN:266,(anonymous_36)
FN:268,(anonymous_37)
FN:270,(anonymous_38)
FN:273,(anonymous_39)
FN:275,(anonymous_40)
FN:276,(anonymous_41)
FN:277,(anonymous_42)
FN:278,(anonymous_43)
FN:286,(anonymous_44)
FN:288,(anonymous_45)
FN:291,(anonymous_46)
FN:292,(anonymous_47)
FN:293,(anonymous_48)
FN:294,(anonymous_49)
FN:313,(anonymous_50)
FN:314,(anonymous_51)
FN:315,(anonymous_52)
FN:320,(anonymous_53)
FN:372,(anonymous_54)
FN:387,(anonymous_55)
FN:406,(anonymous_56)
FN:414,generateDisplayId
FN:432,generateInviteCode
FN:442,(anonymous_59)
FN:460,(anonymous_60)
FN:595,(anonymous_61)
FN:600,(anonymous_62)
FN:621,(anonymous_63)
FN:638,(anonymous_64)
FN:639,(anonymous_65)
FN:648,(anonymous_66)
FN:663,(anonymous_67)
FN:665,(anonymous_68)
FN:688,(anonymous_69)
FN:726,(anonymous_70)
FN:727,(anonymous_71)
FN:744,(anonymous_72)
FN:755,(anonymous_73)
FN:815,(anonymous_74)
FN:828,(anonymous_75)
FN:841,(anonymous_76)
FN:925,(anonymous_77)
FN:983,(anonymous_78)
FN:1034,(anonymous_79)
FN:1080,(anonymous_80)
FN:1187,(anonymous_81)
FN:1220,(anonymous_82)
FN:1238,(anonymous_83)
FN:1278,(anonymous_84)
FN:1347,(anonymous_85)
FN:1450,(anonymous_86)
FN:1497,(anonymous_87)
FN:1553,(anonymous_88)
FN:1591,(anonymous_89)
FN:1622,(anonymous_90)
FN:1662,(anonymous_91)
FN:1752,(anonymous_92)
FN:1805,(anonymous_93)
FN:1868,(anonymous_94)
FN:1927,(anonymous_95)
FN:1981,(anonymous_96)
FN:2038,(anonymous_97)
FN:2136,(anonymous_98)
FN:2193,(anonymous_99)
FN:2214,(anonymous_100)
FN:2239,(anonymous_101)
FN:2309,(anonymous_102)
FN:2370,(anonymous_103)
FN:2416,(anonymous_104)
FN:2441,(anonymous_105)
FN:2512,(anonymous_106)
FN:2611,(anonymous_107)
FN:2650,(anonymous_108)
FN:2684,(anonymous_109)
FN:2730,(anonymous_110)
FN:2766,(anonymous_111)
FN:2786,(anonymous_112)
FN:2840,(anonymous_113)
FN:2957,(anonymous_114)
FN:2988,(anonymous_115)
FN:3072,(anonymous_116)
FN:3136,(anonymous_117)
FN:3217,(anonymous_118)
FN:3253,(anonymous_119)
FN:3283,(anonymous_120)
FN:3335,(anonymous_121)
FN:3374,(anonymous_122)
FN:3444,(anonymous_123)
FN:3498,(anonymous_124)
FN:3535,(anonymous_125)
FN:3570,(anonymous_126)
FN:3577,(anonymous_127)
FN:3584,(anonymous_128)
FN:3599,(anonymous_129)
FN:3604,(anonymous_130)
FN:3632,(anonymous_131)
FN:3646,(anonymous_132)
FN:3651,(anonymous_133)
FN:3652,(anonymous_134)
FN:3663,(anonymous_135)
FN:3669,(anonymous_136)
FN:3677,(anonymous_137)
FN:3694,(anonymous_138)
FN:3706,(anonymous_139)
FN:3714,(anonymous_140)
FN:3731,(anonymous_141)
FN:3747,(anonymous_142)
FN:3772,(anonymous_143)
FN:3828,(anonymous_144)
FN:3884,(anonymous_145)
FN:3898,(anonymous_146)
FN:3943,resolveMemberId
FN:3971,(anonymous_148)
FN:3977,razorpayRequest
FN:4001,(anonymous_150)
FN:4019,(anonymous_151)
FN:4048,(anonymous_152)
FN:4070,(anonymous_153)
FN:4104,(anonymous_154)
FN:4116,(anonymous_155)
FN:4119,(anonymous_156)
FN:4158,(anonymous_157)
FN:4200,(anonymous_158)
FN:4250,(anonymous_159)
FN:4272,(anonymous_160)
FN:4326,(anonymous_161)
FN:4368,(anonymous_162)
FN:4387,(anonymous_163)
FN:4400,(anonymous_164)
FN:4407,(anonymous_165)
FN:4428,(anonymous_166)
FN:4481,(anonymous_167)
FN:4490,(anonymous_168)
FN:4543,(anonymous_169)
FN:4558,(anonymous_170)
FN:4574,(anonymous_171)
FN:4594,(anonymous_172)
FN:4613,(anonymous_173)
FN:4635,(anonymous_174)
FN:4665,(anonymous_175)
FN:4728,(anonymous_176)
FN:4741,(anonymous_177)
FN:4797,(anonymous_178)
FN:4828,(anonymous_179)
FN:4925,(anonymous_180)
FN:4960,(anonymous_181)
FN:5080,(anonymous_182)
FN:5101,(anonymous_183)
FN:5123,(anonymous_184)
FN:5137,(anonymous_185)
FN:5144,(anonymous_186)
FN:5146,(anonymous_187)
FN:5147,(anonymous_188)
FNF:179
FNH:93
FNDA:0,(anonymous_10)
FNDA:0,(anonymous_11)
FNDA:0,(anonymous_12)
FNDA:0,(anonymous_13)
FNDA:0,(anonymous_14)
FNDA:0,(anonymous_15)
FNDA:0,(anonymous_16)
FNDA:0,(anonymous_17)
FNDA:0,(anonymous_18)
FNDA:0,(anonymous_19)
FNDA:0,(anonymous_20)
FNDA:0,(anonymous_21)
FNDA:0,(anonymous_22)
FNDA:0,(anonymous_23)
FNDA:0,(anonymous_24)
FNDA:0,(anonymous_25)
FNDA:0,(anonymous_26)
FNDA:16,(anonymous_27)
FNDA:0,(anonymous_28)
FNDA:0,(anonymous_29)
FNDA:0,(anonymous_30)
FNDA:0,(anonymous_31)
FNDA:0,(anonymous_32)
FNDA:0,(anonymous_33)
FNDA:0,(anonymous_34)
FNDA:0,(anonymous_35)
FNDA:0,(anonymous_36)
FNDA:0,(anonymous_37)
FNDA:0,(anonymous_38)
FNDA:0,(anonymous_39)
FNDA:0,(anonymous_40)
FNDA:0,(anonymous_41)
FNDA:0,(anonymous_42)
FNDA:0,(anonymous_43)
FNDA:16,(anonymous_44)
FNDA:0,(anonymous_45)
FNDA:0,(anonymous_46)
FNDA:0,(anonymous_47)
FNDA:0,(anonymous_48)
FNDA:0,(anonymous_49)
FNDA:0,(anonymous_50)
FNDA:0,(anonymous_51)
FNDA:0,(anonymous_52)
FNDA:16,(anonymous_53)
FNDA:0,(anonymous_54)
FNDA:0,(anonymous_55)
FNDA:0,(anonymous_56)
FNDA:3,generateDisplayId
FNDA:1,generateInviteCode
FNDA:4,(anonymous_59)
FNDA:4,(anonymous_60)
FNDA:16,(anonymous_61)
FNDA:319,(anonymous_62)
FNDA:0,(anonymous_63)
FNDA:192,(anonymous_64)
FNDA:50,(anonymous_65)
FNDA:26,(anonymous_66)
FNDA:319,(anonymous_67)
FNDA:319,(anonymous_68)
FNDA:228,(anonymous_69)
FNDA:688,(anonymous_70)
FNDA:175,(anonymous_71)
FNDA:0,(anonymous_72)
FNDA:1,(anonymous_73)
FNDA:4,(anonymous_74)
FNDA:0,(anonymous_75)
FNDA:3,(anonymous_76)
FNDA:6,(anonymous_77)
FNDA:3,(anonymous_78)
FNDA:2,(anonymous_79)
FNDA:0,(anonymous_80)
FNDA:0,(anonymous_81)
FNDA:0,(anonymous_82)
FNDA:0,(anonymous_83)
FNDA:0,(anonymous_84)
FNDA:5,(anonymous_85)
FNDA:0,(anonymous_86)
FNDA:3,(anonymous_87)
FNDA:0,(anonymous_88)
FNDA:0,(anonymous_89)
FNDA:0,(anonymous_90)
FNDA:0,(anonymous_91)
FNDA:4,(anonymous_92)
FNDA:6,(anonymous_93)
FNDA:5,(anonymous_94)
FNDA:4,(anonymous_95)
FNDA:5,(anonymous_96)
FNDA:2,(anonymous_97)
FNDA:0,(anonymous_98)
FNDA:0,(anonymous_99)
FNDA:6,(anonymous_100)
FNDA:1,(anonymous_101)
FNDA:4,(anonymous_102)
FNDA:3,(anonymous_103)
FNDA:0,(anonymous_104)
FNDA:2,(anonymous_105)
FNDA:2,(anonymous_106)
FNDA:2,(anonymous_107)
FNDA:1,(anonymous_108)
FNDA:2,(anonymous_109)
FNDA:2,(anonymous_110)
FNDA:2,(anonymous_111)
FNDA:5,(anonymous_112)
FNDA:4,(anonymous_113)
FNDA:2,(anonymous_114)
FNDA:5,(anonymous_115)
FNDA:4,(anonymous_116)
FNDA:9,(anonymous_117)
FNDA:4,(anonymous_118)
FNDA:4,(anonymous_119)
FNDA:7,(anonymous_120)
FNDA:4,(anonymous_121)
FNDA:4,(anonymous_122)
FNDA:5,(anonymous_123)
FNDA:2,(anonymous_124)
FNDA:2,(anonymous_125)
FNDA:0,(anonymous_126)
FNDA:0,(anonymous_127)
FNDA:0,(anonymous_128)
FNDA:0,(anonymous_129)
FNDA:0,(anonymous_130)
FNDA:0,(anonymous_131)
FNDA:0,(anonymous_132)
FNDA:0,(anonymous_133)
FNDA:0,(anonymous_134)
FNDA:0,(anonymous_135)
FNDA:0,(anonymous_136)
FNDA:3,(anonymous_137)
FNDA:2,(anonymous_138)
FNDA:1,(anonymous_139)
FNDA:2,(anonymous_140)
FNDA:4,(anonymous_141)
FNDA:4,(anonymous_142)
FNDA:3,(anonymous_143)
FNDA:3,(anonymous_144)
FNDA:0,(anonymous_145)
FNDA:2,(anonymous_146)
FNDA:2,resolveMemberId
FNDA:0,(anonymous_148)
FNDA:2,razorpayRequest
FNDA:4,(anonymous_150)
FNDA:5,(anonymous_151)
FNDA:2,(anonymous_152)
FNDA:4,(anonymous_153)
FNDA:2,(anonymous_154)
FNDA:1,(anonymous_155)
FNDA:1,(anonymous_156)
FNDA:3,(anonymous_157)
FNDA:3,(anonymous_158)
FNDA:3,(anonymous_159)
FNDA:0,(anonymous_160)
FNDA:0,(anonymous_161)
FNDA:0,(anonymous_162)
FNDA:3,(anonymous_163)
FNDA:20,(anonymous_164)
FNDA:2,(anonymous_165)
FNDA:4,(anonymous_166)
FNDA:28,(anonymous_167)
FNDA:2,(anonymous_168)
FNDA:0,(anonymous_169)
FNDA:3,(anonymous_170)
FNDA:4,(anonymous_171)
FNDA:4,(anonymous_172)
FNDA:3,(anonymous_173)
FNDA:3,(anonymous_174)
FNDA:3,(anonymous_175)
FNDA:0,(anonymous_176)
FNDA:4,(anonymous_177)
FNDA:3,(anonymous_178)
FNDA:4,(anonymous_179)
FNDA:0,(anonymous_180)
FNDA:0,(anonymous_181)
FNDA:0,(anonymous_182)
FNDA:2,(anonymous_183)
FNDA:0,(anonymous_184)
FNDA:0,(anonymous_185)
FNDA:0,(anonymous_186)
FNDA:0,(anonymous_187)
FNDA:0,(anonymous_188)
DA:1,16
DA:2,16
DA:3,16
DA:4,16
DA:5,16
DA:6,16
DA:7,16
DA:8,16
DA:9,16
DA:10,16
DA:11,16
DA:12,16
DA:13,16
DA:14,16
DA:15,16
DA:16,16
DA:17,16
DA:18,16
DA:19,16
DA:21,16
DA:27,16
DA:28,0
DA:33,0
DA:40,16
DA:49,16
DA:50,16
DA:51,16
DA:52,0
DA:53,0
DA:54,0
DA:55,0
DA:58,0
DA:59,0
DA:60,0
DA:62,0
DA:63,0
DA:64,0
DA:72,16
DA:78,16
DA:90,16
DA:91,16
DA:92,16
DA:94,0
DA:95,0
DA:96,0
DA:97,16
DA:99,0
DA:100,0
DA:103,0
DA:124,16
DA:136,16
DA:143,16
DA:149,16
DA:155,16
DA:162,16
DA:163,16
DA:164,16
DA:165,16
DA:171,16
DA:178,16
DA:179,0
DA:183,16
DA:185,16
DA:186,16
DA:187,16
DA:188,16
DA:189,16
DA:190,16
DA:192,16
DA:206,16
DA:218,16
DA:219,16
DA:232,16
DA:247,16
DA:248,16
DA:249,16
DA:251,16
DA:253,16
DA:254,16
DA:257,16
DA:259,16
DA:260,16
DA:262,16
DA:263,16
DA:264,16
DA:265,16
DA:266,16
DA:268,16
DA:270,16
DA:273,16
DA:275,16
DA:276,16
DA:277,16
DA:278,16
DA:281,16
DA:287,16
DA:291,16
DA:292,16
DA:293,16
DA:294,16
DA:297,16
DA:314,16
DA:315,16
DA:320,16
DA:321,16
DA:323,16
DA:326,16
DA:327,16
DA:328,0
DA:329,0
DA:330,0
DA:331,0
DA:335,16
DA:336,16
DA:337,0
DA:338,0
DA:339,0
DA:340,0
DA:344,16
DA:345,16
DA:346,0
DA:347,0
DA:348,0
DA:349,0
DA:352,16
DA:353,16
DA:354,0
DA:357,0
DA:371,16
DA:372,16
DA:373,0
DA:374,0
DA:387,16
DA:393,0
DA:394,0
DA:395,0
DA:402,0
DA:405,0
DA:406,0
DA:408,0
DA:416,3
DA:420,3
DA:424,3
DA:425,3
DA:426,3
DA:427,3
DA:428,1
DA:433,1
DA:434,1
DA:435,8
DA:436,1
DA:441,16
DA:442,16
DA:443,4
DA:444,4
DA:445,4
DA:446,4
DA:447,4
DA:448,4
DA:449,4
DA:451,0
DA:457,0
DA:460,16
DA:461,4
DA:462,4
DA:463,4
DA:464,4
DA:466,0
DA:467,0
DA:468,0
DA:469,0
DA:471,0
DA:472,0
DA:480,16
DA:484,16
DA:491,16
DA:495,16
DA:499,16
DA:504,16
DA:512,16
DA:519,16
DA:533,16
DA:538,16
DA:549,16
DA:556,16
DA:562,16
DA:575,16
DA:587,16
DA:591,16
DA:593,16
DA:594,16
DA:595,16
DA:600,16
DA:601,319
DA:602,319
DA:605,319
DA:608,16
DA:609,16
DA:615,16
DA:622,0
DA:623,0
DA:624,0
DA:628,16
DA:638,16
DA:639,192
DA:640,50
DA:641,50
DA:642,33
DA:643,33
DA:645,17
DA:646,17
DA:648,26
DA:654,0
DA:663,16
DA:664,319
DA:665,319
DA:666,319
DA:667,319
DA:673,319
DA:681,319
DA:688,16
DA:689,228
DA:690,228
DA:691,228
DA:692,40
DA:695,188
DA:696,187
DA:697,0
DA:701,187
DA:702,187
DA:706,187
DA:707,0
DA:709,187
DA:710,0
DA:714,0
DA:717,187
DA:718,187
DA:719,187
DA:721,1
DA:722,1
DA:726,16
DA:727,688
DA:728,175
DA:729,0
DA:731,175
DA:733,175
DA:734,0
DA:736,175
DA:737,37
DA:739,138
DA:744,16
DA:745,0
DA:746,0
DA:748,0
DA:755,16
DA:756,1
DA:757,1
DA:758,1
DA:761,1
DA:762,0
DA:766,1
DA:767,1
DA:768,1
DA:769,0
DA:774,0
DA:775,0
DA:776,0
DA:777,0
DA:778,1
DA:779,0
DA:780,1
DA:781,0
DA:782,1
DA:783,0
DA:784,1
DA:785,0
DA:786,1
DA:788,0
DA:789,1
DA:790,0
DA:793,1
DA:803,16
DA:807,16
DA:809,16
DA:815,16
DA:816,4
DA:825,16
DA:826,16
DA:828,16
DA:829,0
DA:830,0
DA:841,16
DA:842,3
DA:843,3
DA:846,3
DA:850,3
DA:851,1
DA:855,2
DA:859,2
DA:860,1
DA:863,1
DA:864,1
DA:867,1
DA:868,1
DA:871,1
DA:892,1
DA:895,1
DA:911,1
DA:913,1
DA:918,0
DA:925,16
DA:926,6
DA:927,6
DA:928,6
DA:929,1
DA:932,5
DA:938,5
DA:939,1
DA:942,4
DA:944,4
DA:945,0
DA:946,0
DA:950,4
DA:951,1
DA:955,3
DA:956,1
DA:960,2
DA:964,2
DA:965,1
DA:968,1
DA:973,1
DA:974,1
DA:976,0
DA:983,16
DA:984,3
DA:985,3
DA:986,3
DA:988,2
DA:992,2
DA:993,1
DA:995,1
DA:996,1
DA:997,0
DA:1001,1
DA:1002,1
DA:1003,1
DA:1008,1
DA:1023,1
DA:1024,1
DA:1026,0
DA:1034,16
DA:1035,2
DA:1036,2
DA:1037,2
DA:1040,0
DA:1041,0
DA:1042,0
DA:1044,0
DA:1048,0
DA:1049,0
DA:1051,0
DA:1054,0
DA:1055,0
DA:1056,0
DA:1059,0
DA:1064,0
DA:1065,0
DA:1068,0
DA:1070,0
DA:1071,0
DA:1072,0
DA:1075,0
DA:1076,0
DA:1080,0
DA:1081,0
DA:1082,0
DA:1089,0
DA:1090,0
DA:1091,0
DA:1094,0
DA:1098,0
DA:1099,0
DA:1100,0
DA:1101,0
DA:1104,0
DA:1108,0
DA:1109,0
DA:1110,0
DA:1111,0
DA:1114,0
DA:1115,0
DA:1117,0
DA:1118,0
DA:1125,0
DA:1128,0
DA:1134,0
DA:1136,0
DA:1137,0
DA:1139,0
DA:1144,0
DA:1151,0
DA:1159,0
DA:1161,0
DA:1172,0
DA:1173,0
DA:1175,0
DA:1178,0
DA:1187,16
DA:1188,0
DA:1189,0
DA:1190,0
DA:1192,0
DA:1193,0
DA:1194,0
DA:1200,0
DA:1201,0
DA:1203,0
DA:1204,0
DA:1205,0
DA:1207,0
DA:1208,0
DA:1209,0
DA:1210,0
DA:1213,0
DA:1220,0
DA:1230,0
DA:1233,0
DA:1238,16
DA:1239,0
DA:1240,0
DA:1241,0
DA:1243,0
DA:1244,0
DA:1246,0
DA:1247,0
DA:1248,0
DA:1249,0
DA:1251,0
DA:1258,0
DA:1270,0
DA:1273,0
DA:1278,16
DA:1279,0
DA:1280,0
DA:1281,0
DA:1283,0
DA:1286,0
DA:1291,0
DA:1292,0
DA:1293,0
DA:1296,0
DA:1297,0
DA:1298,0
DA:1300,0
DA:1301,0
DA:1302,0
DA:1304,0
DA:1313,0
DA:1320,0
DA:1322,0
DA:1324,0
DA:1333,0
DA:1334,0
DA:1336,0
DA:1339,0
DA:1347,16
DA:1348,5
DA:1349,5
DA:1350,5
DA:1352,5
DA:1353,5
DA:1359,5
DA:1361,5
DA:1362,0
DA:1363,0
DA:1366,5
DA:1368,5
DA:1369,1
DA:1370,1
DA:1373,4
DA:1374,4
DA:1376,4
DA:1377,1
DA:1378,1
DA:1382,3
DA:1383,3
DA:1384,3
DA:1387,3
DA:1390,0
DA:1391,0
DA:1394,0
DA:1395,0
DA:1397,3
DA:1398,0
DA:1399,0
DA:1401,3
DA:1402,0
DA:1403,0
DA:1407,3
DA:1408,0
DA:1412,0
DA:1419,3
DA:1421,2
DA:1422,2
DA:1426,2
DA:1430,2
DA:1431,1
DA:1432,1
DA:1441,1
DA:1446,2
DA:1447,1
DA:1454,3
DA:1464,3
DA:1470,3
DA:1472,3
DA:1484,5
DA:1487,0
DA:1497,16
DA:1498,3
DA:1499,3
DA:1500,3
DA:1501,1
DA:1505,2
DA:1506,2
DA:1508,1
DA:1512,1
DA:1516,1
DA:1517,0
DA:1520,1
DA:1523,1
DA:1524,0
DA:1528,0
DA:1531,1
DA:1536,1
DA:1542,1
DA:1544,0
DA:1553,16
DA:1554,0
DA:1555,0
DA:1556,0
DA:1557,0
DA:1560,0
DA:1561,0
DA:1563,0
DA:1566,0
DA:1567,0
DA:1569,0
DA:1581,0
DA:1582,0
DA:1586,0
DA:1587,0
DA:1591,0
DA:1602,0
DA:1603,0
DA:1609,0
DA:1617,0
DA:1622,16
DA:1623,0
DA:1624,0
DA:1625,0
DA:1626,0
DA:1629,0
DA:1630,0
DA:1632,0
DA:1633,0
DA:1639,0
DA:1641,0
DA:1642,0
DA:1647,0
DA:1655,0
DA:1662,16
DA:1663,0
DA:1664,0
DA:1665,0
DA:1666,0
DA:1667,0
DA:1671,0
DA:1672,0
DA:1674,0
DA:1675,0
DA:1677,0
DA:1678,0
DA:1680,0
DA:1687,0
DA:1688,0
DA:1690,0
DA:1694,0
DA:1696,0
DA:1698,0
DA:1702,0
DA:1705,0
DA:1709,0
DA:1710,0
DA:1712,0
DA:1717,0
DA:1719,0
DA:1725,0
DA:1727,0
DA:1733,0
DA:1741,0
DA:1744,0
DA:1752,16
DA:1753,4
DA:1754,4
DA:1755,4
DA:1756,2
DA:1758,2
DA:1761,2
DA:1766,2
DA:1767,1
DA:1770,1
DA:1771,1
DA:1772,1
DA:1775,1
DA:1776,1
DA:1781,1
DA:1797,1
DA:1798,1
DA:1800,0
DA:1805,16
DA:1806,6
DA:1807,6
DA:1808,6
DA:1809,1
DA:1812,5
DA:1816,5
DA:1817,1
DA:1820,4
DA:1821,4
DA:1826,4
DA:1827,1
DA:1830,3
DA:1832,3
DA:1833,1
DA:1836,2
DA:1837,0
DA:1840,2
DA:1841,2
DA:1842,2
DA:1843,2
DA:1847,0
DA:1849,2
DA:1850,1
DA:1854,1
DA:1855,1
DA:1856,1
DA:1861,1
DA:1862,1
DA:1864,0
DA:1868,16
DA:1869,5
DA:1870,5
DA:1871,5
DA:1872,1
DA:1873,1
DA:1875,4
DA:1877,4
DA:1878,4
DA:1879,4
DA:1884,4
DA:1885,1
DA:1888,3
DA:1890,3
DA:1891,1
DA:1894,2
DA:1895,1
DA:1896,1
DA:1899,1
DA:1901,1
DA:1906,1
DA:1911,1
DA:1912,1
DA:1914,4
DA:1917,0
DA:1927,16
DA:1928,4
DA:1929,4
DA:1930,4
DA:1931,2
DA:1933,2
DA:1935,2
DA:1936,2
DA:1938,2
DA:1942,2
DA:1944,1
DA:1948,1
DA:1950,1
DA:1951,1
DA:1953,1
DA:1958,1
DA:1971,1
DA:1972,1
DA:1974,2
DA:1977,0
DA:1981,16
DA:1982,5
DA:1983,5
DA:1984,5
DA:1985,1
DA:1986,1
DA:1988,4
DA:1990,4
DA:1991,4
DA:1992,4
DA:1997,4
DA:1998,1
DA:2001,3
DA:2003,3
DA:2004,1
DA:2007,2
DA:2008,1
DA:2009,1
DA:2013,1
DA:2016,1
DA:2021,1
DA:2022,1
DA:2024,4
DA:2027,0
DA:2038,16
DA:2039,2
DA:2040,2
DA:2041,2
DA:2044,0
DA:2045,0
DA:2046,0
DA:2048,0
DA:2049,0
DA:2054,0
DA:2055,0
DA:2057,0
DA:2060,0
DA:2061,0
DA:2062,0
DA:2066,0
DA:2074,0
DA:2075,0
DA:2078,0
DA:2081,0
DA:2082,0
DA:2083,0
DA:2087,0
DA:2089,0
DA:2090,0
DA:2094,0
DA:2095,0
DA:2097,0
DA:2098,0
DA:2100,0
DA:2101,0
DA:2104,0
DA:2109,0
DA:2115,0
DA:2124,0
DA:2136,16
DA:2137,0
DA:2138,0
DA:2139,0
DA:2142,0
DA:2143,0
DA:2144,0
DA:2148,0
DA:2149,0
DA:2151,0
DA:2154,0
DA:2155,0
DA:2156,0
DA:2160,0
DA:2166,0
DA:2167,0
DA:2170,0
DA:2171,0
DA:2172,0
DA:2174,0
DA:2181,0
DA:2183,0
DA:2193,16
DA:2194,0
DA:2195,0
DA:2196,0
DA:2197,0
DA:2199,0
DA:2200,0
DA:2202,0
DA:2214,16
DA:2215,6
DA:2216,6
DA:2217,6
DA:2218,2
DA:2219,2
DA:2221,4
DA:2224,4
DA:2225,2
DA:2229,2
DA:2230,1
DA:2235,3
DA:2239,3
DA:2241,3
DA:2242,3
DA:2243,3
DA:2245,3
DA:2246,3
DA:2248,3
DA:2249,5
DA:2250,5
DA:2253,5
DA:2254,0
DA:2255,0
DA:2259,5
DA:2262,5
DA:2263,1
DA:2264,1
DA:2266,4
DA:2269,4
DA:2270,4
DA:2271,4
DA:2272,4
DA:2275,4
DA:2276,4
DA:2277,4
DA:2278,4
DA:2280,4
DA:2281,4
DA:2282,4
DA:2284,4
DA:2285,4
DA:2287,4
DA:2302,3
DA:2303,3
DA:2304,3
DA:2306,3
DA:2307,3
DA:2308,3
DA:2309,3
DA:2310,4
DA:2311,4
DA:2314,4
DA:2316,3
DA:2317,3
DA:2323,3
DA:2326,0
DA:2327,0
DA:2328,0
DA:2333,0
DA:2335,0
DA:2342,3
DA:2343,1
DA:2351,3
DA:2352,3
DA:2353,3
DA:2358,0
DA:2370,16
DA:2371,3
DA:2372,3
DA:2373,3
DA:2374,2
DA:2375,2
DA:2377,1
DA:2378,1
DA:2379,1
DA:2381,1
DA:2382,1
DA:2384,1
DA:2385,2
DA:2386,2
DA:2388,2
DA:2389,2
DA:2390,2
DA:2394,2
DA:2395,0
DA:2396,0
DA:2399,2
DA:2401,2
DA:2407,2
DA:2413,1
DA:2414,1
DA:2416,1
DA:2417,1
DA:2421,1
DA:2423,2
DA:2427,1
DA:2428,1
DA:2433,0
DA:2441,16
DA:2442,2
DA:2443,2
DA:2444,2
DA:2445,2
DA:2446,2
DA:2448,2
DA:2449,2
DA:2450,2
DA:2451,2
DA:2454,2
DA:2455,2
DA:2458,2
DA:2459,1
DA:2463,1
DA:2464,1
DA:2465,1
DA:2467,1
DA:2468,0
DA:2469,0
DA:2472,2
DA:2473,0
DA:2474,0
DA:2478,2
DA:2482,2
DA:2483,2
DA:2486,2
DA:2487,2
DA:2498,2
DA:2500,2
DA:2505,2
DA:2508,0
DA:2512,16
DA:2513,2
DA:2514,2
DA:2515,2
DA:2517,2
DA:2518,2
DA:2520,2
DA:2524,2
DA:2525,1
DA:2526,1
DA:2528,1
DA:2531,0
DA:2538,1
DA:2539,1
DA:2540,1
DA:2544,1
DA:2545,0
DA:2547,1
DA:2549,0
DA:2556,1
DA:2557,1
DA:2558,1
DA:2559,1
DA:2560,1
DA:2561,1
DA:2563,1
DA:2564,1
DA:2565,1
DA:2567,1
DA:2570,1
DA:2571,0
DA:2575,0
DA:2576,0
DA:2580,1
DA:2588,1
DA:2589,0
DA:2597,1
DA:2599,1
DA:2604,2
DA:2607,0
DA:2611,16
DA:2612,2
DA:2613,2
DA:2614,2
DA:2615,2
DA:2617,2
DA:2618,2
DA:2620,2
DA:2624,2
DA:2625,0
DA:2628,2
DA:2635,2
DA:2636,1
DA:2639,1
DA:2641,1
DA:2643,2
DA:2646,0
DA:2650,16
DA:2651,1
DA:2652,1
DA:2654,1
DA:2655,1
DA:2656,1
DA:2661,1
DA:2663,1
DA:2666,0
DA:2674,16
DA:2684,16
DA:2685,2
DA:2686,2
DA:2687,2
DA:2688,2
DA:2690,2
DA:2694,2
DA:2695,1
DA:2698,1
DA:2700,1
DA:2701,1
DA:2706,1
DA:2708,1
DA:2709,1
DA:2716,1
DA:2718,1
DA:2720,0
DA:2721,0
DA:2723,2
DA:2726,0
DA:2730,16
DA:2731,2
DA:2732,2
DA:2733,2
DA:2734,2
DA:2736,2
DA:2737,2
DA:2738,2
DA:2742,2
DA:2743,2
DA:2745,2
DA:2756,2
DA:2758,2
DA:2761,0
DA:2766,16
DA:2767,2
DA:2768,2
DA:2769,2
DA:2770,2
DA:2774,2
DA:2775,1
DA:2777,1
DA:2779,2
DA:2782,0
DA:2786,16
DA:2787,5
DA:2788,5
DA:2789,5
DA:2790,5
DA:2791,1
DA:2793,4
DA:2794,4
DA:2795,4
DA:2798,4
DA:2799,2
DA:2803,2
DA:2805,2
DA:2806,2
DA:2810,2
DA:2812,1
DA:2815,3
DA:2821,3
DA:2823,2
DA:2824,2
DA:2826,0
DA:2827,0
DA:2829,4
DA:2832,0
DA:2836,16
DA:2841,4
DA:2843,4
DA:2844,4
DA:2845,4
DA:2847,4
DA:2848,1
DA:2855,3
DA:2858,3
DA:2864,3
DA:2865,1
DA:2866,1
DA:2875,2
DA:2876,1
DA:2887,1
DA:2900,2
DA:2901,1
DA:2914,2
DA:2922,2
DA:2927,2
DA:2935,2
DA:2940,2
DA:2949,0
DA:2950,0
DA:2952,4
DA:2957,16
DA:2958,2
DA:2959,2
DA:2960,2
DA:2961,2
DA:2962,2
DA:2966,2
DA:2967,1
DA:2970,1
DA:2975,2
DA:2977,2
DA:2980,0
DA:2988,16
DA:2989,5
DA:2990,5
DA:2992,5
DA:2993,5
DA:2995,5
DA:2999,5
DA:3000,1
DA:3004,4
DA:3005,4
DA:3006,2
DA:3010,2
DA:3011,1
DA:3013,1
DA:3014,1
DA:3020,2
DA:3024,2
DA:3025,1
DA:3029,2
DA:3036,2
DA:3039,2
DA:3040,2
DA:3048,2
DA:3049,0
DA:3050,0
DA:3051,0
DA:3060,2
DA:3065,5
DA:3068,0
DA:3072,16
DA:3073,4
DA:3074,4
DA:3075,4
DA:3076,4
DA:3077,4
DA:3078,4
DA:3079,4
DA:3081,4
DA:3082,4
DA:3084,4
DA:3085,4
DA:3087,4
DA:3088,1
DA:3089,1
DA:3091,4
DA:3092,0
DA:3093,0
DA:3095,4
DA:3096,0
DA:3097,0
DA:3101,4
DA:3105,4
DA:3106,4
DA:3109,4
DA:3110,4
DA:3124,4
DA:3129,4
DA:3132,0
DA:3136,16
DA:3137,9
DA:3138,9
DA:3139,9
DA:3141,9
DA:3142,9
DA:3143,2
DA:3146,7
DA:3147,7
DA:3148,7
DA:3156,7
DA:3157,1
DA:3160,6
DA:3161,1
DA:3166,1
DA:3167,1
DA:3176,6
DA:3186,6
DA:3187,0
DA:3188,0
DA:3189,0
DA:3196,0
DA:3204,6
DA:3206,7
DA:3209,0
DA:3217,16
DA:3218,4
DA:3219,4
DA:3221,4
DA:3222,4
DA:3224,4
DA:3228,4
DA:3229,1
DA:3232,3
DA:3239,3
DA:3244,3
DA:3246,4
DA:3249,0
DA:3253,16
DA:3254,4
DA:3255,4
DA:3256,4
DA:3257,4
DA:3258,4
DA:3259,4
DA:3262,4
DA:3263,1
DA:3264,1
DA:3266,4
DA:3267,4
DA:3268,4
DA:3270,4
DA:3273,0
DA:3283,16
DA:3284,7
DA:3285,7
DA:3286,7
DA:3289,7
DA:3290,2
DA:3291,2
DA:3294,7
DA:3295,7
DA:3297,7
DA:3303,7
DA:3305,7
DA:3306,1
DA:3310,1
DA:3311,1
DA:3312,1
DA:3316,7
DA:3318,7
DA:3319,1
DA:3322,6
DA:3325,6
DA:3335,6
DA:3337,6
DA:3346,7
DA:3349,0
DA:3357,16
DA:3365,16
DA:3374,16
DA:3375,4
DA:3376,4
DA:3377,4
DA:3378,4
DA:3379,2
DA:3391,2
DA:3392,1
DA:3393,1
DA:3414,2
DA:3421,2
DA:3422,1
DA:3423,1
DA:3436,4
DA:3439,0
DA:3444,16
DA:3445,5
DA:3446,5
DA:3447,5
DA:3448,5
DA:3450,5
DA:3451,1
DA:3452,0
DA:3453,0
DA:3454,0
DA:3455,0
DA:3456,0
DA:3459,4
DA:3460,3
DA:3461,3
DA:3463,3
DA:3464,2
DA:3468,2
DA:3469,1
DA:3470,1
DA:3473,1
DA:3477,1
DA:3478,1
DA:3479,0
DA:3483,0
DA:3484,0
DA:3485,0
DA:3488,3
DA:3490,5
DA:3493,0
DA:3498,16
DA:3499,2
DA:3500,2
DA:3501,0
DA:3502,0
DA:3505,0
DA:3506,0
DA:3508,0
DA:3511,0
DA:3512,0
DA:3515,0
DA:3521,0
DA:3522,0
DA:3528,0
DA:3530,0
DA:3535,16
DA:3536,2
DA:3537,2
DA:3538,2
DA:3539,2
DA:3540,2
DA:3551,2
DA:3553,2
DA:3556,0
DA:3567,16
DA:3570,16
DA:3571,0
DA:3572,0
DA:3574,0
DA:3578,0
DA:3579,0
DA:3580,0
DA:3584,16
DA:3585,0
DA:3586,0
DA:3587,0
DA:3588,0
DA:3591,0
DA:3595,0
DA:3597,0
DA:3599,0
DA:3603,0
DA:3604,0
DA:3606,0
DA:3607,0
DA:3608,0
DA:3609,0
DA:3610,0
DA:3613,0
DA:3614,0
DA:3615,0
DA:3616,0
DA:3619,0
DA:3625,0
DA:3627,0
DA:3633,0
DA:3636,0
DA:3637,0
DA:3639,0
DA:3641,0
DA:3648,0
DA:3655,0
DA:3656,0
DA:3658,0
DA:3663,16
DA:3664,0
DA:3665,0
DA:3669,16
DA:3670,0
DA:3671,0
DA:3677,16
DA:3678,3
DA:3679,3
DA:3680,3
DA:3681,2
DA:3689,2
DA:3690,0
DA:3694,16
DA:3695,2
DA:3696,2
DA:3701,2
DA:3702,0
DA:3706,16
DA:3707,1
DA:3708,1
DA:3709,1
DA:3710,0
DA:3714,16
DA:3715,2
DA:3716,2
DA:3717,2
DA:3722,2
DA:3723,2
DA:3724,2
DA:3725,2
DA:3726,2
DA:3727,0
DA:3731,16
DA:3732,4
DA:3733,4
DA:3734,4
DA:3735,2
DA:3742,2
DA:3743,0
DA:3747,16
DA:3748,4
DA:3749,4
DA:3750,4
DA:3751,3
DA:3755,3
DA:3756,2
DA:3757,2
DA:3763,2
DA:3767,2
DA:3768,0
DA:3772,16
DA:3773,3
DA:3774,3
DA:3775,3
DA:3776,3
DA:3779,2
DA:3780,2
DA:3781,2
DA:3787,0
DA:3788,0
DA:3793,0
DA:3795,2
DA:3796,1
DA:3800,1
DA:3801,1
DA:3809,0
DA:3816,1
DA:3820,1
DA:3821,0
DA:3828,16
DA:3829,3
DA:3830,3
DA:3831,3
DA:3836,2
DA:3837,2
DA:3851,0
DA:3852,0
DA:3865,0
DA:3879,2
DA:3880,1
DA:3881,0
DA:3884,16
DA:3885,0
DA:3886,0
DA:3887,0
DA:3888,0
DA:3889,0
DA:3890,0
DA:3894,0
DA:3895,0
DA:3898,16
DA:3899,2
DA:3900,2
DA:3901,2
DA:3902,2
DA:3903,2
DA:3905,2
DA:3906,2
DA:3918,0
DA:3919,0
DA:3929,0
DA:3931,2
DA:3932,0
DA:3945,2
DA:3946,2
DA:3950,2
DA:3954,2
DA:3955,2
DA:3965,2
DA:3967,2
DA:3968,0
DA:3973,2
DA:3974,0
DA:3978,2
DA:3979,2
DA:3980,2
DA:3981,1
DA:3982,1
DA:3983,1
DA:3985,1
DA:3986,1
DA:3991,1
DA:3992,1
DA:3993,0
DA:3994,0
DA:3995,0
DA:3997,1
DA:4001,16
DA:4002,4
DA:4003,4
DA:4004,4
DA:4005,2
DA:4006,2
DA:4009,1
DA:4014,1
DA:4015,1
DA:4019,16
DA:4020,5
DA:4021,5
DA:4022,5
DA:4023,1
DA:4025,4
DA:4026,4
DA:4027,4
DA:4029,3
DA:4033,3
DA:4034,1
DA:4036,2
DA:4042,2
DA:4043,1
DA:4044,0
DA:4048,16
DA:4049,2
DA:4050,2
DA:4051,2
DA:4052,2
DA:4053,2
DA:4054,2
DA:4055,2
DA:4061,2
DA:4065,2
DA:4066,0
DA:4070,16
DA:4071,4
DA:4072,4
DA:4073,4
DA:4074,4
DA:4075,4
DA:4076,4
DA:4078,4
DA:4079,4
DA:4080,4
DA:4081,4
DA:4083,4
DA:4091,4
DA:4095,4
DA:4100,0
DA:4104,16
DA:4105,2
DA:4106,2
DA:4107,2
DA:4116,2
DA:4117,2
DA:4119,1
DA:4130,2
DA:4131,2
DA:4132,2
DA:4133,0
DA:4146,16
DA:4158,16
DA:4159,3
DA:4160,3
DA:4161,3
DA:4162,3
DA:4179,3
DA:4180,3
DA:4182,3
DA:4193,3
DA:4196,0
DA:4200,16
DA:4201,3
DA:4202,3
DA:4203,3
DA:4205,3
DA:4217,3
DA:4229,3
DA:4239,3
DA:4240,3
DA:4250,3
DA:4258,3
DA:4261,0
DA:4272,16
DA:4273,0
DA:4274,0
DA:4275,0
DA:4276,0
DA:4277,0
DA:4286,0
DA:4287,0
DA:4290,0
DA:4297,0
DA:4298,0
DA:4299,0
DA:4303,0
DA:4307,0
DA:4308,0
DA:4314,0
DA:4317,0
DA:4320,0
DA:4321,0
DA:4326,16
DA:4327,0
DA:4328,0
DA:4329,0
DA:4330,0
DA:4331,0
DA:4333,0
DA:4344,0
DA:4345,0
DA:4346,0
DA:4353,0
DA:4354,0
DA:4356,0
DA:4357,0
DA:4359,0
DA:4362,0
DA:4363,0
DA:4368,16
DA:4369,0
DA:4370,0
DA:4371,0
DA:4375,0
DA:4377,0
DA:4378,0
DA:4387,16
DA:4388,3
DA:4389,3
DA:4400,3
DA:4401,20
DA:4402,20
DA:4403,20
DA:4406,3
DA:4407,3
DA:4415,3
DA:4416,3
DA:4418,3
DA:4419,3
DA:4420,3
DA:4422,0
DA:4428,16
DA:4429,4
DA:4430,4
DA:4431,4
DA:4432,4
DA:4434,4
DA:4438,4
DA:4439,2
DA:4442,2
DA:4447,2
DA:4460,2
DA:4462,2
DA:4463,2
DA:4464,2
DA:4466,0
DA:4467,0
DA:4469,4
DA:4472,0
DA:4481,16
DA:4482,28
DA:4483,28
DA:4484,4
DA:4486,24
DA:4490,16
DA:4491,2
DA:4516,2
DA:4518,2
DA:4537,2
DA:4540,0
DA:4541,0
DA:4542,0
DA:4543,0
DA:4544,0
DA:4545,0
DA:4547,0
DA:4550,0
DA:4551,0
DA:4555,16
DA:4558,16
DA:4559,3
DA:4560,3
DA:4561,3
DA:4562,2
DA:4565,2
DA:4566,1
DA:4567,1
DA:4569,0
DA:4574,16
DA:4575,4
DA:4576,4
DA:4577,4
DA:4578,3
DA:4581,3
DA:4582,2
DA:4583,2
DA:4585,2
DA:4586,2
DA:4587,2
DA:4589,0
DA:4594,16
DA:4595,4
DA:4596,4
DA:4597,4
DA:4598,3
DA:4599,3
DA:4603,3
DA:4604,2
DA:4605,2
DA:4607,0
DA:4608,0
DA:4613,16
DA:4614,3
DA:4615,3
DA:4616,3
DA:4617,2
DA:4621,2
DA:4622,1
DA:4623,1
DA:4625,0
DA:4626,0
DA:4631,16
DA:4635,16
DA:4636,3
DA:4637,3
DA:4638,3
DA:4639,3
DA:4640,3
DA:4641,3
DA:4643,3
DA:4652,3
DA:4653,2
DA:4654,2
DA:4656,0
DA:4665,16
DA:4666,3
DA:4667,3
DA:4668,3
DA:4669,3
DA:4670,1
DA:4671,1
DA:4674,2
DA:4675,2
DA:4676,2
DA:4677,1
DA:4678,1
DA:4680,1
DA:4685,1
DA:4694,1
DA:4695,1
DA:4697,1
DA:4698,1
DA:4699,1
DA:4701,1
DA:4714,1
DA:4728,0
DA:4729,0
DA:4730,0
DA:4732,3
DA:4741,16
DA:4742,4
DA:4743,4
DA:4744,4
DA:4745,2
DA:4747,2
DA:4748,1
DA:4751,1
DA:4752,1
DA:4753,1
DA:4758,1
DA:4759,1
DA:4760,1
DA:4762,1
DA:4768,1
DA:4771,1
DA:4777,1
DA:4780,1
DA:4792,0
DA:4797,16
DA:4798,3
DA:4799,3
DA:4800,3
DA:4807,3
DA:4808,1
DA:4810,2
DA:4811,2
DA:4823,0
DA:4828,16
DA:4829,4
DA:4830,4
DA:4831,4
DA:4832,1
DA:4834,3
DA:4835,0
DA:4838,3
DA:4839,3
DA:4841,3
DA:4847,3
DA:4848,1
DA:4850,2
DA:4853,2
DA:4857,2
DA:4858,1
DA:4861,1
DA:4863,1
DA:4864,1
DA:4869,1
DA:4871,1
DA:4873,1
DA:4880,0
DA:4881,0
DA:4889,1
DA:4891,1
DA:4893,1
DA:4894,1
DA:4899,1
DA:4905,1
DA:4914,0
DA:4915,0
DA:4917,3
DA:4920,0
DA:4925,16
DA:4926,0
DA:4927,0
DA:4928,0
DA:4931,0
DA:4935,0
DA:4936,0
DA:4939,0
DA:4940,0
DA:4941,0
DA:4943,0
DA:4952,0
DA:4954,0
DA:4960,16
DA:4961,0
DA:4962,0
DA:4963,0
DA:4964,0
DA:4966,0
DA:4967,0
DA:4971,0
DA:4972,0
DA:4973,0
DA:4974,0
DA:4975,0
DA:4977,0
DA:4978,0
DA:4980,0
DA:4981,0
DA:4985,0
DA:4986,0
DA:4987,0
DA:4988,0
DA:4989,0
DA:4991,0
DA:4992,0
DA:4993,0
DA:4994,0
DA:4997,0
DA:5001,0
DA:5002,0
DA:5004,0
DA:5010,0
DA:5011,0
DA:5013,0
DA:5016,0
DA:5020,0
DA:5021,0
DA:5024,0
DA:5026,0
DA:5027,0
DA:5032,0
DA:5035,0
DA:5036,0
DA:5045,0
DA:5047,0
DA:5049,0
DA:5054,0
DA:5060,0
DA:5069,0
DA:5070,0
DA:5072,0
DA:5075,0
DA:5080,16
DA:5081,0
DA:5082,0
DA:5083,0
DA:5084,0
DA:5085,0
DA:5087,0
DA:5091,0
DA:5092,0
DA:5094,0
DA:5096,0
DA:5101,16
DA:5102,2
DA:5103,2
DA:5110,2
DA:5112,0
DA:5120,16
DA:5121,16
DA:5123,16
DA:5124,0
DA:5134,16
DA:5135,0
DA:5137,0
DA:5138,0
DA:5139,0
DA:5140,0
DA:5144,0
DA:5145,0
DA:5146,0
DA:5147,0
DA:5148,0
DA:5149,0
DA:5155,16
LF:1879
LH:1230
BRDA:27,0,0,0
BRDA:30,1,0,0
BRDA:30,1,1,0
BRDA:31,2,0,0
BRDA:31,2,1,0
BRDA:50,3,0,16
BRDA:50,3,1,16
BRDA:51,4,0,0
BRDA:51,5,0,16
BRDA:51,5,1,16
BRDA:53,6,0,0
BRDA:58,7,0,0
BRDA:58,8,0,0
BRDA:58,8,1,0
BRDA:62,9,0,0
BRDA:62,10,0,0
BRDA:62,10,1,0
BRDA:72,11,0,0
BRDA:72,11,1,16
BRDA:92,12,0,0
BRDA:92,12,1,16
BRDA:97,13,0,0
BRDA:97,14,0,16
BRDA:97,14,1,16
BRDA:125,15,0,16
BRDA:125,15,1,0
BRDA:173,16,0,16
BRDA:173,16,1,0
BRDA:353,17,0,0
BRDA:374,18,0,0
BRDA:391,19,0,0
BRDA:393,20,0,0
BRDA:393,21,0,0
BRDA:393,21,1,0
BRDA:405,22,0,0
BRDA:424,23,0,0
BRDA:426,24,0,0
BRDA:427,25,0,2
BRDA:443,26,0,0
BRDA:446,27,0,4
BRDA:446,27,1,4
BRDA:447,28,0,4
BRDA:447,29,0,4
BRDA:447,29,1,0
BRDA:462,30,0,4
BRDA:466,31,0,0
BRDA:466,31,1,0
BRDA:595,32,0,16
BRDA:595,32,1,0
BRDA:601,33,0,319
BRDA:601,33,1,319
BRDA:602,34,0,0
BRDA:602,35,0,319
BRDA:602,35,1,319
BRDA:645,36,0,17
BRDA:691,37,0,40
BRDA:696,38,0,0
BRDA:706,39,0,0
BRDA:709,40,0,0
BRDA:714,41,0,0
BRDA:728,42,0,0
BRDA:733,43,0,0
BRDA:733,44,0,175
BRDA:733,44,1,35
BRDA:733,44,2,0
BRDA:736,45,0,37
BRDA:745,46,0,0
BRDA:745,47,0,0
BRDA:745,47,1,0
BRDA:756,48,0,1
BRDA:756,48,1,0
BRDA:757,49,0,1
BRDA:757,49,1,0
BRDA:761,50,0,0
BRDA:761,51,0,1
BRDA:761,51,1,0
BRDA:767,52,0,1
BRDA:767,52,1,1
BRDA:768,53,0,0
BRDA:768,53,1,1
BRDA:770,54,0,0
BRDA:770,54,1,0
BRDA:771,55,0,0
BRDA:771,55,1,0
BRDA:772,56,0,0
BRDA:772,56,1,0
BRDA:774,57,0,0
BRDA:774,57,1,0
BRDA:775,58,0,0
BRDA:775,58,1,0
BRDA:776,59,0,0
BRDA:776,59,1,0
BRDA:778,60,0,0
BRDA:778,60,1,1
BRDA:778,61,0,1
BRDA:778,61,1,1
BRDA:780,62,0,0
BRDA:780,62,1,1
BRDA:782,63,0,0
BRDA:782,63,1,1
BRDA:784,64,0,0
BRDA:784,64,1,1
BRDA:784,65,0,1
BRDA:784,65,1,1
BRDA:784,65,2,1
BRDA:786,66,0,0
BRDA:786,66,1,1
BRDA:786,67,0,1
BRDA:786,67,1,1
BRDA:789,68,0,0
BRDA:789,69,0,1
BRDA:789,69,1,0
BRDA:795,70,0,1
BRDA:795,70,1,0
BRDA:850,71,0,1
BRDA:859,72,0,1
BRDA:928,73,0,1
BRDA:928,74,0,6
BRDA:928,74,1,5
BRDA:938,75,0,1
BRDA:944,76,0,0
BRDA:950,77,0,1
BRDA:955,78,0,1
BRDA:964,79,0,1
BRDA:986,80,0,1
BRDA:992,81,0,1
BRDA:996,82,0,0
BRDA:1036,83,0,2
BRDA:1041,84,0,0
BRDA:1055,85,0,0
BRDA:1064,86,0,0
BRDA:1070,87,0,0
BRDA:1075,88,0,0
BRDA:1081,89,0,0
BRDA:1098,90,0,0
BRDA:1108,91,0,0
BRDA:1189,92,0,0
BRDA:1200,93,0,0
BRDA:1207,94,0,0
BRDA:1207,94,1,0
BRDA:1207,95,0,0
BRDA:1207,95,1,0
BRDA:1209,96,0,0
BRDA:1209,97,0,0
BRDA:1209,97,1,0
BRDA:1240,98,0,0
BRDA:1249,99,0,0
BRDA:1280,100,0,0
BRDA:1291,101,0,0
BRDA:1361,102,0,0
BRDA:1368,103,0,1
BRDA:1376,104,0,1
BRDA:1390,105,0,0
BRDA:1390,105,1,0
BRDA:1397,106,0,0
BRDA:1401,107,0,0
BRDA:1407,108,0,0
BRDA:1412,109,0,0
BRDA:1412,109,1,0
BRDA:1419,110,0,2
BRDA:1430,111,0,1
BRDA:1446,112,0,1
BRDA:1457,113,0,0
BRDA:1457,113,1,3
BRDA:1458,114,0,1
BRDA:1458,114,1,2
BRDA:1478,115,0,0
BRDA:1478,115,1,3
BRDA:1479,116,0,1
BRDA:1479,116,1,2
BRDA:1500,117,0,1
BRDA:1516,118,0,0
BRDA:1523,119,0,0
BRDA:1528,120,0,0
BRDA:1528,120,1,0
BRDA:1532,121,0,0
BRDA:1532,121,1,1
BRDA:1555,122,0,0
BRDA:1557,123,0,0
BRDA:1567,124,0,0
BRDA:1581,125,0,0
BRDA:1586,126,0,0
BRDA:1624,127,0,0
BRDA:1626,128,0,0
BRDA:1626,129,0,0
BRDA:1626,129,1,0
BRDA:1639,130,0,0
BRDA:1664,131,0,0
BRDA:1666,132,0,0
BRDA:1666,133,0,0
BRDA:1666,133,1,0
BRDA:1675,134,0,0
BRDA:1687,135,0,0
BRDA:1696,136,0,0
BRDA:1696,136,1,0
BRDA:1709,137,0,0
BRDA:1709,137,1,0
BRDA:1755,138,0,2
BRDA:1766,139,0,1
BRDA:1808,140,0,1
BRDA:1808,141,0,6
BRDA:1808,141,1,6
BRDA:1816,142,0,1
BRDA:1826,143,0,1
BRDA:1832,144,0,1
BRDA:1836,145,0,0
BRDA:1849,146,0,1
BRDA:1871,147,0,1
BRDA:1872,148,0,1
BRDA:1872,148,1,0
BRDA:1884,149,0,1
BRDA:1890,150,0,1
BRDA:1894,151,0,1
BRDA:1930,152,0,2
BRDA:1942,153,0,1
BRDA:1984,154,0,1
BRDA:1985,155,0,1
BRDA:1985,155,1,0
BRDA:1997,156,0,1
BRDA:2003,157,0,1
BRDA:2007,158,0,1
BRDA:2040,159,0,2
BRDA:2045,160,0,0
BRDA:2045,161,0,0
BRDA:2045,161,1,0
BRDA:2048,162,0,0
BRDA:2061,163,0,0
BRDA:2074,164,0,0
BRDA:2089,165,0,0
BRDA:2089,165,1,0
BRDA:2097,166,0,0
BRDA:2100,167,0,0
BRDA:2138,168,0,0
BRDA:2143,169,0,0
BRDA:2155,170,0,0
BRDA:2166,171,0,0
BRDA:2196,172,0,0
BRDA:2196,173,0,0
BRDA:2196,173,1,0
BRDA:2217,174,0,2
BRDA:2218,175,0,2
BRDA:2218,175,1,0
BRDA:2224,176,0,2
BRDA:2229,177,0,1
BRDA:2253,178,0,0
BRDA:2259,179,0,5
BRDA:2259,179,1,0
BRDA:2262,180,0,1
BRDA:2270,181,0,4
BRDA:2272,182,0,4
BRDA:2275,183,0,0
BRDA:2275,183,1,4
BRDA:2276,184,0,4
BRDA:2276,184,1,4
BRDA:2281,185,0,0
BRDA:2281,185,1,4
BRDA:2281,186,0,4
BRDA:2281,186,1,4
BRDA:2282,187,0,0
BRDA:2282,188,0,4
BRDA:2282,188,1,4
BRDA:2285,189,0,4
BRDA:2285,189,1,0
BRDA:2291,190,0,4
BRDA:2291,190,1,0
BRDA:2292,191,0,0
BRDA:2292,191,1,4
BRDA:2297,192,0,4
BRDA:2297,192,1,3
BRDA:2323,193,0,3
BRDA:2323,193,1,0
BRDA:2335,194,0,0
BRDA:2335,194,1,0
BRDA:2342,195,0,1
BRDA:2373,196,0,2
BRDA:2374,197,0,2
BRDA:2374,197,1,0
BRDA:2394,198,0,0
BRDA:2417,199,0,0
BRDA:2417,199,1,1
BRDA:2418,200,0,0
BRDA:2418,200,1,1
BRDA:2419,201,0,0
BRDA:2419,201,1,1
BRDA:2444,202,0,2
BRDA:2444,202,1,1
BRDA:2445,203,0,2
BRDA:2445,203,1,1
BRDA:2458,204,0,1
BRDA:2458,204,1,1
BRDA:2463,205,0,1
BRDA:2467,206,0,0
BRDA:2472,207,0,0
BRDA:2472,208,0,2
BRDA:2472,208,1,0
BRDA:2483,209,0,2
BRDA:2483,209,1,0
BRDA:2524,210,0,1
BRDA:2526,211,0,1
BRDA:2538,212,0,1
BRDA:2538,212,1,0
BRDA:2538,213,0,1
BRDA:2538,213,1,1
BRDA:2539,214,0,1
BRDA:2544,215,0,0
BRDA:2544,216,0,1
BRDA:2544,216,1,0
BRDA:2547,217,0,0
BRDA:2547,218,0,1
BRDA:2547,218,1,0
BRDA:2558,219,0,0
BRDA:2558,219,1,1
BRDA:2559,220,0,1
BRDA:2559,220,1,1
BRDA:2564,221,0,0
BRDA:2564,221,1,1
BRDA:2564,222,0,1
BRDA:2564,222,1,1
BRDA:2565,223,0,0
BRDA:2565,224,0,1
BRDA:2565,224,1,1
BRDA:2570,225,0,0
BRDA:2575,226,0,0
BRDA:2584,227,0,1
BRDA:2584,227,1,1
BRDA:2584,227,2,0
BRDA:2584,228,0,1
BRDA:2584,228,1,1
BRDA:2584,229,0,1
BRDA:2584,229,1,0
BRDA:2588,230,0,0
BRDA:2624,231,0,0
BRDA:2632,232,0,2
BRDA:2632,232,1,2
BRDA:2632,232,2,0
BRDA:2632,233,0,2
BRDA:2632,233,1,0
BRDA:2635,234,0,1
BRDA:2694,235,0,1
BRDA:2713,236,0,1
BRDA:2713,236,1,1
BRDA:2732,237,0,2
BRDA:2732,237,1,1
BRDA:2733,238,0,2
BRDA:2733,238,1,1
BRDA:2743,239,0,2
BRDA:2743,239,1,1
BRDA:2774,240,0,1
BRDA:2790,241,0,1
BRDA:2790,242,0,5
BRDA:2790,242,1,4
BRDA:2798,243,0,2
BRDA:2798,244,0,4
BRDA:2798,244,1,2
BRDA:2803,245,0,0
BRDA:2810,246,0,1
BRDA:2816,247,0,1
BRDA:2816,247,1,2
BRDA:2819,248,0,1
BRDA:2819,248,1,2
BRDA:2821,249,0,1
BRDA:2847,250,0,1
BRDA:2864,251,0,1
BRDA:2875,252,0,1
BRDA:2875,252,1,1
BRDA:2900,253,0,1
BRDA:2966,254,0,1
BRDA:2999,255,0,1
BRDA:3004,256,0,4
BRDA:3004,256,1,2
BRDA:3005,257,0,2
BRDA:3005,257,1,2
BRDA:3010,258,0,1
BRDA:3010,258,1,1
BRDA:3010,259,0,2
BRDA:3010,259,1,2
BRDA:3013,260,0,1
BRDA:3013,260,1,0
BRDA:3024,261,0,1
BRDA:3033,262,0,2
BRDA:3033,262,1,2
BRDA:3039,263,0,2
BRDA:3048,264,0,0
BRDA:3049,265,0,0
BRDA:3049,265,1,0
BRDA:3050,266,0,0
BRDA:3050,266,1,0
BRDA:3077,267,0,4
BRDA:3077,267,1,4
BRDA:3078,268,0,4
BRDA:3078,268,1,4
BRDA:3087,269,0,1
BRDA:3091,270,0,0
BRDA:3095,271,0,0
BRDA:3106,272,0,4
BRDA:3106,272,1,1
BRDA:3142,273,0,2
BRDA:3142,274,0,9
BRDA:3142,274,1,8
BRDA:3156,275,0,1
BRDA:3160,276,0,1
BRDA:3166,277,0,1
BRDA:3186,278,0,0
BRDA:3187,279,0,0
BRDA:3187,279,1,0
BRDA:3188,280,0,0
BRDA:3188,280,1,0
BRDA:3199,281,0,0
BRDA:3199,281,1,0
BRDA:3228,282,0,1
BRDA:3236,283,0,3
BRDA:3236,283,1,2
BRDA:3262,284,0,1
BRDA:3289,285,0,2
BRDA:3289,286,0,7
BRDA:3289,286,1,6
BRDA:3305,287,0,1
BRDA:3310,288,0,1
BRDA:3318,289,0,1
BRDA:3378,290,0,2
BRDA:3378,290,1,2
BRDA:3391,291,0,1
BRDA:3399,292,0,1
BRDA:3399,292,1,0
BRDA:3400,293,0,1
BRDA:3400,293,1,0
BRDA:3405,294,0,1
BRDA:3405,294,1,0
BRDA:3406,295,0,1
BRDA:3406,295,1,0
BRDA:3407,296,0,1
BRDA:3407,296,1,0
BRDA:3408,297,0,1
BRDA:3408,297,1,0
BRDA:3409,298,0,1
BRDA:3409,298,1,1
BRDA:3421,299,0,1
BRDA:3429,300,0,1
BRDA:3429,300,1,0
BRDA:3430,301,0,1
BRDA:3430,301,1,0
BRDA:3450,302,0,1
BRDA:3451,303,0,1
BRDA:3454,304,0,0
BRDA:3459,305,0,3
BRDA:3459,305,1,1
BRDA:3461,306,0,0
BRDA:3463,307,0,2
BRDA:3463,308,0,3
BRDA:3463,308,1,2
BRDA:3468,309,0,1
BRDA:3475,310,0,1
BRDA:3475,310,1,0
BRDA:3477,311,0,1
BRDA:3478,312,0,0
BRDA:3478,313,0,1
BRDA:3478,313,1,0
BRDA:3483,314,0,0
BRDA:3500,315,0,2
BRDA:3502,316,0,0
BRDA:3512,317,0,0
BRDA:3521,318,0,0
BRDA:3548,319,0,2
BRDA:3548,319,1,1
BRDA:3548,320,0,2
BRDA:3548,320,1,2
BRDA:3549,321,0,2
BRDA:3549,321,1,1
BRDA:3549,322,0,2
BRDA:3549,322,1,1
BRDA:3571,323,0,0
BRDA:3571,323,1,0
BRDA:3572,324,0,0
BRDA:3586,325,0,0
BRDA:3586,325,1,0
BRDA:3587,326,0,0
BRDA:3587,326,1,0
BRDA:3588,327,0,0
BRDA:3588,328,0,0
BRDA:3588,328,1,0
BRDA:3595,329,0,0
BRDA:3603,330,0,0
BRDA:3603,330,1,0
BRDA:3603,331,0,0
BRDA:3603,331,1,0
BRDA:3608,332,0,0
BRDA:3615,333,0,0
BRDA:3625,334,0,0
BRDA:3637,335,0,0
BRDA:3680,336,0,1
BRDA:3687,337,0,2
BRDA:3687,337,1,1
BRDA:3723,338,0,1
BRDA:3734,339,0,2
BRDA:3734,340,0,4
BRDA:3734,340,1,3
BRDA:3740,341,0,2
BRDA:3740,341,1,1
BRDA:3750,342,0,1
BRDA:3755,343,0,1
BRDA:3775,344,0,3
BRDA:3775,344,1,1
BRDA:3776,345,0,1
BRDA:3787,346,0,0
BRDA:3787,346,1,0
BRDA:3795,347,0,1
BRDA:3830,348,0,3
BRDA:3830,348,1,1
BRDA:3831,349,0,1
BRDA:3879,350,0,1
BRDA:3887,351,0,0
BRDA:3887,352,0,0
BRDA:3887,352,1,0
BRDA:3888,353,0,0
BRDA:3888,353,1,0
BRDA:3889,354,0,0
BRDA:3892,355,0,0
BRDA:3892,355,1,0
BRDA:3900,356,0,2
BRDA:3900,356,1,0
BRDA:3901,357,0,2
BRDA:3901,357,1,0
BRDA:3902,358,0,2
BRDA:3902,358,1,0
BRDA:3903,359,0,0
BRDA:3918,360,0,0
BRDA:3918,360,1,0
BRDA:3950,361,0,0
BRDA:3967,362,0,0
BRDA:3980,363,0,1
BRDA:3980,364,0,2
BRDA:3980,364,1,1
BRDA:3989,365,0,1
BRDA:3989,365,1,0
BRDA:3992,366,0,0
BRDA:3993,367,0,0
BRDA:3993,367,1,0
BRDA:4004,368,0,2
BRDA:4004,369,0,4
BRDA:4004,369,1,2
BRDA:4012,370,0,1
BRDA:4012,370,1,0
BRDA:4022,371,0,1
BRDA:4022,372,0,5
BRDA:4022,372,1,5
BRDA:4022,372,2,4
BRDA:4027,373,0,1
BRDA:4033,374,0,1
BRDA:4042,375,0,1
BRDA:4050,376,0,2
BRDA:4050,376,1,2
BRDA:4051,377,0,2
BRDA:4051,377,1,2
BRDA:4053,378,0,2
BRDA:4053,378,1,0
BRDA:4054,379,0,0
BRDA:4074,380,0,4
BRDA:4074,380,1,4
BRDA:4075,381,0,4
BRDA:4075,381,1,4
BRDA:4080,382,0,1
BRDA:4081,383,0,1
BRDA:4106,384,0,2
BRDA:4106,384,1,1
BRDA:4123,385,0,1
BRDA:4123,385,1,0
BRDA:4124,386,0,1
BRDA:4124,386,1,0
BRDA:4297,387,0,0
BRDA:4310,388,0,0
BRDA:4310,388,1,0
BRDA:4321,389,0,0
BRDA:4345,390,0,0
BRDA:4345,390,1,0
BRDA:4349,391,0,0
BRDA:4349,391,1,0
BRDA:4363,392,0,0
BRDA:4378,393,0,0
BRDA:4401,394,0,0
BRDA:4403,395,0,0
BRDA:4403,395,1,20
BRDA:4409,396,0,2
BRDA:4409,396,1,0
BRDA:4411,397,0,2
BRDA:4411,397,1,2
BRDA:4438,398,0,2
BRDA:4483,399,0,4
BRDA:4483,400,0,28
BRDA:4483,400,1,25
BRDA:4540,401,0,0
BRDA:4540,402,0,0
BRDA:4540,402,1,0
BRDA:4561,403,0,1
BRDA:4565,404,0,1
BRDA:4577,405,0,1
BRDA:4581,406,0,1
BRDA:4583,407,0,1
BRDA:4583,407,1,1
BRDA:4583,408,0,2
BRDA:4583,408,1,1
BRDA:4597,409,0,1
BRDA:4601,410,0,3
BRDA:4601,410,1,2
BRDA:4603,411,0,1
BRDA:4616,412,0,1
BRDA:4621,413,0,1
BRDA:4638,414,0,0
BRDA:4652,415,0,1
BRDA:4669,416,0,1
BRDA:4676,417,0,1
BRDA:4744,418,0,2
BRDA:4744,419,0,4
BRDA:4744,419,1,3
BRDA:4747,420,0,1
BRDA:4747,421,0,2
BRDA:4747,421,1,1
BRDA:4752,422,0,1
BRDA:4752,422,1,0
BRDA:4753,423,0,1
BRDA:4753,423,1,0
BRDA:4753,424,0,0
BRDA:4753,424,1,1
BRDA:4760,425,0,1
BRDA:4766,426,0,1
BRDA:4766,426,1,0
BRDA:4766,427,0,1
BRDA:4766,427,1,0
BRDA:4774,428,0,1
BRDA:4774,428,1,0
BRDA:4774,429,0,1
BRDA:4774,429,1,1
BRDA:4774,430,0,1
BRDA:4774,430,1,0
BRDA:4774,431,0,1
BRDA:4774,431,1,0
BRDA:4774,432,0,1
BRDA:4774,432,1,1
BRDA:4788,433,0,1
BRDA:4788,433,1,0
BRDA:4807,434,0,1
BRDA:4831,435,0,1
BRDA:4831,436,0,4
BRDA:4831,436,1,4
BRDA:4831,436,2,4
BRDA:4831,436,3,3
BRDA:4831,436,4,3
BRDA:4834,437,0,0
BRDA:4847,438,0,1
BRDA:4857,439,0,1
BRDA:4871,440,0,1
BRDA:4871,440,1,0
BRDA:4880,441,0,0
BRDA:4880,441,1,0
BRDA:4884,442,0,0
BRDA:4884,442,1,0
BRDA:4893,443,0,1
BRDA:4893,443,1,0
BRDA:4928,444,0,0
BRDA:4928,445,0,0
BRDA:4928,445,1,0
BRDA:4935,446,0,0
BRDA:4963,447,0,0
BRDA:4963,448,0,0
BRDA:4963,448,1,0
BRDA:4963,448,2,0
BRDA:4963,448,3,0
BRDA:4963,448,4,0
BRDA:4966,449,0,0
BRDA:4972,450,0,0
BRDA:4972,451,0,0
BRDA:4972,451,1,0
BRDA:4974,452,0,0
BRDA:4974,453,0,0
BRDA:4974,453,1,0
BRDA:4974,453,2,0
BRDA:4974,453,3,0
BRDA:4977,454,0,0
BRDA:4986,455,0,0
BRDA:4989,456,0,0
BRDA:4989,456,1,0
BRDA:4993,457,0,0
BRDA:4993,458,0,0
BRDA:4993,458,1,0
BRDA:4993,458,2,0
BRDA:5010,459,0,0
BRDA:5020,460,0,0
BRDA:5035,461,0,0
BRDA:5050,462,0,0
BRDA:5050,462,1,0
BRDA:5065,463,0,0
BRDA:5065,463,1,0
BRDA:5084,464,0,0
BRDA:5091,465,0,0
BRDA:5134,466,0,0
BRDA:5134,467,0,16
BRDA:5134,467,1,16
BRDA:5134,467,2,16
BRDA:5135,468,0,0
BRDA:5135,468,1,0
BRF:699
BRH:365
end_of_record
TN:
SF:src\swagger.ts
FNF:0
FNH:0
DA:1,16
DA:3,16
DA:1608,16
LF:3
LH:3
BRF:0
BRH:0
end_of_record
